2025-02-03 17:11:08.348 -05:00 [WRN] Sensitive data logging is enabled. Log entries and exception messages may include sensitive application data; this mode should only be enabled during development.
2025-02-03 17:11:12.523 -05:00 [INF] Executed DbCommand (44ms) [Parameters=[], CommandType='"Text"', CommandTimeout='30']
SELECT 1
2025-02-03 17:11:12.590 -05:00 [INF] Executed DbCommand (28ms) [Parameters=[], CommandType='"Text"', CommandTimeout='30']
SELECT OBJECT_ID(N'[__EFMigrationsHistory]');
2025-02-03 17:11:12.639 -05:00 [INF] Executed DbCommand (5ms) [Parameters=[], CommandType='"Text"', CommandTimeout='30']
SELECT [MigrationId], [ProductVersion]
FROM [__EFMigrationsHistory]
ORDER BY [MigrationId];
2025-02-03 18:36:37.696 -05:00 [INF] User profile is available. Using 'C:\Users\HP\AppData\Local\ASP.NET\DataProtection-Keys' as key repository and Windows DPAPI to encrypt keys at rest.
2025-02-03 18:36:38.323 -05:00 [INF] Now listening on: https://localhost:7195
2025-02-03 18:36:38.341 -05:00 [INF] Now listening on: http://localhost:5121
2025-02-03 18:36:38.367 -05:00 [INF] Application started. Press Ctrl+C to shut down.
2025-02-03 18:36:38.372 -05:00 [INF] Hosting environment: Development
2025-02-03 18:36:38.375 -05:00 [INF] Content root path: C:\Users\HP\Desktop\projet\asp.net.mvc6\gestion_employeV2\ApiProjetVersion3
2025-02-03 18:36:39.579 -05:00 [INF] Request starting HTTP/2 GET https://localhost:7195/swagger - null null
2025-02-03 18:36:40.864 -05:00 [INF] Request finished HTTP/2 GET https://localhost:7195/swagger - 302 0 null 1291.3643ms
2025-02-03 18:36:40.958 -05:00 [INF] Request starting HTTP/2 GET https://localhost:7195/swagger/index.html - null null
2025-02-03 18:36:41.683 -05:00 [INF] Request finished HTTP/2 GET https://localhost:7195/swagger/index.html - 200 null text/html; charset=utf-8 725.1799ms
2025-02-03 18:36:41.984 -05:00 [INF] Request starting HTTP/2 GET https://localhost:7195/_framework/aspnetcore-browser-refresh.js - null null
2025-02-03 18:36:42.050 -05:00 [INF] Request starting HTTP/2 GET https://localhost:7195/_vs/browserLink - null null
2025-02-03 18:36:42.078 -05:00 [INF] Request finished HTTP/2 GET https://localhost:7195/_framework/aspnetcore-browser-refresh.js - 200 13770 application/javascript; charset=utf-8 94.0663ms
2025-02-03 18:36:42.154 -05:00 [INF] Request finished HTTP/2 GET https://localhost:7195/_vs/browserLink - 200 null text/javascript; charset=UTF-8 104.4193ms
2025-02-03 18:36:43.271 -05:00 [INF] Request starting HTTP/2 GET https://localhost:7195/swagger/SmartEmployeBy Tresor_Ngola_v1/swagger.json - null null
2025-02-03 18:36:45.298 -05:00 [INF] Request finished HTTP/2 GET https://localhost:7195/swagger/SmartEmployeBy Tresor_Ngola_v1/swagger.json - 200 null application/json; charset=utf-8 2026.1577ms
2025-02-03 18:37:25.414 -05:00 [INF] Request starting HTTP/2 GET https://localhost:7195/api/Regions/3 - null null
2025-02-03 18:37:25.682 -05:00 [INF] Executing endpoint 'ApiProjetVersion3.Controllers.EmployesController.Getregion (ApiProjetVersion3)'
2025-02-03 18:37:25.736 -05:00 [INF] Route matched with {action = "Getregion", controller = "Employes"}. Executing controller action with signature System.Threading.Tasks.Task`1[Microsoft.AspNetCore.Mvc.ActionResult`1[ApiProjetVersion3.Entities.Employe]] Getregion(Int32) on controller ApiProjetVersion3.Controllers.EmployesController (ApiProjetVersion3).
2025-02-03 18:37:26.829 -05:00 [WRN] Sensitive data logging is enabled. Log entries and exception messages may include sensitive application data; this mode should only be enabled during development.
2025-02-03 18:37:28.147 -05:00 [INF] Executed DbCommand (71ms) [Parameters=[@__id_0='3'], CommandType='"Text"', CommandTimeout='30']
SELECT [r0].[Id], [r0].[Nom], [t].[Id], [t].[IdRegion], [t].[Nom]
FROM (
    SELECT TOP(1) [r].[Id], [r].[Nom]
    FROM [Regions] AS [r]
    WHERE [r].[Id] = @__id_0
) AS [r0]
LEFT JOIN [Territoires] AS [t] ON [r0].[Id] = [t].[IdRegion]
ORDER BY [r0].[Id]
2025-02-03 18:37:28.213 -05:00 [INF] Executing OkObjectResult, writing value of type 'ApiProjetVersion3.Entities.Region'.
2025-02-03 18:37:28.307 -05:00 [INF] Executed action ApiProjetVersion3.Controllers.EmployesController.Getregion (ApiProjetVersion3) in 2559.998ms
2025-02-03 18:37:28.310 -05:00 [INF] Executed endpoint 'ApiProjetVersion3.Controllers.EmployesController.Getregion (ApiProjetVersion3)'
2025-02-03 18:37:28.324 -05:00 [INF] Request finished HTTP/2 GET https://localhost:7195/api/Regions/3 - 200 null application/json; charset=utf-8 2909.8566ms
2025-02-03 18:46:56.493 -05:00 [INF] User profile is available. Using 'C:\Users\HP\AppData\Local\ASP.NET\DataProtection-Keys' as key repository and Windows DPAPI to encrypt keys at rest.
2025-02-03 18:46:58.076 -05:00 [INF] Now listening on: https://localhost:7195
2025-02-03 18:46:58.089 -05:00 [INF] Now listening on: http://localhost:5121
2025-02-03 18:46:58.106 -05:00 [INF] Application started. Press Ctrl+C to shut down.
2025-02-03 18:46:58.109 -05:00 [INF] Hosting environment: Development
2025-02-03 18:46:58.116 -05:00 [INF] Content root path: C:\Users\HP\Desktop\projet\asp.net.mvc6\gestion_employeV2\ApiProjetVersion3
2025-02-03 18:46:59.550 -05:00 [INF] Request starting HTTP/2 GET https://localhost:7195/swagger - null null
2025-02-03 18:47:00.316 -05:00 [INF] Request finished HTTP/2 GET https://localhost:7195/swagger - 302 0 null 774.7436ms
2025-02-03 18:47:00.337 -05:00 [INF] Request starting HTTP/2 GET https://localhost:7195/swagger/index.html - null null
2025-02-03 18:47:01.238 -05:00 [INF] Request finished HTTP/2 GET https://localhost:7195/swagger/index.html - 200 null text/html; charset=utf-8 898.0379ms
2025-02-03 18:47:02.192 -05:00 [INF] Request starting HTTP/2 GET https://localhost:7195/_framework/aspnetcore-browser-refresh.js - null null
2025-02-03 18:47:02.219 -05:00 [INF] Request finished HTTP/2 GET https://localhost:7195/_framework/aspnetcore-browser-refresh.js - 200 13770 application/javascript; charset=utf-8 27.3851ms
2025-02-03 18:47:02.223 -05:00 [INF] Request starting HTTP/2 GET https://localhost:7195/_vs/browserLink - null null
2025-02-03 18:47:02.304 -05:00 [INF] Request finished HTTP/2 GET https://localhost:7195/_vs/browserLink - 200 null text/javascript; charset=UTF-8 80.946ms
2025-02-03 18:47:03.002 -05:00 [INF] Request starting HTTP/2 GET https://localhost:7195/swagger/SmartEmployeBy Tresor_Ngola_v1/swagger.json - null null
2025-02-03 18:47:04.284 -05:00 [INF] Request finished HTTP/2 GET https://localhost:7195/swagger/SmartEmployeBy Tresor_Ngola_v1/swagger.json - 200 null application/json; charset=utf-8 1281.4743ms
2025-02-03 18:47:11.406 -05:00 [INF] Request starting HTTP/2 GET https://localhost:7195/api/Employes/4 - null null
2025-02-03 18:47:11.949 -05:00 [INF] Executing endpoint 'ApiProjetVersion3.Controllers.EmployesController.GetEmploye (ApiProjetVersion3)'
2025-02-03 18:47:11.992 -05:00 [INF] Route matched with {action = "GetEmploye", controller = "Employes"}. Executing controller action with signature System.Threading.Tasks.Task`1[Microsoft.AspNetCore.Mvc.ActionResult`1[ApiProjetVersion3.Entities.Employe]] GetEmploye(Int32) on controller ApiProjetVersion3.Controllers.EmployesController (ApiProjetVersion3).
2025-02-03 18:47:13.253 -05:00 [WRN] Sensitive data logging is enabled. Log entries and exception messages may include sensitive application data; this mode should only be enabled during development.
2025-02-03 18:47:14.825 -05:00 [INF] Executed DbCommand (107ms) [Parameters=[@__id_0='4'], CommandType='"Text"', CommandTimeout='30']
SELECT [s].[Id], [s].[Civilite], [s].[DateEmbauche], [s].[DateNaissance], [s].[Fonction], [s].[IdAdresse], [s].[IdManager], [s].[Nom], [s].[Notes], [s].[Photo], [s].[Prenom], [s].[Id0], [s].[CodePostal], [s].[Pays], [s].[Region], [s].[Rue], [s].[Tel], [s].[Ville], [s0].[Id], [s0].[IdRegion], [s0].[Nom], [s0].[Id0], [s0].[Nom0], [s0].[IdEmploye], [s0].[IdTerritoire]
FROM (
    SELECT TOP(1) [e].[Id], [e].[Civilite], [e].[DateEmbauche], [e].[DateNaissance], [e].[Fonction], [e].[IdAdresse], [e].[IdManager], [e].[Nom], [e].[Notes], [e].[Photo], [e].[Prenom], [a].[Id] AS [Id0], [a].[CodePostal], [a].[Pays], [a].[Region], [a].[Rue], [a].[Tel], [a].[Ville]
    FROM [Employes] AS [e]
    INNER JOIN [Adresses] AS [a] ON [e].[IdAdresse] = [a].[Id]
    WHERE [e].[Id] = @__id_0
) AS [s]
LEFT JOIN (
    SELECT [t].[Id], [t].[IdRegion], [t].[Nom], [r].[Id] AS [Id0], [r].[Nom] AS [Nom0], [a0].[IdEmploye], [a0].[IdTerritoire]
    FROM [Affectations] AS [a0]
    INNER JOIN [Territoires] AS [t] ON [a0].[IdTerritoire] = [t].[Id]
    INNER JOIN [Regions] AS [r] ON [t].[IdRegion] = [r].[Id]
) AS [s0] ON [s].[Id] = [s0].[IdEmploye]
ORDER BY [s].[Id], [s].[Id0], [s0].[IdEmploye], [s0].[IdTerritoire], [s0].[Id]
2025-02-03 18:47:14.915 -05:00 [INF] Executing OkObjectResult, writing value of type 'ApiProjetVersion3.Entities.Employe'.
2025-02-03 18:47:15.020 -05:00 [INF] Executed action ApiProjetVersion3.Controllers.EmployesController.GetEmploye (ApiProjetVersion3) in 3018.1829ms
2025-02-03 18:47:15.024 -05:00 [INF] Executed endpoint 'ApiProjetVersion3.Controllers.EmployesController.GetEmploye (ApiProjetVersion3)'
2025-02-03 18:47:15.041 -05:00 [INF] Request finished HTTP/2 GET https://localhost:7195/api/Employes/4 - 200 null application/json; charset=utf-8 3634.9797ms
2025-02-03 18:48:01.311 -05:00 [INF] Request starting HTTP/2 GET https://localhost:7195/api/Employes/4 - null null
2025-02-03 18:48:01.326 -05:00 [INF] Executing endpoint 'ApiProjetVersion3.Controllers.EmployesController.GetEmploye (ApiProjetVersion3)'
2025-02-03 18:48:01.329 -05:00 [INF] Route matched with {action = "GetEmploye", controller = "Employes"}. Executing controller action with signature System.Threading.Tasks.Task`1[Microsoft.AspNetCore.Mvc.ActionResult`1[ApiProjetVersion3.Entities.Employe]] GetEmploye(Int32) on controller ApiProjetVersion3.Controllers.EmployesController (ApiProjetVersion3).
2025-02-03 18:48:01.397 -05:00 [INF] Executed DbCommand (20ms) [Parameters=[@__id_0='4'], CommandType='"Text"', CommandTimeout='30']
SELECT [s].[Id], [s].[Civilite], [s].[DateEmbauche], [s].[DateNaissance], [s].[Fonction], [s].[IdAdresse], [s].[IdManager], [s].[Nom], [s].[Notes], [s].[Photo], [s].[Prenom], [s].[Id0], [s].[CodePostal], [s].[Pays], [s].[Region], [s].[Rue], [s].[Tel], [s].[Ville], [s0].[Id], [s0].[IdRegion], [s0].[Nom], [s0].[Id0], [s0].[Nom0], [s0].[IdEmploye], [s0].[IdTerritoire]
FROM (
    SELECT TOP(1) [e].[Id], [e].[Civilite], [e].[DateEmbauche], [e].[DateNaissance], [e].[Fonction], [e].[IdAdresse], [e].[IdManager], [e].[Nom], [e].[Notes], [e].[Photo], [e].[Prenom], [a].[Id] AS [Id0], [a].[CodePostal], [a].[Pays], [a].[Region], [a].[Rue], [a].[Tel], [a].[Ville]
    FROM [Employes] AS [e]
    INNER JOIN [Adresses] AS [a] ON [e].[IdAdresse] = [a].[Id]
    WHERE [e].[Id] = @__id_0
) AS [s]
LEFT JOIN (
    SELECT [t].[Id], [t].[IdRegion], [t].[Nom], [r].[Id] AS [Id0], [r].[Nom] AS [Nom0], [a0].[IdEmploye], [a0].[IdTerritoire]
    FROM [Affectations] AS [a0]
    INNER JOIN [Territoires] AS [t] ON [a0].[IdTerritoire] = [t].[Id]
    INNER JOIN [Regions] AS [r] ON [t].[IdRegion] = [r].[Id]
) AS [s0] ON [s].[Id] = [s0].[IdEmploye]
ORDER BY [s].[Id], [s].[Id0], [s0].[IdEmploye], [s0].[IdTerritoire], [s0].[Id]
2025-02-03 18:48:01.407 -05:00 [INF] Executing OkObjectResult, writing value of type 'ApiProjetVersion3.Entities.Employe'.
2025-02-03 18:48:01.410 -05:00 [INF] Executed action ApiProjetVersion3.Controllers.EmployesController.GetEmploye (ApiProjetVersion3) in 78.8742ms
2025-02-03 18:48:01.414 -05:00 [INF] Executed endpoint 'ApiProjetVersion3.Controllers.EmployesController.GetEmploye (ApiProjetVersion3)'
2025-02-03 18:48:01.418 -05:00 [INF] Request finished HTTP/2 GET https://localhost:7195/api/Employes/4 - 200 null application/json; charset=utf-8 106.4386ms
2025-02-03 18:48:57.067 -05:00 [INF] Request starting HTTP/2 GET https://localhost:7195/swagger/index.html - null null
2025-02-03 18:48:57.094 -05:00 [INF] Request finished HTTP/2 GET https://localhost:7195/swagger/index.html - 200 null text/html; charset=utf-8 27.8006ms
2025-02-03 18:48:57.188 -05:00 [INF] Request starting HTTP/2 GET https://localhost:7195/_vs/browserLink - null null
2025-02-03 18:48:57.196 -05:00 [INF] Request starting HTTP/2 GET https://localhost:7195/_framework/aspnetcore-browser-refresh.js - null null
2025-02-03 18:48:57.228 -05:00 [INF] Request finished HTTP/2 GET https://localhost:7195/_vs/browserLink - 200 null text/javascript; charset=UTF-8 40.2678ms
2025-02-03 18:48:57.243 -05:00 [INF] Request finished HTTP/2 GET https://localhost:7195/_framework/aspnetcore-browser-refresh.js - 200 13770 application/javascript; charset=utf-8 46.1428ms
2025-02-03 18:48:57.891 -05:00 [INF] Request starting HTTP/2 GET https://localhost:7195/swagger/SmartEmployeBy Tresor_Ngola_v1/swagger.json - null null
2025-02-03 18:48:58.153 -05:00 [INF] Request finished HTTP/2 GET https://localhost:7195/swagger/SmartEmployeBy Tresor_Ngola_v1/swagger.json - 200 null application/json; charset=utf-8 261.5895ms
2025-02-03 18:50:26.218 -05:00 [INF] Request starting HTTP/2 GET https://localhost:7195/swagger/index.html - null null
2025-02-03 18:50:26.261 -05:00 [INF] Request finished HTTP/2 GET https://localhost:7195/swagger/index.html - 200 null text/html; charset=utf-8 43.4012ms
2025-02-03 18:50:26.320 -05:00 [INF] Request starting HTTP/2 GET https://localhost:7195/_vs/browserLink - null null
2025-02-03 18:50:26.320 -05:00 [INF] Request starting HTTP/2 GET https://localhost:7195/_framework/aspnetcore-browser-refresh.js - null null
2025-02-03 18:50:26.363 -05:00 [INF] Request finished HTTP/2 GET https://localhost:7195/_vs/browserLink - 200 null text/javascript; charset=UTF-8 43.5342ms
2025-02-03 18:50:26.760 -05:00 [INF] Request finished HTTP/2 GET https://localhost:7195/_framework/aspnetcore-browser-refresh.js - 200 13770 application/javascript; charset=utf-8 439.601ms
2025-02-03 18:50:27.230 -05:00 [INF] Request starting HTTP/2 GET https://localhost:7195/swagger/SmartEmployeBy Tresor_Ngola_v1/swagger.json - null null
2025-02-03 18:50:27.326 -05:00 [INF] Request finished HTTP/2 GET https://localhost:7195/swagger/SmartEmployeBy Tresor_Ngola_v1/swagger.json - 200 null application/json; charset=utf-8 95.5934ms
2025-02-03 18:51:32.864 -05:00 [INF] Request starting HTTP/2 GET https://localhost:7195/api/Employes/4 - null null
2025-02-03 18:51:32.873 -05:00 [INF] Executing endpoint 'ApiProjetVersion3.Controllers.EmployesController.GetEmploye (ApiProjetVersion3)'
2025-02-03 18:51:32.888 -05:00 [INF] Route matched with {action = "GetEmploye", controller = "Employes"}. Executing controller action with signature System.Threading.Tasks.Task`1[Microsoft.AspNetCore.Mvc.ActionResult`1[ApiProjetVersion3.Entities.Employe]] GetEmploye(Int32) on controller ApiProjetVersion3.Controllers.EmployesController (ApiProjetVersion3).
2025-02-03 18:51:33.002 -05:00 [INF] Executed DbCommand (10ms) [Parameters=[@__id_0='4'], CommandType='"Text"', CommandTimeout='30']
SELECT [s].[Id], [s].[Civilite], [s].[DateEmbauche], [s].[DateNaissance], [s].[Fonction], [s].[IdAdresse], [s].[IdManager], [s].[Nom], [s].[Notes], [s].[Photo], [s].[Prenom], [s].[Id0], [s].[CodePostal], [s].[Pays], [s].[Region], [s].[Rue], [s].[Tel], [s].[Ville], [s0].[Id], [s0].[IdRegion], [s0].[Nom], [s0].[Id0], [s0].[Nom0], [s0].[IdEmploye], [s0].[IdTerritoire]
FROM (
    SELECT TOP(1) [e].[Id], [e].[Civilite], [e].[DateEmbauche], [e].[DateNaissance], [e].[Fonction], [e].[IdAdresse], [e].[IdManager], [e].[Nom], [e].[Notes], [e].[Photo], [e].[Prenom], [a].[Id] AS [Id0], [a].[CodePostal], [a].[Pays], [a].[Region], [a].[Rue], [a].[Tel], [a].[Ville]
    FROM [Employes] AS [e]
    INNER JOIN [Adresses] AS [a] ON [e].[IdAdresse] = [a].[Id]
    WHERE [e].[Id] = @__id_0
) AS [s]
LEFT JOIN (
    SELECT [t].[Id], [t].[IdRegion], [t].[Nom], [r].[Id] AS [Id0], [r].[Nom] AS [Nom0], [a0].[IdEmploye], [a0].[IdTerritoire]
    FROM [Affectations] AS [a0]
    INNER JOIN [Territoires] AS [t] ON [a0].[IdTerritoire] = [t].[Id]
    INNER JOIN [Regions] AS [r] ON [t].[IdRegion] = [r].[Id]
) AS [s0] ON [s].[Id] = [s0].[IdEmploye]
ORDER BY [s].[Id], [s].[Id0], [s0].[IdEmploye], [s0].[IdTerritoire], [s0].[Id]
2025-02-03 18:51:33.009 -05:00 [INF] Executing OkObjectResult, writing value of type 'ApiProjetVersion3.Entities.Employe'.
2025-02-03 18:51:33.020 -05:00 [INF] Executed action ApiProjetVersion3.Controllers.EmployesController.GetEmploye (ApiProjetVersion3) in 129.5241ms
2025-02-03 18:51:33.022 -05:00 [INF] Executed endpoint 'ApiProjetVersion3.Controllers.EmployesController.GetEmploye (ApiProjetVersion3)'
2025-02-03 18:51:33.025 -05:00 [INF] Request finished HTTP/2 GET https://localhost:7195/api/Employes/4 - 200 null application/json; charset=utf-8 160.7458ms
2025-02-03 19:09:06.484 -05:00 [INF] User profile is available. Using 'C:\Users\HP\AppData\Local\ASP.NET\DataProtection-Keys' as key repository and Windows DPAPI to encrypt keys at rest.
2025-02-03 19:09:07.000 -05:00 [INF] Now listening on: https://localhost:7195
2025-02-03 19:09:07.013 -05:00 [INF] Now listening on: http://localhost:5121
2025-02-03 19:09:07.026 -05:00 [INF] Application started. Press Ctrl+C to shut down.
2025-02-03 19:09:07.031 -05:00 [INF] Hosting environment: Development
2025-02-03 19:09:07.034 -05:00 [INF] Content root path: C:\Users\HP\Desktop\projet\asp.net.mvc6\gestion_employeV2\ApiProjetVersion3
2025-02-03 19:09:07.613 -05:00 [INF] Request starting HTTP/2 GET https://localhost:7195/swagger - null null
2025-02-03 19:09:07.928 -05:00 [INF] Request finished HTTP/2 GET https://localhost:7195/swagger - 302 0 null 320.9911ms
2025-02-03 19:09:07.966 -05:00 [INF] Request starting HTTP/2 GET https://localhost:7195/swagger/index.html - null null
2025-02-03 19:09:08.402 -05:00 [INF] Request finished HTTP/2 GET https://localhost:7195/swagger/index.html - 200 null text/html; charset=utf-8 435.882ms
2025-02-03 19:09:09.648 -05:00 [INF] Request starting HTTP/2 GET https://localhost:7195/_framework/aspnetcore-browser-refresh.js - null null
2025-02-03 19:09:09.784 -05:00 [INF] Request finished HTTP/2 GET https://localhost:7195/_framework/aspnetcore-browser-refresh.js - 200 13770 application/javascript; charset=utf-8 138.6641ms
2025-02-03 19:09:09.811 -05:00 [INF] Request starting HTTP/2 GET https://localhost:7195/_vs/browserLink - null null
2025-02-03 19:09:09.889 -05:00 [INF] Request finished HTTP/2 GET https://localhost:7195/_vs/browserLink - 200 null text/javascript; charset=UTF-8 77.1989ms
2025-02-03 19:09:10.916 -05:00 [INF] Request starting HTTP/2 GET https://localhost:7195/swagger/SmartEmployeBy Tresor_Ngola_v1/swagger.json - null null
2025-02-03 19:09:12.035 -05:00 [INF] Request finished HTTP/2 GET https://localhost:7195/swagger/SmartEmployeBy Tresor_Ngola_v1/swagger.json - 200 null application/json; charset=utf-8 1119.3544ms
2025-02-03 19:09:41.624 -05:00 [INF] Request starting HTTP/2 GET https://localhost:7195/api/Employes/4 - null null
2025-02-03 19:09:42.067 -05:00 [INF] Executing endpoint 'ApiProjetVersion3.Controllers.EmployesController.GetEmploye (ApiProjetVersion3)'
2025-02-03 19:09:42.114 -05:00 [INF] Route matched with {action = "GetEmploye", controller = "Employes"}. Executing controller action with signature System.Threading.Tasks.Task`1[Microsoft.AspNetCore.Mvc.ActionResult`1[ApiProjetVersion3.Entities.Employe]] GetEmploye(Int32) on controller ApiProjetVersion3.Controllers.EmployesController (ApiProjetVersion3).
2025-02-03 19:09:43.379 -05:00 [WRN] Sensitive data logging is enabled. Log entries and exception messages may include sensitive application data; this mode should only be enabled during development.
2025-02-03 19:09:44.894 -05:00 [INF] Executed DbCommand (85ms) [Parameters=[@__id_0='4'], CommandType='"Text"', CommandTimeout='30']
SELECT [s].[Id], [s].[Civilite], [s].[DateEmbauche], [s].[DateNaissance], [s].[Fonction], [s].[IdAdresse], [s].[IdManager], [s].[Nom], [s].[Notes], [s].[Photo], [s].[Prenom], [s].[Id0], [s].[CodePostal], [s].[Pays], [s].[Region], [s].[Rue], [s].[Tel], [s].[Ville], [s0].[Id], [s0].[IdRegion], [s0].[Nom], [s0].[Id0], [s0].[Nom0], [s0].[IdEmploye], [s0].[IdTerritoire]
FROM (
    SELECT TOP(1) [e].[Id], [e].[Civilite], [e].[DateEmbauche], [e].[DateNaissance], [e].[Fonction], [e].[IdAdresse], [e].[IdManager], [e].[Nom], [e].[Notes], [e].[Photo], [e].[Prenom], [a].[Id] AS [Id0], [a].[CodePostal], [a].[Pays], [a].[Region], [a].[Rue], [a].[Tel], [a].[Ville]
    FROM [Employes] AS [e]
    INNER JOIN [Adresses] AS [a] ON [e].[IdAdresse] = [a].[Id]
    WHERE [e].[Id] = @__id_0
) AS [s]
LEFT JOIN (
    SELECT [t].[Id], [t].[IdRegion], [t].[Nom], [r].[Id] AS [Id0], [r].[Nom] AS [Nom0], [a0].[IdEmploye], [a0].[IdTerritoire]
    FROM [Affectations] AS [a0]
    INNER JOIN [Territoires] AS [t] ON [a0].[IdTerritoire] = [t].[Id]
    INNER JOIN [Regions] AS [r] ON [t].[IdRegion] = [r].[Id]
) AS [s0] ON [s].[Id] = [s0].[IdEmploye]
ORDER BY [s].[Id], [s].[Id0], [s0].[IdEmploye], [s0].[IdTerritoire], [s0].[Id]
2025-02-03 19:09:44.963 -05:00 [INF] Executing OkObjectResult, writing value of type 'ApiProjetVersion3.Entities.Employe'.
2025-02-03 19:09:45.064 -05:00 [INF] Executed action ApiProjetVersion3.Controllers.EmployesController.GetEmploye (ApiProjetVersion3) in 2942.7122ms
2025-02-03 19:09:45.069 -05:00 [INF] Executed endpoint 'ApiProjetVersion3.Controllers.EmployesController.GetEmploye (ApiProjetVersion3)'
2025-02-03 19:09:45.080 -05:00 [INF] Request finished HTTP/2 GET https://localhost:7195/api/Employes/4 - 200 null application/json; charset=utf-8 3455.2641ms
2025-02-03 19:10:14.592 -05:00 [INF] Request starting HTTP/2 GET https://localhost:7195/_framework/aspnetcore-browser-refresh.js - null null
2025-02-03 19:10:14.599 -05:00 [INF] Request finished HTTP/2 GET https://localhost:7195/_framework/aspnetcore-browser-refresh.js - 200 13770 application/javascript; charset=utf-8 6.4032ms
2025-02-03 19:10:14.858 -05:00 [INF] Request starting HTTP/2 GET https://localhost:7195/swagger/SmartEmployeBy Tresor_Ngola_v1/swagger.json - null null
2025-02-03 19:10:14.867 -05:00 [INF] Request finished HTTP/2 GET https://localhost:7195/swagger/SmartEmployeBy Tresor_Ngola_v1/swagger.json - 200 null application/json; charset=utf-8 9.1859ms
2025-02-03 19:10:45.133 -05:00 [INF] Request starting HTTP/2 GET https://localhost:7195/swagger/index.html - null null
2025-02-03 19:10:45.151 -05:00 [INF] Request finished HTTP/2 GET https://localhost:7195/swagger/index.html - 200 null text/html; charset=utf-8 17.5478ms
2025-02-03 19:10:45.189 -05:00 [INF] Request starting HTTP/2 GET https://localhost:7195/_framework/aspnetcore-browser-refresh.js - null null
2025-02-03 19:10:45.190 -05:00 [INF] Request starting HTTP/2 GET https://localhost:7195/_vs/browserLink - null null
2025-02-03 19:10:45.198 -05:00 [INF] Request finished HTTP/2 GET https://localhost:7195/_framework/aspnetcore-browser-refresh.js - 200 13770 application/javascript; charset=utf-8 8.3395ms
2025-02-03 19:10:45.225 -05:00 [INF] Request finished HTTP/2 GET https://localhost:7195/_vs/browserLink - 200 null text/javascript; charset=UTF-8 34.8244ms
2025-02-03 19:10:45.349 -05:00 [INF] Request starting HTTP/2 GET https://localhost:7195/swagger/SmartEmployeBy Tresor_Ngola_v1/swagger.json - null null
2025-02-03 19:10:45.516 -05:00 [INF] Request finished HTTP/2 GET https://localhost:7195/swagger/SmartEmployeBy Tresor_Ngola_v1/swagger.json - 200 null application/json; charset=utf-8 166.8469ms
2025-02-03 19:12:06.369 -05:00 [INF] Request starting HTTP/2 GET https://localhost:7195/api/Employes - null null
2025-02-03 19:12:06.383 -05:00 [INF] Executing endpoint 'ApiProjetVersion3.Controllers.EmployesController.GetEmployes (ApiProjetVersion3)'
2025-02-03 19:12:06.394 -05:00 [INF] Route matched with {action = "GetEmployes", controller = "Employes"}. Executing controller action with signature System.Threading.Tasks.Task`1[Microsoft.AspNetCore.Mvc.ActionResult`1[System.Collections.Generic.IEnumerable`1[ApiProjetVersion3.Entities.Employe]]] GetEmployes(System.String, System.Nullable`1[System.DateTime]) on controller ApiProjetVersion3.Controllers.EmployesController (ApiProjetVersion3).
2025-02-03 19:12:06.516 -05:00 [INF] Executed DbCommand (37ms) [Parameters=[], CommandType='"Text"', CommandTimeout='30']
SELECT [e].[Id], [e].[Civilite], [e].[Nom], [e].[Prenom], [e].[Fonction], [e].[DateEmbauche], [a].[Id], [a].[CodePostal], [a].[Pays], [a].[Region], [a].[Rue], [a].[Tel], [a].[Ville], [s].[Id], [s].[IdRegion], [s].[Nom], [s].[IdEmploye], [s].[IdTerritoire]
FROM [Employes] AS [e]
INNER JOIN [Adresses] AS [a] ON [e].[IdAdresse] = [a].[Id]
LEFT JOIN (
    SELECT [t].[Id], [t].[IdRegion], [t].[Nom], [a0].[IdEmploye], [a0].[IdTerritoire]
    FROM [Affectations] AS [a0]
    INNER JOIN [Territoires] AS [t] ON [a0].[IdTerritoire] = [t].[Id]
) AS [s] ON [e].[Id] = [s].[IdEmploye]
ORDER BY [e].[Nom], [e].[Prenom], [e].[Id], [a].[Id], [s].[IdEmploye], [s].[IdTerritoire]
2025-02-03 19:12:06.532 -05:00 [INF] Executing OkObjectResult, writing value of type 'System.Collections.Generic.List`1[[ApiProjetVersion3.Entities.Employe, ApiProjetVersion3, Version=1.0.0.0, Culture=neutral, PublicKeyToken=null]]'.
2025-02-03 19:12:06.558 -05:00 [INF] Executed action ApiProjetVersion3.Controllers.EmployesController.GetEmployes (ApiProjetVersion3) in 160.7052ms
2025-02-03 19:12:06.560 -05:00 [INF] Executed endpoint 'ApiProjetVersion3.Controllers.EmployesController.GetEmployes (ApiProjetVersion3)'
2025-02-03 19:12:06.562 -05:00 [INF] Request finished HTTP/2 GET https://localhost:7195/api/Employes - 200 null application/json; charset=utf-8 192.3239ms
