2025-02-03 17:10:37.261 -05:00 [WRN] Sensitive data logging is enabled. Log entries and exception messages may include sensitive application data; this mode should only be enabled during development.
2025-02-03 17:10:39.046 -05:00 [INF] Executed DbCommand (44ms) [Parameters=[], CommandType='"Text"', CommandTimeout='30']
SELECT 1
2025-02-03 17:10:39.086 -05:00 [INF] Acquiring an exclusive lock for migration application. See https://aka.ms/efcore-docs-migrations-lock for more information if this takes too long.
2025-02-03 17:10:39.186 -05:00 [INF] Executed DbCommand (91ms) [Parameters=[], CommandType='"Text"', CommandTimeout='30']
DECLARE @result int;
EXEC @result = sp_getapplock @Resource = '__EFMigrationsLock', @LockOwner = 'Session', @LockMode = 'Exclusive';
SELECT @result
2025-02-03 17:10:39.378 -05:00 [INF] Executed DbCommand (29ms) [Parameters=[], CommandType='"Text"', CommandTimeout='30']
IF OBJECT_ID(N'[__EFMigrationsHistory]') IS NULL
BEGIN
    CREATE TABLE [__EFMigrationsHistory] (
        [MigrationId] nvarchar(150) NOT NULL,
        [ProductVersion] nvarchar(32) NOT NULL,
        CONSTRAINT [PK___EFMigrationsHistory] PRIMARY KEY ([MigrationId])
    );
END;
2025-02-03 17:10:39.412 -05:00 [INF] Executed DbCommand (2ms) [Parameters=[], CommandType='"Text"', CommandTimeout='30']
SELECT 1
2025-02-03 17:10:39.418 -05:00 [INF] Executed DbCommand (5ms) [Parameters=[], CommandType='"Text"', CommandTimeout='30']
SELECT OBJECT_ID(N'[__EFMigrationsHistory]');
2025-02-03 17:10:39.429 -05:00 [INF] Executed DbCommand (5ms) [Parameters=[], CommandType='"Text"', CommandTimeout='30']
SELECT [MigrationId], [ProductVersion]
FROM [__EFMigrationsHistory]
ORDER BY [MigrationId];
2025-02-03 17:10:39.482 -05:00 [INF] No migrations were applied. The database is already up to date.
2025-02-03 17:10:39.503 -05:00 [INF] Executed DbCommand (7ms) [Parameters=[], CommandType='"Text"', CommandTimeout='30']
DECLARE @result int;
EXEC @result = sp_releaseapplock @Resource = '__EFMigrationsLock', @LockOwner = 'Session';
SELECT @result
2025-02-03 17:11:06.057 -05:00 [INF] User profile is available. Using 'C:\Users\HP\AppData\Local\ASP.NET\DataProtection-Keys' as key repository and Windows DPAPI to encrypt keys at rest.
2025-02-03 17:11:06.958 -05:00 [INF] Now listening on: https://localhost:7195
2025-02-03 17:11:06.976 -05:00 [INF] Now listening on: http://localhost:5121
2025-02-03 17:11:06.988 -05:00 [INF] Application started. Press Ctrl+C to shut down.
2025-02-03 17:11:07.058 -05:00 [INF] Hosting environment: Development
2025-02-03 17:11:07.060 -05:00 [INF] Content root path: C:\Users\HP\Desktop\projet\asp.net.mvc6\gestion_employeV2\ApiProjetVersion3
2025-02-03 17:11:07.359 -05:00 [INF] Request starting HTTP/2 GET https://localhost:7195/swagger/index.html - null null
2025-02-03 17:11:07.952 -05:00 [INF] Request finished HTTP/2 GET https://localhost:7195/swagger/index.html - 200 null text/html; charset=utf-8 599.2439ms
2025-02-03 17:11:07.973 -05:00 [INF] Request starting HTTP/2 GET https://localhost:7195/_framework/aspnetcore-browser-refresh.js - null null
2025-02-03 17:11:07.973 -05:00 [INF] Request starting HTTP/2 GET https://localhost:7195/_vs/browserLink - null null
2025-02-03 17:11:07.992 -05:00 [INF] Request finished HTTP/2 GET https://localhost:7195/_framework/aspnetcore-browser-refresh.js - 200 13770 application/javascript; charset=utf-8 18.7138ms
2025-02-03 17:11:08.053 -05:00 [INF] Request finished HTTP/2 GET https://localhost:7195/_vs/browserLink - 200 null text/javascript; charset=UTF-8 78.9948ms
2025-02-03 17:11:08.161 -05:00 [INF] Request starting HTTP/2 GET https://localhost:7195/swagger/SmartEmployeBy Tresor_Ngola_v1/swagger.json - null null
2025-02-03 17:11:09.455 -05:00 [INF] Request finished HTTP/2 GET https://localhost:7195/swagger/SmartEmployeBy Tresor_Ngola_v1/swagger.json - 200 null application/json; charset=utf-8 1294.4976ms
2025-02-03 17:11:41.062 -05:00 [INF] Request starting HTTP/2 GET https://localhost:7195/api/Employes - null null
2025-02-03 17:11:41.087 -05:00 [INF] Executing endpoint 'ApiProjetVersion3.Controllers.EmployesController.GetEmployes (ApiProjetVersion3)'
2025-02-03 17:11:41.132 -05:00 [INF] Route matched with {action = "GetEmployes", controller = "Employes"}. Executing controller action with signature System.Threading.Tasks.Task`1[Microsoft.AspNetCore.Mvc.ActionResult`1[System.Collections.Generic.IEnumerable`1[ApiProjetVersion3.Entities.Employe]]] GetEmployes(System.String, System.Nullable`1[System.DateTime]) on controller ApiProjetVersion3.Controllers.EmployesController (ApiProjetVersion3).
2025-02-03 17:11:42.350 -05:00 [WRN] Sensitive data logging is enabled. Log entries and exception messages may include sensitive application data; this mode should only be enabled during development.
2025-02-03 17:11:44.073 -05:00 [INF] Executed DbCommand (80ms) [Parameters=[], CommandType='"Text"', CommandTimeout='30']
SELECT [e].[Id], [e].[Civilite], [e].[Nom], [e].[Prenom], [e].[Fonction], [e].[DateEmbauche], [a].[Id], [a].[CodePostal], [a].[Pays], [a].[Region], [a].[Rue], [a].[Tel], [a].[Ville], [s].[Id], [s].[IdRegion], [s].[Nom], [s].[IdEmploye], [s].[IdTerritoire]
FROM [Employes] AS [e]
INNER JOIN [Adresses] AS [a] ON [e].[IdAdresse] = [a].[Id]
LEFT JOIN (
    SELECT [t].[Id], [t].[IdRegion], [t].[Nom], [a0].[IdEmploye], [a0].[IdTerritoire]
    FROM [Affectations] AS [a0]
    INNER JOIN [Territoires] AS [t] ON [a0].[IdTerritoire] = [t].[Id]
) AS [s] ON [e].[Id] = [s].[IdEmploye]
ORDER BY [e].[Nom], [e].[Prenom], [e].[Id], [a].[Id], [s].[IdEmploye], [s].[IdTerritoire]
2025-02-03 17:11:44.176 -05:00 [INF] Executing OkObjectResult, writing value of type 'System.Collections.Generic.List`1[[ApiProjetVersion3.Entities.Employe, ApiProjetVersion3, Version=1.0.0.0, Culture=neutral, PublicKeyToken=null]]'.
2025-02-03 17:11:44.320 -05:00 [INF] Executed action ApiProjetVersion3.Controllers.EmployesController.GetEmployes (ApiProjetVersion3) in 3177.7715ms
2025-02-03 17:11:44.324 -05:00 [INF] Executed endpoint 'ApiProjetVersion3.Controllers.EmployesController.GetEmployes (ApiProjetVersion3)'
2025-02-03 17:11:44.340 -05:00 [INF] Request finished HTTP/2 GET https://localhost:7195/api/Employes - 200 null application/json; charset=utf-8 3278.7546ms
