2025-01-17 12:45:44.539 -05:00  INF  Now listening on: https://localhost:7195
2025-01-17 12:45:44.587 -05:00  INF  Now listening on: http://localhost:5121
2025-01-17 12:45:44.592 -05:00  INF  Application started. Press Ctrl+C to shut down.
2025-01-17 12:45:44.594 -05:00  INF  Hosting environment: Development
2025-01-17 12:45:44.595 -05:00  INF  Content root path: C:\Users\HP\Desktop\dyma\asp_dot_net_dyma\CourrsWebApi3\Northwind3
2025-01-17 12:45:45.100 -05:00  INF  Request starting HTTP/2 GET https://localhost:7195/swagger/index.html - null null
2025-01-17 12:45:45.395 -05:00  INF  Request finished HTTP/2 GET https://localhost:7195/swagger/index.html - 200 null text/html;charset=utf-8 297.9488ms
2025-01-17 12:45:52.286 -05:00  INF  Request starting HTTP/2 GET https://localhost:7195/_framework/aspnetcore-browser-refresh.js - null null
2025-01-17 12:45:52.286 -05:00  INF  Request starting HTTP/2 GET https://localhost:7195/_vs/browserLink - null null
2025-01-17 12:45:52.298 -05:00  INF  Request finished HTTP/2 GET https://localhost:7195/_framework/aspnetcore-browser-refresh.js - 200 13756 application/javascript; charset=utf-8 10.9819ms
2025-01-17 12:45:52.343 -05:00  INF  Request finished HTTP/2 GET https://localhost:7195/_vs/browserLink - 200 null text/javascript; charset=UTF-8 56.6765ms
2025-01-17 12:45:52.496 -05:00  INF  Request starting HTTP/2 GET https://localhost:7195/swagger/v1/swagger.json - null null
2025-01-17 12:45:52.720 -05:00  INF  Request finished HTTP/2 GET https://localhost:7195/swagger/v1/swagger.json - 200 null application/json;charset=utf-8 224.4346ms
2025-01-17 12:46:24.179 -05:00  INF  Request starting HTTP/2 DELETE https://localhost:7195/api/Employes/19/Adresses/17886960-ce16-4338-b2d7-03110450e378 - null null
2025-01-17 12:46:24.199 -05:00  INF  Executing endpoint 'Northwind3.Controllers.EmployesController.DeleteLigneCommande (Northwind3)'
2025-01-17 12:46:24.250 -05:00  INF  Route matched with {action = "DeleteLigneCommande", controller = "Employes"}. Executing controller action with signature System.Threading.Tasks.Task`1[Microsoft.AspNetCore.Mvc.IActionResult] DeleteLigneCommande(Int32, System.Guid) on controller Northwind3.Controllers.EmployesController (Northwind3).
2025-01-17 12:46:25.296 -05:00  WRN  Sensitive data logging is enabled. Log entries and exception messages may include sensitive application data; this mode should only be enabled during development.
2025-01-17 12:46:26.423 -05:00  INF  Executed DbCommand (81ms) [Parameters=[@p0='19'], CommandType='"Text"', CommandTimeout='30']
SET IMPLICIT_TRANSACTIONS OFF;
SET NOCOUNT ON;
DELETE FROM [Employes]
OUTPUT 1
WHERE [Id] = @p0;
2025-01-17 12:46:26.486 -05:00  INF  Executing StatusCodeResult, setting HTTP status code 204
2025-01-17 12:46:26.497 -05:00  INF  Executed action Northwind3.Controllers.EmployesController.DeleteLigneCommande (Northwind3) in 2236.6737ms
2025-01-17 12:46:26.500 -05:00  INF  Executed endpoint 'Northwind3.Controllers.EmployesController.DeleteLigneCommande (Northwind3)'
2025-01-17 12:46:26.513 -05:00  INF  Request finished HTTP/2 DELETE https://localhost:7195/api/Employes/19/Adresses/17886960-ce16-4338-b2d7-03110450e378 - 204 null null 2333.827ms
2025-01-17 12:50:06.626 -05:00  INF  Request starting HTTP/2 DELETE https://localhost:7195/api/Employes/16/Adresses/13786960-ce16-4338-b2d7-03110450e918 - null null
2025-01-17 12:50:06.635 -05:00  INF  Executing endpoint 'Northwind3.Controllers.EmployesController.DeleteLigneCommande (Northwind3)'
2025-01-17 12:50:06.640 -05:00  INF  Route matched with {action = "DeleteLigneCommande", controller = "Employes"}. Executing controller action with signature System.Threading.Tasks.Task`1[Microsoft.AspNetCore.Mvc.IActionResult] DeleteLigneCommande(Int32, System.Guid) on controller Northwind3.Controllers.EmployesController (Northwind3).
2025-01-17 12:50:06.712 -05:00  INF  Executed DbCommand (5ms) [Parameters=[@p0='16'], CommandType='"Text"', CommandTimeout='30']
SET IMPLICIT_TRANSACTIONS OFF;
SET NOCOUNT ON;
DELETE FROM [Employes]
OUTPUT 1
WHERE [Id] = @p0;
2025-01-17 12:50:06.718 -05:00  INF  Executing StatusCodeResult, setting HTTP status code 204
2025-01-17 12:50:06.720 -05:00  INF  Executed action Northwind3.Controllers.EmployesController.DeleteLigneCommande (Northwind3) in 76.6736ms
2025-01-17 12:50:06.721 -05:00  INF  Executed endpoint 'Northwind3.Controllers.EmployesController.DeleteLigneCommande (Northwind3)'
2025-01-17 12:50:06.722 -05:00  INF  Request finished HTTP/2 DELETE https://localhost:7195/api/Employes/16/Adresses/13786960-ce16-4338-b2d7-03110450e918 - 204 null null 96.001ms
2025-01-17 12:53:27.275 -05:00  INF  Request starting HTTP/2 DELETE https://localhost:7195/api/Employes/15/Adresses/13786960-ce16-4338-b2d7-03110450e988 - null null
2025-01-17 12:53:27.280 -05:00  INF  Executing endpoint 'Northwind3.Controllers.EmployesController.DeleteLigneCommande (Northwind3)'
2025-01-17 12:53:27.283 -05:00  INF  Route matched with {action = "DeleteLigneCommande", controller = "Employes"}. Executing controller action with signature System.Threading.Tasks.Task`1[Microsoft.AspNetCore.Mvc.IActionResult] DeleteLigneCommande(Int32, System.Guid) on controller Northwind3.Controllers.EmployesController (Northwind3).
2025-01-17 12:53:27.335 -05:00  INF  Executed DbCommand (11ms) [Parameters=[@p0='15'], CommandType='"Text"', CommandTimeout='30']
SET IMPLICIT_TRANSACTIONS OFF;
SET NOCOUNT ON;
DELETE FROM [Employes]
OUTPUT 1
WHERE [Id] = @p0;
2025-01-17 12:53:27.339 -05:00  INF  Executing StatusCodeResult, setting HTTP status code 204
2025-01-17 12:53:27.341 -05:00  INF  Executed action Northwind3.Controllers.EmployesController.DeleteLigneCommande (Northwind3) in 53.9942ms
2025-01-17 12:53:27.344 -05:00  INF  Executed endpoint 'Northwind3.Controllers.EmployesController.DeleteLigneCommande (Northwind3)'
2025-01-17 12:53:27.345 -05:00  INF  Request finished HTTP/2 DELETE https://localhost:7195/api/Employes/15/Adresses/13786960-ce16-4338-b2d7-03110450e988 - 204 null null 70.0903ms
2025-01-17 13:15:33.512 -05:00  INF  Request starting HTTP/2 GET https://localhost:7195/swagger/index.html - null null
2025-01-17 13:15:33.551 -05:00  INF  Request finished HTTP/2 GET https://localhost:7195/swagger/index.html - 200 null text/html;charset=utf-8 38.6214ms
2025-01-17 13:15:33.661 -05:00  INF  Request starting HTTP/2 GET https://localhost:7195/_framework/aspnetcore-browser-refresh.js - null null
2025-01-17 13:15:33.661 -05:00  INF  Request starting HTTP/2 GET https://localhost:7195/_vs/browserLink - null null
2025-01-17 13:15:33.669 -05:00  INF  Request finished HTTP/2 GET https://localhost:7195/_framework/aspnetcore-browser-refresh.js - 200 13756 application/javascript; charset=utf-8 8.3716ms
2025-01-17 13:15:33.683 -05:00  INF  Request finished HTTP/2 GET https://localhost:7195/_vs/browserLink - 200 null text/javascript; charset=UTF-8 21.9307ms
2025-01-17 13:15:33.774 -05:00  INF  Request starting HTTP/2 GET https://localhost:7195/swagger/v1/swagger.json - null null
2025-01-17 13:15:33.806 -05:00  INF  Request finished HTTP/2 GET https://localhost:7195/swagger/v1/swagger.json - 200 null application/json;charset=utf-8 31.7292ms
2025-01-17 13:20:14.290 -05:00  INF  Request starting HTTP/2 GET https://localhost:7195/swagger/index.html - null null
2025-01-17 13:20:14.333 -05:00  INF  Request finished HTTP/2 GET https://localhost:7195/swagger/index.html - 200 null text/html;charset=utf-8 42.226ms
2025-01-17 13:20:14.370 -05:00  INF  Request starting HTTP/2 GET https://localhost:7195/_framework/aspnetcore-browser-refresh.js - null null
2025-01-17 13:20:14.370 -05:00  INF  Request starting HTTP/2 GET https://localhost:7195/_vs/browserLink - null null
2025-01-17 13:20:14.374 -05:00  INF  Request finished HTTP/2 GET https://localhost:7195/_framework/aspnetcore-browser-refresh.js - 200 13756 application/javascript; charset=utf-8 4.2359ms
2025-01-17 13:20:14.399 -05:00  INF  Request finished HTTP/2 GET https://localhost:7195/_vs/browserLink - 200 null text/javascript; charset=UTF-8 28.9175ms
2025-01-17 13:20:14.656 -05:00  INF  Request starting HTTP/2 GET https://localhost:7195/swagger/v1/swagger.json - null null
2025-01-17 13:20:14.689 -05:00  INF  Request finished HTTP/2 GET https://localhost:7195/swagger/v1/swagger.json - 200 null application/json;charset=utf-8 32.6535ms
2025-01-17 13:23:44.122 -05:00  INF  Now listening on: https://localhost:7195
2025-01-17 13:23:44.163 -05:00  INF  Now listening on: http://localhost:5121
2025-01-17 13:23:44.167 -05:00  INF  Application started. Press Ctrl+C to shut down.
2025-01-17 13:23:44.170 -05:00  INF  Hosting environment: Development
2025-01-17 13:23:44.172 -05:00  INF  Content root path: C:\Users\HP\Desktop\dyma\asp_dot_net_dyma\CourrsWebApi3\Northwind3
2025-01-17 13:23:44.664 -05:00  INF  Request starting HTTP/2 GET https://localhost:7195/swagger/index.html - null null
2025-01-17 13:23:44.981 -05:00  INF  Request finished HTTP/2 GET https://localhost:7195/swagger/index.html - 200 null text/html;charset=utf-8 320.2858ms
2025-01-17 13:23:44.988 -05:00  INF  Request starting HTTP/2 GET https://localhost:7195/_framework/aspnetcore-browser-refresh.js - null null
2025-01-17 13:23:44.988 -05:00  INF  Request starting HTTP/2 GET https://localhost:7195/_vs/browserLink - null null
2025-01-17 13:23:44.999 -05:00  INF  Request finished HTTP/2 GET https://localhost:7195/_framework/aspnetcore-browser-refresh.js - 200 13756 application/javascript; charset=utf-8 10.9024ms
2025-01-17 13:23:45.044 -05:00  INF  Request finished HTTP/2 GET https://localhost:7195/_vs/browserLink - 200 null text/javascript; charset=UTF-8 55.6347ms
2025-01-17 13:23:52.364 -05:00  INF  Request starting HTTP/2 GET https://localhost:7195/swagger/v1/swagger.json - null null
2025-01-17 13:23:52.627 -05:00  INF  Request finished HTTP/2 GET https://localhost:7195/swagger/v1/swagger.json - 200 null application/json;charset=utf-8 262.4262ms
2025-01-17 13:28:17.183 -05:00  INF  Request starting HTTP/2 DELETE https://localhost:7195/api/Employes/13/17786960-ce16-4338-b2d7-03110450e978 - null null
2025-01-17 13:28:17.195 -05:00  INF  Request finished HTTP/2 DELETE https://localhost:7195/api/Employes/13/17786960-ce16-4338-b2d7-03110450e978 - 404 0 null 12.7406ms
2025-01-17 13:28:17.201 -05:00  INF  Request reached the end of the middleware pipeline without being handled by application code. Request path: DELETE https://localhost:7195/api/Employes/13/17786960-ce16-4338-b2d7-03110450e978, Response status code: 404
2025-01-17 13:38:30.230 -05:00  INF  Now listening on: https://localhost:7195
2025-01-17 13:38:30.270 -05:00  INF  Now listening on: http://localhost:5121
2025-01-17 13:38:30.274 -05:00  INF  Application started. Press Ctrl+C to shut down.
2025-01-17 13:38:30.276 -05:00  INF  Hosting environment: Development
2025-01-17 13:38:30.277 -05:00  INF  Content root path: C:\Users\HP\Desktop\dyma\asp_dot_net_dyma\CourrsWebApi3\Northwind3
2025-01-17 13:38:30.761 -05:00  INF  Request starting HTTP/2 GET https://localhost:7195/swagger/index.html - null null
2025-01-17 13:38:31.030 -05:00  INF  Request finished HTTP/2 GET https://localhost:7195/swagger/index.html - 200 null text/html;charset=utf-8 271.27ms
2025-01-17 13:38:31.044 -05:00  INF  Request starting HTTP/2 GET https://localhost:7195/_framework/aspnetcore-browser-refresh.js - null null
2025-01-17 13:38:31.045 -05:00  INF  Request starting HTTP/2 GET https://localhost:7195/_vs/browserLink - null null
2025-01-17 13:38:31.059 -05:00  INF  Request finished HTTP/2 GET https://localhost:7195/_framework/aspnetcore-browser-refresh.js - 200 13756 application/javascript; charset=utf-8 14.1055ms
2025-01-17 13:38:31.094 -05:00  INF  Request finished HTTP/2 GET https://localhost:7195/_vs/browserLink - 200 null text/javascript; charset=UTF-8 49.8329ms
2025-01-17 13:38:31.212 -05:00  INF  Request starting HTTP/2 GET https://localhost:7195/swagger/v1/swagger.json - null null
2025-01-17 13:38:31.426 -05:00  INF  Request finished HTTP/2 GET https://localhost:7195/swagger/v1/swagger.json - 200 null application/json;charset=utf-8 213.8177ms
2025-01-17 13:38:52.097 -05:00  INF  Request starting HTTP/2 DELETE https://localhost:7195/api/Employes/13/Adresses/17786960-ce16-4338-b2d7-03110450e978 - null null
2025-01-17 13:38:52.112 -05:00  INF  Executing endpoint 'Northwind3.Controllers.EmployesController.DeleteLigneCommande (Northwind3)'
2025-01-17 13:38:52.170 -05:00  INF  Route matched with {action = "DeleteLigneCommande", controller = "Employes"}. Executing controller action with signature System.Threading.Tasks.Task`1[Microsoft.AspNetCore.Mvc.IActionResult] DeleteLigneCommande(Int32, System.Guid) on controller Northwind3.Controllers.EmployesController (Northwind3).
2025-01-17 13:38:52.955 -05:00  WRN  Sensitive data logging is enabled. Log entries and exception messages may include sensitive application data; this mode should only be enabled during development.
2025-01-17 13:38:53.123 -05:00  INF  Executed action Northwind3.Controllers.EmployesController.DeleteLigneCommande (Northwind3) in 942.2476ms
2025-01-17 13:38:53.127 -05:00  INF  Executed endpoint 'Northwind3.Controllers.EmployesController.DeleteLigneCommande (Northwind3)'
2025-01-17 13:38:53.130 -05:00  ERR  An unhandled exception has occurred while executing the request.System.ArgumentException: Entity type 'Employe' is defined with a single key property, but 2 values were passed to the 'Find' method.
   at Northwind3.Controllers.ControllerBasecs.CustomResponseForError(ControllerBase controller, Exception ex) in C:\Users\HP\Desktop\dyma\asp_dot_net_dyma\CourrsWebApi3\Northwind3\Controllers\ControllerBasecs.cs:line 24
   at Northwind3.Controllers.EmployesController.DeleteLigneCommande(Int32 id, Guid IdAdresse) in C:\Users\HP\Desktop\dyma\asp_dot_net_dyma\CourrsWebApi3\Northwind3\Controllers\EmployesController.cs:line 173
   at Microsoft.AspNetCore.Mvc.Infrastructure.ActionMethodExecutor.TaskOfIActionResultExecutor.Execute(ActionContext actionContext, IActionResultTypeMapper mapper, ObjectMethodExecutor executor, Object controller, Object[] arguments)
   at Microsoft.AspNetCore.Mvc.Infrastructure.ControllerActionInvoker.<InvokeActionMethodAsync>g__Awaited|12_0(ControllerActionInvoker invoker, ValueTask`1 actionResultValueTask)
   at Microsoft.AspNetCore.Mvc.Infrastructure.ControllerActionInvoker.<InvokeNextActionFilterAsync>g__Awaited|10_0(ControllerActionInvoker invoker, Task lastTask, State next, Scope scope, Object state, Boolean isCompleted)
   at Microsoft.AspNetCore.Mvc.Infrastructure.ControllerActionInvoker.Rethrow(ActionExecutedContextSealed context)
   at Microsoft.AspNetCore.Mvc.Infrastructure.ControllerActionInvoker.Next(State& next, Scope& scope, Object& state, Boolean& isCompleted)
   at Microsoft.AspNetCore.Mvc.Infrastructure.ControllerActionInvoker.InvokeInnerFilterAsync()
--- End of stack trace from previous location ---
   at Microsoft.AspNetCore.Mvc.Infrastructure.ResourceInvoker.<InvokeFilterPipelineAsync>g__Awaited|20_0(ResourceInvoker invoker, Task lastTask, State next, Scope scope, Object state, Boolean isCompleted)
   at Microsoft.AspNetCore.Mvc.Infrastructure.ResourceInvoker.<InvokeAsync>g__Logged|17_1(ResourceInvoker invoker)
   at Microsoft.AspNetCore.Mvc.Infrastructure.ResourceInvoker.<InvokeAsync>g__Logged|17_1(ResourceInvoker invoker)
   at Microsoft.AspNetCore.Routing.EndpointMiddleware.<Invoke>g__AwaitRequestTask|7_0(Endpoint endpoint, Task requestTask, ILogger logger)
   at Microsoft.AspNetCore.Authorization.AuthorizationMiddleware.Invoke(HttpContext context)
   at Swashbuckle.AspNetCore.SwaggerUI.SwaggerUIMiddleware.Invoke(HttpContext httpContext)
   at Swashbuckle.AspNetCore.Swagger.SwaggerMiddleware.Invoke(HttpContext httpContext, ISwaggerProvider swaggerProvider)
   at Microsoft.AspNetCore.Authentication.AuthenticationMiddleware.Invoke(HttpContext context)
   at Microsoft.AspNetCore.Diagnostics.DeveloperExceptionPageMiddlewareImpl.Invoke(HttpContext context)

2025-01-17 13:38:53.190 -05:00  INF  Request finished HTTP/2 DELETE https://localhost:7195/api/Employes/13/Adresses/17786960-ce16-4338-b2d7-03110450e978 - 500 null text/plain; charset=utf-8 1092.8983ms
2025-01-17 13:39:45.091 -05:00  INF  Request starting HTTP/2 GET https://localhost:7195/swagger/index.html - null null
2025-01-17 13:39:45.140 -05:00  INF  Request finished HTTP/2 GET https://localhost:7195/swagger/index.html - 200 null text/html;charset=utf-8 49.807ms
2025-01-17 13:39:45.176 -05:00  INF  Request starting HTTP/2 GET https://localhost:7195/_framework/aspnetcore-browser-refresh.js - null null
2025-01-17 13:39:45.176 -05:00  INF  Request starting HTTP/2 GET https://localhost:7195/_vs/browserLink - null null
2025-01-17 13:39:45.183 -05:00  INF  Request finished HTTP/2 GET https://localhost:7195/_framework/aspnetcore-browser-refresh.js - 200 13756 application/javascript; charset=utf-8 7.4418ms
2025-01-17 13:39:45.199 -05:00  INF  Request finished HTTP/2 GET https://localhost:7195/_vs/browserLink - 200 null text/javascript; charset=UTF-8 23.6099ms
2025-01-17 13:39:45.300 -05:00  INF  Request starting HTTP/2 GET https://localhost:7195/swagger/v1/swagger.json - null null
2025-01-17 13:39:45.432 -05:00  INF  Request finished HTTP/2 GET https://localhost:7195/swagger/v1/swagger.json - 200 null application/json;charset=utf-8 131.7756ms
2025-01-17 13:40:02.146 -05:00  INF  Request starting HTTP/2 DELETE https://localhost:7195/api/Employes/13/Adresses/17786960-ce16-4338-b2d7-03110450e978 - null null
2025-01-17 13:40:02.153 -05:00  INF  Executing endpoint 'Northwind3.Controllers.EmployesController.DeleteLigneCommande (Northwind3)'
2025-01-17 13:40:02.168 -05:00  INF  Route matched with {action = "DeleteLigneCommande", controller = "Employes"}. Executing controller action with signature System.Threading.Tasks.Task`1[Microsoft.AspNetCore.Mvc.IActionResult] DeleteLigneCommande(Int32, System.Guid) on controller Northwind3.Controllers.EmployesController (Northwind3).
2025-01-17 13:40:02.989 -05:00  INF  Executed DbCommand (44ms) [Parameters=[@__p_0='13'], CommandType='"Text"', CommandTimeout='30']
SELECT TOP(1) [e].[Id], [e].[Civilite], [e].[DateEmbauche], [e].[DateNaissance], [e].[Fonction], [e].[IdAdresse], [e].[IdManager], [e].[Nom], [e].[Notes], [e].[Photo], [e].[Prenom]
FROM [Employes] AS [e]
WHERE [e].[Id] = @__p_0
2025-01-17 13:40:03.223 -05:00  INF  Executed DbCommand (37ms) [Parameters=[@p0='13'], CommandType='"Text"', CommandTimeout='30']
SET IMPLICIT_TRANSACTIONS OFF;
SET NOCOUNT ON;
DELETE FROM [Employes]
OUTPUT 1
WHERE [Id] = @p0;
2025-01-17 13:40:03.250 -05:00  INF  Executing StatusCodeResult, setting HTTP status code 204
2025-01-17 13:40:03.253 -05:00  INF  Executed action Northwind3.Controllers.EmployesController.DeleteLigneCommande (Northwind3) in 1081.5743ms
2025-01-17 13:40:03.254 -05:00  INF  Executed endpoint 'Northwind3.Controllers.EmployesController.DeleteLigneCommande (Northwind3)'
2025-01-17 13:40:03.258 -05:00  INF  Request finished HTTP/2 DELETE https://localhost:7195/api/Employes/13/Adresses/17786960-ce16-4338-b2d7-03110450e978 - 204 null null 1112.3237ms
2025-01-17 13:56:09.453 -05:00  INF  Request starting HTTP/2 GET https://localhost:7195/swagger/index.html - null null
2025-01-17 13:56:09.488 -05:00  INF  Request finished HTTP/2 GET https://localhost:7195/swagger/index.html - 200 null text/html;charset=utf-8 35.6324ms
2025-01-17 13:56:09.528 -05:00  INF  Request starting HTTP/2 GET https://localhost:7195/_vs/browserLink - null null
2025-01-17 13:56:09.528 -05:00  INF  Request starting HTTP/2 GET https://localhost:7195/_framework/aspnetcore-browser-refresh.js - null null
2025-01-17 13:56:09.541 -05:00  INF  Request finished HTTP/2 GET https://localhost:7195/_framework/aspnetcore-browser-refresh.js - 200 13756 application/javascript; charset=utf-8 12.7562ms
2025-01-17 13:56:09.556 -05:00  INF  Request finished HTTP/2 GET https://localhost:7195/_vs/browserLink - 200 null text/javascript; charset=UTF-8 27.9398ms
2025-01-17 13:56:09.648 -05:00  INF  Request starting HTTP/2 GET https://localhost:7195/swagger/v1/swagger.json - null null
2025-01-17 13:56:09.670 -05:00  INF  Request finished HTTP/2 GET https://localhost:7195/swagger/v1/swagger.json - 200 null application/json;charset=utf-8 21.4227ms
2025-01-17 13:58:21.809 -05:00  INF  Request starting HTTP/2 GET https://localhost:7195/swagger/index.html - null null
2025-01-17 13:58:21.830 -05:00  INF  Request finished HTTP/2 GET https://localhost:7195/swagger/index.html - 200 null text/html;charset=utf-8 20.9873ms
2025-01-17 13:58:21.847 -05:00  INF  Request starting HTTP/2 GET https://localhost:7195/_vs/browserLink - null null
2025-01-17 13:58:21.847 -05:00  INF  Request starting HTTP/2 GET https://localhost:7195/_framework/aspnetcore-browser-refresh.js - null null
2025-01-17 13:58:21.856 -05:00  INF  Request finished HTTP/2 GET https://localhost:7195/_framework/aspnetcore-browser-refresh.js - 200 13756 application/javascript; charset=utf-8 9.8525ms
2025-01-17 13:58:21.857 -05:00  INF  Request finished HTTP/2 GET https://localhost:7195/_vs/browserLink - 200 null text/javascript; charset=UTF-8 10.3258ms
2025-01-17 13:58:22.004 -05:00  INF  Request starting HTTP/2 GET https://localhost:7195/swagger/v1/swagger.json - null null
2025-01-17 13:58:22.019 -05:00  INF  Request finished HTTP/2 GET https://localhost:7195/swagger/v1/swagger.json - 200 null application/json;charset=utf-8 14.8758ms
2025-01-17 14:28:48.801 -05:00  WRN  Sensitive data logging is enabled. Log entries and exception messages may include sensitive application data; this mode should only be enabled during development.
2025-01-17 22:11:16.096 -05:00 [WRN] Sensitive data logging is enabled. Log entries and exception messages may include sensitive application data; this mode should only be enabled during development.
2025-01-17 22:28:47.017 -05:00 [INF] Now listening on: https://localhost:7195
2025-01-17 22:28:47.068 -05:00 [INF] Now listening on: http://localhost:5121
2025-01-17 22:28:47.072 -05:00 [INF] Application started. Press Ctrl+C to shut down.
2025-01-17 22:28:47.073 -05:00 [INF] Hosting environment: Development
2025-01-17 22:28:47.074 -05:00 [INF] Content root path: C:\Users\HP\Desktop\dyma\asp_dot_net_dyma\CourrsWebApi3\Northwind3
2025-01-17 22:28:47.626 -05:00 [INF] Request starting HTTP/2 GET https://localhost:7195/swagger - null null
2025-01-17 22:28:47.923 -05:00 [INF] Request finished HTTP/2 GET https://localhost:7195/swagger - 301 0 null 301.0481ms
2025-01-17 22:28:47.929 -05:00 [INF] Request starting HTTP/2 GET https://localhost:7195/swagger/index.html - null null
2025-01-17 22:28:48.048 -05:00 [INF] Request finished HTTP/2 GET https://localhost:7195/swagger/index.html - 200 null text/html;charset=utf-8 118.6548ms
2025-01-17 22:28:48.056 -05:00 [INF] Request starting HTTP/2 GET https://localhost:7195/swagger/swagger-ui.css - null null
2025-01-17 22:28:48.056 -05:00 [INF] Request starting HTTP/2 GET https://localhost:7195/swagger/swagger-ui-standalone-preset.js - null null
2025-01-17 22:28:48.056 -05:00 [INF] Request starting HTTP/2 GET https://localhost:7195/_framework/aspnetcore-browser-refresh.js - null null
2025-01-17 22:28:48.056 -05:00 [INF] Request starting HTTP/2 GET https://localhost:7195/swagger/swagger-ui-bundle.js - null null
2025-01-17 22:28:48.058 -05:00 [INF] Request starting HTTP/2 GET https://localhost:7195/_vs/browserLink - null null
2025-01-17 22:28:48.071 -05:00 [INF] Request finished HTTP/2 GET https://localhost:7195/_framework/aspnetcore-browser-refresh.js - 200 13756 application/javascript; charset=utf-8 15.3629ms
2025-01-17 22:28:48.100 -05:00 [INF] Sending file. Request path: '/swagger-ui.css'. Physical path: 'N/A'
2025-01-17 22:28:48.100 -05:00 [INF] Sending file. Request path: '/swagger-ui-standalone-preset.js'. Physical path: 'N/A'
2025-01-17 22:28:48.103 -05:00 [INF] Request finished HTTP/2 GET https://localhost:7195/swagger/swagger-ui.css - 200 143943 text/css 46.9963ms
2025-01-17 22:28:48.105 -05:00 [INF] Request finished HTTP/2 GET https://localhost:7195/swagger/swagger-ui-standalone-preset.js - 200 339486 text/javascript 48.516ms
2025-01-17 22:28:48.131 -05:00 [INF] Sending file. Request path: '/swagger-ui-bundle.js'. Physical path: 'N/A'
2025-01-17 22:28:48.135 -05:00 [INF] Request finished HTTP/2 GET https://localhost:7195/swagger/swagger-ui-bundle.js - 200 1096145 text/javascript 79.3406ms
2025-01-17 22:28:48.190 -05:00 [INF] Request finished HTTP/2 GET https://localhost:7195/_vs/browserLink - 200 null text/javascript; charset=UTF-8 132.6158ms
2025-01-17 22:28:48.363 -05:00 [INF] Request starting HTTP/2 GET https://localhost:7195/swagger/v1/swagger.json - null null
2025-01-17 22:28:48.442 -05:00 [INF] Request starting HTTP/2 GET https://localhost:7195/swagger/favicon-32x32.png - null null
2025-01-17 22:28:48.447 -05:00 [INF] Sending file. Request path: '/favicon-32x32.png'. Physical path: 'N/A'
2025-01-17 22:28:48.450 -05:00 [INF] Request finished HTTP/2 GET https://localhost:7195/swagger/favicon-32x32.png - 200 628 image/png 7.6939ms
2025-01-17 22:28:48.603 -05:00 [INF] Request finished HTTP/2 GET https://localhost:7195/swagger/v1/swagger.json - 200 null application/json;charset=utf-8 240.3431ms
2025-01-17 22:37:17.663 -05:00 [INF] Request starting HTTP/2 GET https://localhost:7195/swagger/index.html - null null
2025-01-17 22:37:17.692 -05:00 [INF] Request finished HTTP/2 GET https://localhost:7195/swagger/index.html - 200 null text/html;charset=utf-8 28.1208ms
2025-01-17 22:37:17.710 -05:00 [INF] Request starting HTTP/2 GET https://localhost:7195/_framework/aspnetcore-browser-refresh.js - null null
2025-01-17 22:37:17.710 -05:00 [INF] Request starting HTTP/2 GET https://localhost:7195/_vs/browserLink - null null
2025-01-17 22:37:17.720 -05:00 [INF] Request finished HTTP/2 GET https://localhost:7195/_framework/aspnetcore-browser-refresh.js - 200 13756 application/javascript; charset=utf-8 10.706ms
2025-01-17 22:37:17.728 -05:00 [INF] Request finished HTTP/2 GET https://localhost:7195/_vs/browserLink - 200 null text/javascript; charset=UTF-8 18.4906ms
2025-01-17 22:37:17.823 -05:00 [INF] Request starting HTTP/2 GET https://localhost:7195/swagger/v1/swagger.json - null null
2025-01-17 22:37:17.869 -05:00 [INF] Request finished HTTP/2 GET https://localhost:7195/swagger/v1/swagger.json - 200 null application/json;charset=utf-8 45.4668ms
2025-01-17 22:37:27.828 -05:00 [INF] Now listening on: https://localhost:7195
2025-01-17 22:37:27.878 -05:00 [INF] Now listening on: http://localhost:5121
2025-01-17 22:37:27.885 -05:00 [INF] Application started. Press Ctrl+C to shut down.
2025-01-17 22:37:27.887 -05:00 [INF] Hosting environment: Development
2025-01-17 22:37:27.891 -05:00 [INF] Content root path: C:\Users\HP\Desktop\dyma\asp_dot_net_dyma\CourrsWebApi3\Northwind3
2025-01-17 22:37:28.009 -05:00 [INF] Request starting HTTP/2 GET https://localhost:7195/swagger/index.html - null null
2025-01-17 22:37:28.326 -05:00 [INF] Request starting HTTP/2 GET https://localhost:7195/_vs/browserLink - null null
2025-01-17 22:37:28.326 -05:00 [INF] Request starting HTTP/2 GET https://localhost:7195/_framework/aspnetcore-browser-refresh.js - null null
2025-01-17 22:37:28.326 -05:00 [INF] Request finished HTTP/2 GET https://localhost:7195/swagger/index.html - 200 null text/html;charset=utf-8 318.4951ms
2025-01-17 22:37:28.342 -05:00 [INF] Request finished HTTP/2 GET https://localhost:7195/_framework/aspnetcore-browser-refresh.js - 200 13756 application/javascript; charset=utf-8 16.3629ms
2025-01-17 22:37:28.393 -05:00 [INF] Request finished HTTP/2 GET https://localhost:7195/_vs/browserLink - 200 null text/javascript; charset=UTF-8 67.3832ms
2025-01-17 22:37:28.498 -05:00 [INF] Request starting HTTP/2 GET https://localhost:7195/swagger/v1/swagger.json - null null
2025-01-17 22:37:28.707 -05:00 [INF] Request finished HTTP/2 GET https://localhost:7195/swagger/v1/swagger.json - 200 null application/json;charset=utf-8 209.6924ms
2025-01-17 22:38:13.029 -05:00 [INF] Now listening on: https://localhost:7195
2025-01-17 22:38:13.068 -05:00 [INF] Now listening on: http://localhost:5121
2025-01-17 22:38:13.072 -05:00 [INF] Application started. Press Ctrl+C to shut down.
2025-01-17 22:38:13.073 -05:00 [INF] Hosting environment: Development
2025-01-17 22:38:13.074 -05:00 [INF] Content root path: C:\Users\HP\Desktop\dyma\asp_dot_net_dyma\CourrsWebApi3\Northwind3
2025-01-17 22:38:13.540 -05:00 [INF] Request starting HTTP/2 GET https://localhost:7195/swagger/index.html - null null
2025-01-17 22:38:13.737 -05:00 [INF] Request finished HTTP/2 GET https://localhost:7195/swagger/index.html - 200 null text/html;charset=utf-8 198.2339ms
2025-01-17 22:38:13.743 -05:00 [INF] Request starting HTTP/2 GET https://localhost:7195/_framework/aspnetcore-browser-refresh.js - null null
2025-01-17 22:38:13.743 -05:00 [INF] Request starting HTTP/2 GET https://localhost:7195/_vs/browserLink - null null
2025-01-17 22:38:13.758 -05:00 [INF] Request finished HTTP/2 GET https://localhost:7195/_framework/aspnetcore-browser-refresh.js - 200 13756 application/javascript; charset=utf-8 14.5394ms
2025-01-17 22:38:13.795 -05:00 [INF] Request finished HTTP/2 GET https://localhost:7195/_vs/browserLink - 200 null text/javascript; charset=UTF-8 52.5821ms
2025-01-17 22:38:13.864 -05:00 [INF] Request starting HTTP/2 GET https://localhost:7195/swagger/v1/swagger.json - null null
2025-01-17 22:38:14.006 -05:00 [INF] Request finished HTTP/2 GET https://localhost:7195/swagger/v1/swagger.json - 200 null application/json;charset=utf-8 141.3421ms
2025-01-17 22:39:13.386 -05:00 [INF] Now listening on: https://localhost:7195
2025-01-17 22:39:13.428 -05:00 [INF] Now listening on: http://localhost:5121
2025-01-17 22:39:13.433 -05:00 [INF] Application started. Press Ctrl+C to shut down.
2025-01-17 22:39:13.435 -05:00 [INF] Hosting environment: Development
2025-01-17 22:39:13.436 -05:00 [INF] Content root path: C:\Users\HP\Desktop\dyma\asp_dot_net_dyma\CourrsWebApi3\Northwind3
2025-01-17 22:39:14.072 -05:00 [INF] Request starting HTTP/2 GET https://localhost:7195/swagger - null null
2025-01-17 22:39:14.204 -05:00 [INF] Request finished HTTP/2 GET https://localhost:7195/swagger - 301 0 null 132.4279ms
2025-01-17 22:39:14.215 -05:00 [INF] Request starting HTTP/2 GET https://localhost:7195/swagger/index.html - null null
2025-01-17 22:39:14.337 -05:00 [INF] Request finished HTTP/2 GET https://localhost:7195/swagger/index.html - 200 null text/html;charset=utf-8 121.9242ms
2025-01-17 22:39:14.381 -05:00 [INF] Request starting HTTP/2 GET https://localhost:7195/swagger/swagger-ui.css - null null
2025-01-17 22:39:14.382 -05:00 [INF] Request starting HTTP/2 GET https://localhost:7195/swagger/swagger-ui-bundle.js - null null
2025-01-17 22:39:14.382 -05:00 [INF] Request starting HTTP/2 GET https://localhost:7195/swagger/swagger-ui-standalone-preset.js - null null
2025-01-17 22:39:14.382 -05:00 [INF] Request starting HTTP/2 GET https://localhost:7195/_framework/aspnetcore-browser-refresh.js - null null
2025-01-17 22:39:14.383 -05:00 [INF] Request starting HTTP/2 GET https://localhost:7195/_vs/browserLink - null null
2025-01-17 22:39:14.406 -05:00 [INF] Request finished HTTP/2 GET https://localhost:7195/_framework/aspnetcore-browser-refresh.js - 200 13756 application/javascript; charset=utf-8 23.8728ms
2025-01-17 22:39:14.415 -05:00 [INF] Sending file. Request path: '/swagger-ui-standalone-preset.js'. Physical path: 'N/A'
2025-01-17 22:39:14.415 -05:00 [INF] Sending file. Request path: '/swagger-ui.css'. Physical path: 'N/A'
2025-01-17 22:39:14.426 -05:00 [INF] Sending file. Request path: '/swagger-ui-bundle.js'. Physical path: 'N/A'
2025-01-17 22:39:14.430 -05:00 [INF] Request finished HTTP/2 GET https://localhost:7195/swagger/swagger-ui-standalone-preset.js - 200 339486 text/javascript 48.0445ms
2025-01-17 22:39:14.433 -05:00 [INF] Request finished HTTP/2 GET https://localhost:7195/swagger/swagger-ui.css - 200 143943 text/css 51.1324ms
2025-01-17 22:39:14.448 -05:00 [INF] Request finished HTTP/2 GET https://localhost:7195/swagger/swagger-ui-bundle.js - 200 1096145 text/javascript 62.3471ms
2025-01-17 22:39:14.473 -05:00 [INF] Request finished HTTP/2 GET https://localhost:7195/_vs/browserLink - 200 null text/javascript; charset=UTF-8 89.7828ms
2025-01-17 22:39:14.880 -05:00 [INF] Request starting HTTP/2 GET https://localhost:7195/swagger/v1/swagger.json - null null
2025-01-17 22:39:14.959 -05:00 [INF] Request starting HTTP/2 GET https://localhost:7195/swagger/favicon-32x32.png - null null
2025-01-17 22:39:14.966 -05:00 [INF] Sending file. Request path: '/favicon-32x32.png'. Physical path: 'N/A'
2025-01-17 22:39:14.975 -05:00 [INF] Request finished HTTP/2 GET https://localhost:7195/swagger/favicon-32x32.png - 200 628 image/png 15.9159ms
2025-01-17 22:39:15.111 -05:00 [INF] Request finished HTTP/2 GET https://localhost:7195/swagger/v1/swagger.json - 200 null application/json;charset=utf-8 230.6605ms
2025-01-17 22:40:59.231 -05:00 [INF] Request starting HTTP/2 DELETE https://localhost:7195/api/Employes/12 - null null
2025-01-17 22:40:59.247 -05:00 [INF] Executing endpoint 'Northwind3.Controllers.EmployesController.SupprimeEmploye (Northwind3)'
2025-01-17 22:40:59.297 -05:00 [INF] Route matched with {action = "SupprimeEmploye", controller = "Employes"}. Executing controller action with signature System.Threading.Tasks.Task`1[Microsoft.AspNetCore.Mvc.IActionResult] SupprimeEmploye(Int32) on controller Northwind3.Controllers.EmployesController (Northwind3).
2025-01-17 22:41:00.172 -05:00 [WRN] Sensitive data logging is enabled. Log entries and exception messages may include sensitive application data; this mode should only be enabled during development.
2025-01-17 22:41:00.964 -05:00 [INF] Executed DbCommand (57ms) [Parameters=[@p0='12'], CommandType='"Text"', CommandTimeout='30']
SET IMPLICIT_TRANSACTIONS OFF;
SET NOCOUNT ON;
DELETE FROM [Employes]
OUTPUT 1
WHERE [Id] = @p0;
2025-01-17 22:41:01.014 -05:00 [INF] Executing StatusCodeResult, setting HTTP status code 204
2025-01-17 22:41:01.023 -05:00 [INF] Executed action Northwind3.Controllers.EmployesController.SupprimeEmploye (Northwind3) in 1715.7518ms
2025-01-17 22:41:01.026 -05:00 [INF] Executed endpoint 'Northwind3.Controllers.EmployesController.SupprimeEmploye (Northwind3)'
2025-01-17 22:41:01.033 -05:00 [INF] Request finished HTTP/2 DELETE https://localhost:7195/api/Employes/12 - 204 null null 1801.7837ms
2025-01-17 22:42:41.488 -05:00 [INF] Request starting HTTP/2 DELETE https://localhost:7195/api/Employes/11 - null null
2025-01-17 22:42:41.498 -05:00 [INF] Executing endpoint 'Northwind3.Controllers.EmployesController.SupprimeEmploye (Northwind3)'
2025-01-17 22:42:41.501 -05:00 [INF] Route matched with {action = "SupprimeEmploye", controller = "Employes"}. Executing controller action with signature System.Threading.Tasks.Task`1[Microsoft.AspNetCore.Mvc.IActionResult] SupprimeEmploye(Int32) on controller Northwind3.Controllers.EmployesController (Northwind3).
2025-01-17 22:42:41.579 -05:00 [INF] Executed DbCommand (5ms) [Parameters=[@p0='11'], CommandType='"Text"', CommandTimeout='30']
SET IMPLICIT_TRANSACTIONS OFF;
SET NOCOUNT ON;
DELETE FROM [Employes]
OUTPUT 1
WHERE [Id] = @p0;
2025-01-17 22:42:41.583 -05:00 [INF] Executing StatusCodeResult, setting HTTP status code 204
2025-01-17 22:42:41.584 -05:00 [INF] Executed action Northwind3.Controllers.EmployesController.SupprimeEmploye (Northwind3) in 81.5147ms
2025-01-17 22:42:41.585 -05:00 [INF] Executed endpoint 'Northwind3.Controllers.EmployesController.SupprimeEmploye (Northwind3)'
2025-01-17 22:42:41.586 -05:00 [INF] Request finished HTTP/2 DELETE https://localhost:7195/api/Employes/11 - 204 null null 98.5805ms
2025-01-17 22:44:41.029 -05:00 [INF] Request starting HTTP/2 GET https://localhost:7195/swagger/index.html - null null
2025-01-17 22:44:41.053 -05:00 [INF] Request finished HTTP/2 GET https://localhost:7195/swagger/index.html - 200 null text/html;charset=utf-8 24.4592ms
2025-01-17 22:44:41.085 -05:00 [INF] Request starting HTTP/2 GET https://localhost:7195/_framework/aspnetcore-browser-refresh.js - null null
2025-01-17 22:44:41.090 -05:00 [INF] Request finished HTTP/2 GET https://localhost:7195/_framework/aspnetcore-browser-refresh.js - 200 13756 application/javascript; charset=utf-8 4.5446ms
2025-01-17 22:44:41.099 -05:00 [INF] Request starting HTTP/2 GET https://localhost:7195/_vs/browserLink - null null
2025-01-17 22:44:41.117 -05:00 [INF] Request finished HTTP/2 GET https://localhost:7195/_vs/browserLink - 200 null text/javascript; charset=UTF-8 18.8977ms
2025-01-17 22:44:41.410 -05:00 [INF] Request starting HTTP/2 GET https://localhost:7195/swagger/v1/swagger.json - null null
2025-01-17 22:44:41.435 -05:00 [INF] Request finished HTTP/2 GET https://localhost:7195/swagger/v1/swagger.json - 200 null application/json;charset=utf-8 25.4282ms
2025-01-17 22:45:28.303 -05:00 [INF] Request starting HTTP/2 GET https://localhost:7195/swagger/index.html - null null
2025-01-17 22:45:28.349 -05:00 [INF] Request finished HTTP/2 GET https://localhost:7195/swagger/index.html - 200 null text/html;charset=utf-8 46.0678ms
2025-01-17 22:45:28.364 -05:00 [INF] Request starting HTTP/2 GET https://localhost:7195/_framework/aspnetcore-browser-refresh.js - null null
2025-01-17 22:45:28.364 -05:00 [INF] Request starting HTTP/2 GET https://localhost:7195/_vs/browserLink - null null
2025-01-17 22:45:28.368 -05:00 [INF] Request finished HTTP/2 GET https://localhost:7195/_framework/aspnetcore-browser-refresh.js - 200 13756 application/javascript; charset=utf-8 3.4671ms
2025-01-17 22:45:28.379 -05:00 [INF] Request finished HTTP/2 GET https://localhost:7195/_vs/browserLink - 200 null text/javascript; charset=UTF-8 14.361ms
2025-01-17 22:45:28.488 -05:00 [INF] Request starting HTTP/2 GET https://localhost:7195/swagger/v1/swagger.json - null null
2025-01-17 22:45:28.510 -05:00 [INF] Request finished HTTP/2 GET https://localhost:7195/swagger/v1/swagger.json - 200 null application/json;charset=utf-8 21.4672ms
2025-01-17 22:47:12.563 -05:00 [INF] Now listening on: https://localhost:7195
2025-01-17 22:47:12.615 -05:00 [INF] Now listening on: http://localhost:5121
2025-01-17 22:47:12.619 -05:00 [INF] Application started. Press Ctrl+C to shut down.
2025-01-17 22:47:12.620 -05:00 [INF] Hosting environment: Development
2025-01-17 22:47:12.622 -05:00 [INF] Content root path: C:\Users\HP\Desktop\dyma\asp_dot_net_dyma\CourrsWebApi3\Northwind3
2025-01-17 22:47:13.002 -05:00 [INF] Request starting HTTP/2 GET https://localhost:7195/swagger/index.html - null null
2025-01-17 22:47:13.284 -05:00 [INF] Request finished HTTP/2 GET https://localhost:7195/swagger/index.html - 200 null text/html;charset=utf-8 282.7852ms
2025-01-17 22:47:13.292 -05:00 [INF] Request starting HTTP/2 GET https://localhost:7195/_framework/aspnetcore-browser-refresh.js - null null
2025-01-17 22:47:13.292 -05:00 [INF] Request starting HTTP/2 GET https://localhost:7195/_vs/browserLink - null null
2025-01-17 22:47:13.311 -05:00 [INF] Request finished HTTP/2 GET https://localhost:7195/_framework/aspnetcore-browser-refresh.js - 200 13756 application/javascript; charset=utf-8 18.0537ms
2025-01-17 22:47:13.342 -05:00 [INF] Request finished HTTP/2 GET https://localhost:7195/_vs/browserLink - 200 null text/javascript; charset=UTF-8 50.0929ms
2025-01-17 22:47:13.450 -05:00 [INF] Request starting HTTP/2 GET https://localhost:7195/swagger/v1/swagger.json - null null
2025-01-17 22:47:13.667 -05:00 [INF] Request finished HTTP/2 GET https://localhost:7195/swagger/v1/swagger.json - 200 null application/json;charset=utf-8 216.5439ms
2025-01-17 22:47:41.277 -05:00 [INF] Request starting HTTP/2 DELETE https://localhost:7195/api/Employes/10 - null null
2025-01-17 22:47:41.294 -05:00 [INF] Executing endpoint 'Northwind3.Controllers.EmployesController.SupprimeEmploye (Northwind3)'
2025-01-17 22:47:41.336 -05:00 [INF] Route matched with {action = "SupprimeEmploye", controller = "Employes"}. Executing controller action with signature System.Threading.Tasks.Task`1[Microsoft.AspNetCore.Mvc.IActionResult] SupprimeEmploye(Int32) on controller Northwind3.Controllers.EmployesController (Northwind3).
2025-01-17 22:47:41.928 -05:00 [WRN] Sensitive data logging is enabled. Log entries and exception messages may include sensitive application data; this mode should only be enabled during development.
2025-01-17 22:47:42.653 -05:00 [INF] Executed DbCommand (38ms) [Parameters=[@__p_0='10'], CommandType='"Text"', CommandTimeout='30']
SELECT TOP(1) [e].[Id], [e].[Civilite], [e].[DateEmbauche], [e].[DateNaissance], [e].[Fonction], [e].[IdAdresse], [e].[IdManager], [e].[Nom], [e].[Notes], [e].[Photo], [e].[Prenom]
FROM [Employes] AS [e]
WHERE [e].[Id] = @__p_0
2025-01-17 22:47:42.868 -05:00 [INF] Executed DbCommand (5ms) [Parameters=[@p0='10'], CommandType='"Text"', CommandTimeout='30']
SET IMPLICIT_TRANSACTIONS OFF;
SET NOCOUNT ON;
DELETE FROM [Employes]
OUTPUT 1
WHERE [Id] = @p0;
2025-01-17 22:47:42.891 -05:00 [INF] Executing StatusCodeResult, setting HTTP status code 204
2025-01-17 22:47:42.897 -05:00 [INF] Executed action Northwind3.Controllers.EmployesController.SupprimeEmploye (Northwind3) in 1551.4842ms
2025-01-17 22:47:42.901 -05:00 [INF] Executed endpoint 'Northwind3.Controllers.EmployesController.SupprimeEmploye (Northwind3)'
2025-01-17 22:47:42.910 -05:00 [INF] Request finished HTTP/2 DELETE https://localhost:7195/api/Employes/10 - 204 null null 1633.4483ms
2025-01-17 22:47:59.877 -05:00 [INF] Request starting HTTP/2 DELETE https://localhost:7195/api/Employes/9 - null null
2025-01-17 22:47:59.884 -05:00 [INF] Executing endpoint 'Northwind3.Controllers.EmployesController.SupprimeEmploye (Northwind3)'
2025-01-17 22:47:59.888 -05:00 [INF] Route matched with {action = "SupprimeEmploye", controller = "Employes"}. Executing controller action with signature System.Threading.Tasks.Task`1[Microsoft.AspNetCore.Mvc.IActionResult] SupprimeEmploye(Int32) on controller Northwind3.Controllers.EmployesController (Northwind3).
2025-01-17 22:47:59.924 -05:00 [INF] Executed DbCommand (2ms) [Parameters=[@__p_0='9'], CommandType='"Text"', CommandTimeout='30']
SELECT TOP(1) [e].[Id], [e].[Civilite], [e].[DateEmbauche], [e].[DateNaissance], [e].[Fonction], [e].[IdAdresse], [e].[IdManager], [e].[Nom], [e].[Notes], [e].[Photo], [e].[Prenom]
FROM [Employes] AS [e]
WHERE [e].[Id] = @__p_0
2025-01-17 22:47:59.961 -05:00 [INF] Executed DbCommand (16ms) [Parameters=[@p0='9'], CommandType='"Text"', CommandTimeout='30']
SET IMPLICIT_TRANSACTIONS OFF;
SET NOCOUNT ON;
DELETE FROM [Employes]
OUTPUT 1
WHERE [Id] = @p0;
2025-01-17 22:47:59.968 -05:00 [INF] Executing StatusCodeResult, setting HTTP status code 204
2025-01-17 22:47:59.971 -05:00 [INF] Executed action Northwind3.Controllers.EmployesController.SupprimeEmploye (Northwind3) in 80.5964ms
2025-01-17 22:47:59.972 -05:00 [INF] Executed endpoint 'Northwind3.Controllers.EmployesController.SupprimeEmploye (Northwind3)'
2025-01-17 22:47:59.974 -05:00 [INF] Request finished HTTP/2 DELETE https://localhost:7195/api/Employes/9 - 204 null null 96.8653ms
2025-01-17 22:52:36.375 -05:00 [INF] Request starting HTTP/2 GET https://localhost:7195/swagger/index.html - null null
2025-01-17 22:52:36.421 -05:00 [INF] Request finished HTTP/2 GET https://localhost:7195/swagger/index.html - 200 null text/html;charset=utf-8 45.7529ms
2025-01-17 22:52:36.443 -05:00 [INF] Request starting HTTP/2 GET https://localhost:7195/_framework/aspnetcore-browser-refresh.js - null null
2025-01-17 22:52:36.443 -05:00 [INF] Request starting HTTP/2 GET https://localhost:7195/_vs/browserLink - null null
2025-01-17 22:52:36.449 -05:00 [INF] Request finished HTTP/2 GET https://localhost:7195/_framework/aspnetcore-browser-refresh.js - 200 13756 application/javascript; charset=utf-8 5.8696ms
2025-01-17 22:52:36.468 -05:00 [INF] Request finished HTTP/2 GET https://localhost:7195/_vs/browserLink - 200 null text/javascript; charset=UTF-8 24.6697ms
2025-01-17 22:52:36.846 -05:00 [INF] Request starting HTTP/2 GET https://localhost:7195/swagger/v1/swagger.json - null null
2025-01-17 22:52:36.878 -05:00 [INF] Request finished HTTP/2 GET https://localhost:7195/swagger/v1/swagger.json - 200 null application/json;charset=utf-8 32.9357ms
2025-01-17 23:02:53.808 -05:00 [INF] Request starting HTTP/2 GET https://localhost:7195/swagger/index.html - null null
2025-01-17 23:02:53.840 -05:00 [INF] Request finished HTTP/2 GET https://localhost:7195/swagger/index.html - 200 null text/html;charset=utf-8 31.6215ms
2025-01-17 23:02:53.860 -05:00 [INF] Request starting HTTP/2 GET https://localhost:7195/_framework/aspnetcore-browser-refresh.js - null null
2025-01-17 23:02:53.860 -05:00 [INF] Request starting HTTP/2 GET https://localhost:7195/_vs/browserLink - null null
2025-01-17 23:02:53.867 -05:00 [INF] Request finished HTTP/2 GET https://localhost:7195/_framework/aspnetcore-browser-refresh.js - 200 13756 application/javascript; charset=utf-8 7.263ms
2025-01-17 23:02:53.876 -05:00 [INF] Request finished HTTP/2 GET https://localhost:7195/_vs/browserLink - 200 null text/javascript; charset=UTF-8 15.7466ms
2025-01-17 23:02:54.042 -05:00 [INF] Request starting HTTP/2 GET https://localhost:7195/swagger/v1/swagger.json - null null
2025-01-17 23:02:54.062 -05:00 [INF] Request finished HTTP/2 GET https://localhost:7195/swagger/v1/swagger.json - 200 null application/json;charset=utf-8 19.572ms
2025-01-17 23:06:37.458 -05:00 [INF] Request starting HTTP/2 GET https://localhost:7195/swagger/index.html - null null
2025-01-17 23:06:37.481 -05:00 [INF] Request finished HTTP/2 GET https://localhost:7195/swagger/index.html - 200 null text/html;charset=utf-8 22.4067ms
2025-01-17 23:06:37.496 -05:00 [INF] Request starting HTTP/2 GET https://localhost:7195/_framework/aspnetcore-browser-refresh.js - null null
2025-01-17 23:06:37.496 -05:00 [INF] Request starting HTTP/2 GET https://localhost:7195/_vs/browserLink - null null
2025-01-17 23:06:37.499 -05:00 [INF] Request finished HTTP/2 GET https://localhost:7195/_framework/aspnetcore-browser-refresh.js - 200 13756 application/javascript; charset=utf-8 2.9577ms
2025-01-17 23:06:37.508 -05:00 [INF] Request finished HTTP/2 GET https://localhost:7195/_vs/browserLink - 200 null text/javascript; charset=UTF-8 12.4061ms
2025-01-17 23:06:37.600 -05:00 [INF] Request starting HTTP/2 GET https://localhost:7195/swagger/v1/swagger.json - null null
2025-01-17 23:06:37.618 -05:00 [INF] Request finished HTTP/2 GET https://localhost:7195/swagger/v1/swagger.json - 200 null application/json;charset=utf-8 17.5718ms
2025-01-17 23:07:33.736 -05:00 [INF] Now listening on: https://localhost:7195
2025-01-17 23:07:33.775 -05:00 [INF] Now listening on: http://localhost:5121
2025-01-17 23:07:33.779 -05:00 [INF] Application started. Press Ctrl+C to shut down.
2025-01-17 23:07:33.781 -05:00 [INF] Hosting environment: Development
2025-01-17 23:07:33.782 -05:00 [INF] Content root path: C:\Users\HP\Desktop\dyma\asp_dot_net_dyma\CourrsWebApi3\Northwind3
2025-01-17 23:07:34.157 -05:00 [INF] Request starting HTTP/2 GET https://localhost:7195/swagger/index.html - null null
2025-01-17 23:07:34.422 -05:00 [INF] Request finished HTTP/2 GET https://localhost:7195/swagger/index.html - 200 null text/html;charset=utf-8 268.0312ms
2025-01-17 23:07:34.474 -05:00 [INF] Request starting HTTP/2 GET https://localhost:7195/_vs/browserLink - null null
2025-01-17 23:07:34.474 -05:00 [INF] Request starting HTTP/2 GET https://localhost:7195/_framework/aspnetcore-browser-refresh.js - null null
2025-01-17 23:07:34.488 -05:00 [INF] Request finished HTTP/2 GET https://localhost:7195/_framework/aspnetcore-browser-refresh.js - 200 13756 application/javascript; charset=utf-8 13.6905ms
2025-01-17 23:07:34.523 -05:00 [INF] Request finished HTTP/2 GET https://localhost:7195/_vs/browserLink - 200 null text/javascript; charset=UTF-8 48.5286ms
2025-01-17 23:07:34.627 -05:00 [INF] Request starting HTTP/2 GET https://localhost:7195/swagger/v1/swagger.json - null null
2025-01-17 23:07:34.855 -05:00 [INF] Request finished HTTP/2 GET https://localhost:7195/swagger/v1/swagger.json - 200 null application/json;charset=utf-8 227.481ms
2025-01-17 23:08:10.111 -05:00 [INF] Request starting HTTP/2 DELETE https://localhost:7195/api/Employes/8 - null null
2025-01-17 23:08:10.132 -05:00 [INF] Executing endpoint 'Northwind3.Controllers.EmployesController.SupprimeEmploye (Northwind3)'
2025-01-17 23:08:10.170 -05:00 [INF] Route matched with {action = "SupprimeEmploye", controller = "Employes"}. Executing controller action with signature System.Threading.Tasks.Task`1[Microsoft.AspNetCore.Mvc.IActionResult] SupprimeEmploye(Int32) on controller Northwind3.Controllers.EmployesController (Northwind3).
2025-01-17 23:08:10.781 -05:00 [WRN] Sensitive data logging is enabled. Log entries and exception messages may include sensitive application data; this mode should only be enabled during development.
2025-01-17 23:08:11.510 -05:00 [INF] Executed DbCommand (44ms) [Parameters=[@__p_0='8'], CommandType='"Text"', CommandTimeout='30']
SELECT TOP(1) [e].[Id], [e].[Civilite], [e].[DateEmbauche], [e].[DateNaissance], [e].[Fonction], [e].[IdAdresse], [e].[IdManager], [e].[Nom], [e].[Notes], [e].[Photo], [e].[Prenom]
FROM [Employes] AS [e]
WHERE [e].[Id] = @__p_0
2025-01-17 23:08:11.737 -05:00 [INF] Executed DbCommand (8ms) [Parameters=[@p0='8'], CommandType='"Text"', CommandTimeout='30']
SET IMPLICIT_TRANSACTIONS OFF;
SET NOCOUNT ON;
DELETE FROM [Employes]
OUTPUT 1
WHERE [Id] = @p0;
2025-01-17 23:08:11.762 -05:00 [INF] Executing StatusCodeResult, setting HTTP status code 204
2025-01-17 23:08:11.767 -05:00 [INF] Executed action Northwind3.Controllers.EmployesController.SupprimeEmploye (Northwind3) in 1588.5208ms
2025-01-17 23:08:11.769 -05:00 [INF] Executed endpoint 'Northwind3.Controllers.EmployesController.SupprimeEmploye (Northwind3)'
2025-01-17 23:08:11.781 -05:00 [INF] Request finished HTTP/2 DELETE https://localhost:7195/api/Employes/8 - 204 null null 1669.761ms
2025-01-17 23:08:42.274 -05:00 [INF] Request starting HTTP/2 DELETE https://localhost:7195/api/Employes/10 - null null
2025-01-17 23:08:42.280 -05:00 [INF] Executing endpoint 'Northwind3.Controllers.EmployesController.SupprimeEmploye (Northwind3)'
2025-01-17 23:08:42.281 -05:00 [INF] Route matched with {action = "SupprimeEmploye", controller = "Employes"}. Executing controller action with signature System.Threading.Tasks.Task`1[Microsoft.AspNetCore.Mvc.IActionResult] SupprimeEmploye(Int32) on controller Northwind3.Controllers.EmployesController (Northwind3).
2025-01-17 23:08:42.310 -05:00 [INF] Executed DbCommand (2ms) [Parameters=[@__p_0='10'], CommandType='"Text"', CommandTimeout='30']
SELECT TOP(1) [e].[Id], [e].[Civilite], [e].[DateEmbauche], [e].[DateNaissance], [e].[Fonction], [e].[IdAdresse], [e].[IdManager], [e].[Nom], [e].[Notes], [e].[Photo], [e].[Prenom]
FROM [Employes] AS [e]
WHERE [e].[Id] = @__p_0
2025-01-17 23:08:42.323 -05:00 [INF] Executing NotFoundObjectResult, writing value of type 'System.String'.
2025-01-17 23:08:42.327 -05:00 [INF] Executed action Northwind3.Controllers.EmployesController.SupprimeEmploye (Northwind3) in 44.2025ms
2025-01-17 23:08:42.329 -05:00 [INF] Executed endpoint 'Northwind3.Controllers.EmployesController.SupprimeEmploye (Northwind3)'
2025-01-17 23:08:42.330 -05:00 [INF] Request finished HTTP/2 DELETE https://localhost:7195/api/Employes/10 - 404 null text/plain; charset=utf-8 56.7079ms
