2025-01-30 10:48:00.164 -05:00 [INF] User profile is available. Using 'C:\Users\HP\AppData\Local\ASP.NET\DataProtection-Keys' as key repository and Windows DPAPI to encrypt keys at rest.
2025-01-30 10:48:00.394 -05:00 [INF] Now listening on: https://localhost:7195
2025-01-30 10:48:00.396 -05:00 [INF] Now listening on: http://localhost:5121
2025-01-30 10:48:00.401 -05:00 [INF] Application started. Press Ctrl+C to shut down.
2025-01-30 10:48:00.402 -05:00 [INF] Hosting environment: Development
2025-01-30 10:48:00.403 -05:00 [INF] Content root path: C:\Users\HP\Desktop\projet\asp.net.mvc6\CourrsWebApi3\Northwind3
2025-01-30 10:48:01.567 -05:00 [INF] Request starting HTTP/2 GET https://localhost:7195/swagger/index.html - null null
2025-01-30 10:48:02.057 -05:00 [INF] Request finished HTTP/2 GET https://localhost:7195/swagger/index.html - 200 null text/html; charset=utf-8 498.619ms
2025-01-30 10:48:02.101 -05:00 [INF] Request starting HTTP/2 GET https://localhost:7195/_framework/aspnetcore-browser-refresh.js - null null
2025-01-30 10:48:02.102 -05:00 [INF] Request starting HTTP/2 GET https://localhost:7195/_vs/browserLink - null null
2025-01-30 10:48:02.126 -05:00 [INF] Request finished HTTP/2 GET https://localhost:7195/_framework/aspnetcore-browser-refresh.js - 200 13770 application/javascript; charset=utf-8 24.7188ms
2025-01-30 10:48:02.203 -05:00 [INF] Request finished HTTP/2 GET https://localhost:7195/_vs/browserLink - 200 null text/javascript; charset=UTF-8 101.1759ms
2025-01-30 10:48:11.386 -05:00 [INF] Request starting HTTP/2 GET https://localhost:7195/swagger/SmartEmployeBy Tresor_Ngola_v1/swagger.json - null null
2025-01-30 10:48:12.288 -05:00 [INF] Request finished HTTP/2 GET https://localhost:7195/swagger/SmartEmployeBy Tresor_Ngola_v1/swagger.json - 200 null application/json; charset=utf-8 902.0606ms
2025-01-30 11:57:08.376 -05:00 [INF] User profile is available. Using 'C:\Users\HP\AppData\Local\ASP.NET\DataProtection-Keys' as key repository and Windows DPAPI to encrypt keys at rest.
2025-01-30 11:57:08.722 -05:00 [INF] Now listening on: https://localhost:7195
2025-01-30 11:57:08.726 -05:00 [INF] Now listening on: http://localhost:5121
2025-01-30 11:57:08.734 -05:00 [INF] Application started. Press Ctrl+C to shut down.
2025-01-30 11:57:08.738 -05:00 [INF] Hosting environment: Development
2025-01-30 11:57:08.739 -05:00 [INF] Content root path: C:\Users\HP\Desktop\projet\asp.net.mvc6\CourrsWebApi3\Northwind3
2025-01-30 11:57:09.602 -05:00 [INF] Request starting HTTP/2 GET https://localhost:7195/swagger/index.html - null null
2025-01-30 11:57:10.633 -05:00 [INF] Request finished HTTP/2 GET https://localhost:7195/swagger/index.html - 200 null text/html; charset=utf-8 1037.9092ms
2025-01-30 11:57:10.705 -05:00 [INF] Request starting HTTP/2 GET https://localhost:7195/_framework/aspnetcore-browser-refresh.js - null null
2025-01-30 11:57:10.751 -05:00 [INF] Request finished HTTP/2 GET https://localhost:7195/_framework/aspnetcore-browser-refresh.js - 200 13770 application/javascript; charset=utf-8 45.8299ms
2025-01-30 11:57:10.975 -05:00 [INF] Request starting HTTP/2 GET https://localhost:7195/_vs/browserLink - null null
2025-01-30 11:57:11.123 -05:00 [INF] Request finished HTTP/2 GET https://localhost:7195/_vs/browserLink - 200 null text/javascript; charset=UTF-8 148.1868ms
2025-01-30 11:57:11.997 -05:00 [INF] Request starting HTTP/2 GET https://localhost:7195/swagger/SmartEmployeBy Tresor_Ngola_v1/swagger.json - null null
2025-01-30 11:57:13.682 -05:00 [INF] Request finished HTTP/2 GET https://localhost:7195/swagger/SmartEmployeBy Tresor_Ngola_v1/swagger.json - 200 null application/json; charset=utf-8 1685.0263ms
2025-01-30 11:57:39.897 -05:00 [INF] Request starting HTTP/2 GET https://localhost:7195/swagger/SmartEmployeBy Tresor_Ngola_v1/swagger.json - null null
2025-01-30 11:57:39.904 -05:00 [INF] Request finished HTTP/2 GET https://localhost:7195/swagger/SmartEmployeBy Tresor_Ngola_v1/swagger.json - 200 null application/json; charset=utf-8 6.9136ms
2025-01-30 11:57:45.273 -05:00 [INF] Request starting HTTP/2 GET https://localhost:7195/api/Employes - null null
2025-01-30 11:57:45.286 -05:00 [INF] Executing endpoint 'ApiProjetVersion3.Controllers.EmployesController.GetEmployes (ApiProjetVersion3)'
2025-01-30 11:57:45.321 -05:00 [INF] Route matched with {action = "GetEmployes", controller = "Employes"}. Executing controller action with signature System.Threading.Tasks.Task`1[Microsoft.AspNetCore.Mvc.ActionResult`1[System.Collections.Generic.IEnumerable`1[ApiProjetVersion3.Entities.Employe]]] GetEmployes(System.String, System.Nullable`1[System.DateTime]) on controller ApiProjetVersion3.Controllers.EmployesController (ApiProjetVersion3).
2025-01-30 11:57:46.269 -05:00 [WRN] Sensitive data logging is enabled. Log entries and exception messages may include sensitive application data; this mode should only be enabled during development.
2025-01-30 11:57:49.811 -05:00 [INF] Executed DbCommand (96ms) [Parameters=[], CommandType='"Text"', CommandTimeout='30']
SELECT [e].[Id], [e].[Civilite], [e].[Nom], [e].[Prenom], [e].[Fonction], [e].[DateEmbauche], [a].[Id], [a].[CodePostal], [a].[Pays], [a].[Region], [a].[Rue], [a].[Tel], [a].[Ville], [s].[Id], [s].[IdRegion], [s].[Nom], [s].[IdEmploye], [s].[IdTerritoire]
FROM [Employes] AS [e]
INNER JOIN [Adresses] AS [a] ON [e].[IdAdresse] = [a].[Id]
LEFT JOIN (
    SELECT [t].[Id], [t].[IdRegion], [t].[Nom], [a0].[IdEmploye], [a0].[IdTerritoire]
    FROM [Affectations] AS [a0]
    INNER JOIN [Territoires] AS [t] ON [a0].[IdTerritoire] = [t].[Id]
) AS [s] ON [e].[Id] = [s].[IdEmploye]
ORDER BY [e].[Nom], [e].[Prenom], [e].[Id], [a].[Id], [s].[IdEmploye], [s].[IdTerritoire]
2025-01-30 11:57:49.900 -05:00 [INF] Executing OkObjectResult, writing value of type 'System.Collections.Generic.List`1[[ApiProjetVersion3.Entities.Employe, ApiProjetVersion3, Version=1.0.0.0, Culture=neutral, PublicKeyToken=null]]'.
2025-01-30 11:57:50.042 -05:00 [INF] Executed action ApiProjetVersion3.Controllers.EmployesController.GetEmployes (ApiProjetVersion3) in 4708.4727ms
2025-01-30 11:57:50.046 -05:00 [INF] Executed endpoint 'ApiProjetVersion3.Controllers.EmployesController.GetEmployes (ApiProjetVersion3)'
2025-01-30 11:57:50.061 -05:00 [INF] Request finished HTTP/2 GET https://localhost:7195/api/Employes - 200 null application/json; charset=utf-8 4788.4327ms
2025-01-30 11:58:58.030 -05:00 [INF] Request starting HTTP/2 GET https://localhost:7195/api/Employes/4 - null null
2025-01-30 11:58:58.042 -05:00 [INF] Executing endpoint 'ApiProjetVersion3.Controllers.EmployesController.GetEmploye (ApiProjetVersion3)'
2025-01-30 11:58:58.052 -05:00 [INF] Route matched with {action = "GetEmploye", controller = "Employes"}. Executing controller action with signature System.Threading.Tasks.Task`1[Microsoft.AspNetCore.Mvc.ActionResult`1[ApiProjetVersion3.Entities.Employe]] GetEmploye(Int32) on controller ApiProjetVersion3.Controllers.EmployesController (ApiProjetVersion3).
2025-01-30 11:58:58.210 -05:00 [INF] Executed DbCommand (81ms) [Parameters=[@__id_0='4'], CommandType='"Text"', CommandTimeout='30']
SELECT [s].[Id], [s].[Civilite], [s].[DateEmbauche], [s].[DateNaissance], [s].[Fonction], [s].[IdAdresse], [s].[IdManager], [s].[Nom], [s].[Notes], [s].[Photo], [s].[Prenom], [s].[Id0], [s].[CodePostal], [s].[Pays], [s].[Region], [s].[Rue], [s].[Tel], [s].[Ville], [s0].[Id], [s0].[IdRegion], [s0].[Nom], [s0].[Id0], [s0].[Nom0], [s0].[IdEmploye], [s0].[IdTerritoire]
FROM (
    SELECT TOP(1) [e].[Id], [e].[Civilite], [e].[DateEmbauche], [e].[DateNaissance], [e].[Fonction], [e].[IdAdresse], [e].[IdManager], [e].[Nom], [e].[Notes], [e].[Photo], [e].[Prenom], [a].[Id] AS [Id0], [a].[CodePostal], [a].[Pays], [a].[Region], [a].[Rue], [a].[Tel], [a].[Ville]
    FROM [Employes] AS [e]
    INNER JOIN [Adresses] AS [a] ON [e].[IdAdresse] = [a].[Id]
    WHERE [e].[Id] = @__id_0
) AS [s]
LEFT JOIN (
    SELECT [t].[Id], [t].[IdRegion], [t].[Nom], [r].[Id] AS [Id0], [r].[Nom] AS [Nom0], [a0].[IdEmploye], [a0].[IdTerritoire]
    FROM [Affectations] AS [a0]
    INNER JOIN [Territoires] AS [t] ON [a0].[IdTerritoire] = [t].[Id]
    INNER JOIN [Regions] AS [r] ON [t].[IdRegion] = [r].[Id]
) AS [s0] ON [s].[Id] = [s0].[IdEmploye]
ORDER BY [s].[Id], [s].[Id0], [s0].[IdEmploye], [s0].[IdTerritoire], [s0].[Id]
2025-01-30 11:58:58.239 -05:00 [INF] Executing OkObjectResult, writing value of type 'ApiProjetVersion3.Entities.Employe'.
2025-01-30 11:58:58.249 -05:00 [INF] Executed action ApiProjetVersion3.Controllers.EmployesController.GetEmploye (ApiProjetVersion3) in 193.7779ms
2025-01-30 11:58:58.253 -05:00 [INF] Executed endpoint 'ApiProjetVersion3.Controllers.EmployesController.GetEmploye (ApiProjetVersion3)'
2025-01-30 11:58:58.254 -05:00 [INF] Request finished HTTP/2 GET https://localhost:7195/api/Employes/4 - 200 null application/json; charset=utf-8 223.6684ms
2025-01-30 12:00:02.832 -05:00 [INF] Request starting HTTP/2 GET https://localhost:7195/api/Regions/4 - null null
2025-01-30 12:00:02.847 -05:00 [INF] Executing endpoint 'ApiProjetVersion3.Controllers.EmployesController.Getregion (ApiProjetVersion3)'
2025-01-30 12:00:02.858 -05:00 [INF] Route matched with {action = "Getregion", controller = "Employes"}. Executing controller action with signature System.Threading.Tasks.Task`1[Microsoft.AspNetCore.Mvc.ActionResult`1[ApiProjetVersion3.Entities.Employe]] Getregion(Int32) on controller ApiProjetVersion3.Controllers.EmployesController (ApiProjetVersion3).
2025-01-30 12:00:03.017 -05:00 [INF] Executed DbCommand (7ms) [Parameters=[@__id_0='4'], CommandType='"Text"', CommandTimeout='30']
SELECT [r0].[Id], [r0].[Nom], [t].[Id], [t].[IdRegion], [t].[Nom]
FROM (
    SELECT TOP(1) [r].[Id], [r].[Nom]
    FROM [Regions] AS [r]
    WHERE [r].[Id] = @__id_0
) AS [r0]
LEFT JOIN [Territoires] AS [t] ON [r0].[Id] = [t].[IdRegion]
ORDER BY [r0].[Id]
2025-01-30 12:00:03.028 -05:00 [INF] Executing OkObjectResult, writing value of type 'ApiProjetVersion3.Entities.Region'.
2025-01-30 12:00:03.031 -05:00 [INF] Executed action ApiProjetVersion3.Controllers.EmployesController.Getregion (ApiProjetVersion3) in 168.481ms
2025-01-30 12:00:03.033 -05:00 [INF] Executed endpoint 'ApiProjetVersion3.Controllers.EmployesController.Getregion (ApiProjetVersion3)'
2025-01-30 12:00:03.034 -05:00 [INF] Request finished HTTP/2 GET https://localhost:7195/api/Regions/4 - 200 null application/json; charset=utf-8 202.2316ms
2025-01-30 12:12:23.254 -05:00 [INF] Request starting HTTP/2 GET https://localhost:7195/swagger/index.html - null null
2025-01-30 12:12:23.361 -05:00 [INF] Request finished HTTP/2 GET https://localhost:7195/swagger/index.html - 200 null text/html; charset=utf-8 103.6647ms
2025-01-30 12:12:23.570 -05:00 [INF] Request starting HTTP/2 GET https://localhost:7195/_vs/browserLink - null null
2025-01-30 12:12:23.571 -05:00 [INF] Request starting HTTP/2 GET https://localhost:7195/_framework/aspnetcore-browser-refresh.js - null null
2025-01-30 12:12:23.601 -05:00 [INF] Request finished HTTP/2 GET https://localhost:7195/_framework/aspnetcore-browser-refresh.js - 200 13770 application/javascript; charset=utf-8 30.2467ms
2025-01-30 12:12:23.628 -05:00 [INF] Request finished HTTP/2 GET https://localhost:7195/_vs/browserLink - 200 null text/javascript; charset=UTF-8 57.865ms
2025-01-30 12:12:24.355 -05:00 [INF] Request starting HTTP/2 GET https://localhost:7195/swagger/SmartEmployeBy Tresor_Ngola_v1/swagger.json - null null
2025-01-30 12:12:24.544 -05:00 [INF] Request finished HTTP/2 GET https://localhost:7195/swagger/SmartEmployeBy Tresor_Ngola_v1/swagger.json - 200 null application/json; charset=utf-8 188.4357ms
2025-01-30 12:12:44.040 -05:00 [INF] User profile is available. Using 'C:\Users\HP\AppData\Local\ASP.NET\DataProtection-Keys' as key repository and Windows DPAPI to encrypt keys at rest.
2025-01-30 12:12:44.378 -05:00 [INF] Now listening on: https://localhost:7195
2025-01-30 12:12:44.382 -05:00 [INF] Now listening on: http://localhost:5121
2025-01-30 12:12:44.388 -05:00 [INF] Application started. Press Ctrl+C to shut down.
2025-01-30 12:12:44.391 -05:00 [INF] Hosting environment: Development
2025-01-30 12:12:44.392 -05:00 [INF] Content root path: C:\Users\HP\Desktop\projet\asp.net.mvc6\CourrsWebApi3\Northwind3
2025-01-30 12:12:44.832 -05:00 [INF] Request starting HTTP/2 GET https://localhost:7195/swagger/index.html - null null
2025-01-30 12:12:45.369 -05:00 [INF] Request finished HTTP/2 GET https://localhost:7195/swagger/index.html - 200 null text/html; charset=utf-8 542.1177ms
2025-01-30 12:12:45.388 -05:00 [INF] Request starting HTTP/2 GET https://localhost:7195/_vs/browserLink - null null
2025-01-30 12:12:45.395 -05:00 [INF] Request starting HTTP/2 GET https://localhost:7195/_framework/aspnetcore-browser-refresh.js - null null
2025-01-30 12:12:45.449 -05:00 [INF] Request finished HTTP/2 GET https://localhost:7195/_framework/aspnetcore-browser-refresh.js - 200 13770 application/javascript; charset=utf-8 53.6905ms
2025-01-30 12:12:45.504 -05:00 [INF] Request finished HTTP/2 GET https://localhost:7195/_vs/browserLink - 200 null text/javascript; charset=UTF-8 115.7895ms
2025-01-30 12:12:45.598 -05:00 [INF] Request starting HTTP/2 GET https://localhost:7195/swagger/SmartEmployeBy Tresor_Ngola_v1/swagger.json - null null
2025-01-30 12:12:48.315 -05:00 [INF] Request finished HTTP/2 GET https://localhost:7195/swagger/SmartEmployeBy Tresor_Ngola_v1/swagger.json - 200 null application/json; charset=utf-8 2717.3778ms
2025-01-30 12:12:58.229 -05:00 [INF] Request starting HTTP/2 GET https://localhost:7195/swagger/SmartEmployeBy Tresor_Ngola_v1/swagger.json - null null
2025-01-30 12:12:58.238 -05:00 [INF] Request finished HTTP/2 GET https://localhost:7195/swagger/SmartEmployeBy Tresor_Ngola_v1/swagger.json - 200 null application/json; charset=utf-8 9.2779ms
2025-01-30 12:13:20.004 -05:00 [INF] Request starting HTTP/2 GET https://localhost:7195/api/Employes/4 - null null
2025-01-30 12:13:20.025 -05:00 [INF] Executing endpoint 'ApiProjetVersion3.Controllers.EmployesController.GetEmploye (ApiProjetVersion3)'
2025-01-30 12:13:20.065 -05:00 [INF] Route matched with {action = "GetEmploye", controller = "Employes"}. Executing controller action with signature System.Threading.Tasks.Task`1[Microsoft.AspNetCore.Mvc.ActionResult`1[ApiProjetVersion3.Entities.Employe]] GetEmploye(Int32) on controller ApiProjetVersion3.Controllers.EmployesController (ApiProjetVersion3).
2025-01-30 12:13:21.396 -05:00 [WRN] Sensitive data logging is enabled. Log entries and exception messages may include sensitive application data; this mode should only be enabled during development.
2025-01-30 12:13:25.543 -05:00 [INF] Executed DbCommand (93ms) [Parameters=[@__id_0='4'], CommandType='"Text"', CommandTimeout='30']
SELECT [s].[Id], [s].[Civilite], [s].[DateEmbauche], [s].[DateNaissance], [s].[Fonction], [s].[IdAdresse], [s].[IdManager], [s].[Nom], [s].[Notes], [s].[Photo], [s].[Prenom], [s].[Id0], [s].[CodePostal], [s].[Pays], [s].[Region], [s].[Rue], [s].[Tel], [s].[Ville], [s0].[Id], [s0].[IdRegion], [s0].[Nom], [s0].[Id0], [s0].[Nom0], [s0].[IdEmploye], [s0].[IdTerritoire]
FROM (
    SELECT TOP(1) [e].[Id], [e].[Civilite], [e].[DateEmbauche], [e].[DateNaissance], [e].[Fonction], [e].[IdAdresse], [e].[IdManager], [e].[Nom], [e].[Notes], [e].[Photo], [e].[Prenom], [a].[Id] AS [Id0], [a].[CodePostal], [a].[Pays], [a].[Region], [a].[Rue], [a].[Tel], [a].[Ville]
    FROM [Employes] AS [e]
    INNER JOIN [Adresses] AS [a] ON [e].[IdAdresse] = [a].[Id]
    WHERE [e].[Id] = @__id_0
) AS [s]
LEFT JOIN (
    SELECT [t].[Id], [t].[IdRegion], [t].[Nom], [r].[Id] AS [Id0], [r].[Nom] AS [Nom0], [a0].[IdEmploye], [a0].[IdTerritoire]
    FROM [Affectations] AS [a0]
    INNER JOIN [Territoires] AS [t] ON [a0].[IdTerritoire] = [t].[Id]
    INNER JOIN [Regions] AS [r] ON [t].[IdRegion] = [r].[Id]
) AS [s0] ON [s].[Id] = [s0].[IdEmploye]
ORDER BY [s].[Id], [s].[Id0], [s0].[IdEmploye], [s0].[IdTerritoire], [s0].[Id]
2025-01-30 12:13:25.638 -05:00 [INF] Executing OkObjectResult, writing value of type 'ApiProjetVersion3.Entities.Employe'.
2025-01-30 12:13:25.765 -05:00 [INF] Executed action ApiProjetVersion3.Controllers.EmployesController.GetEmploye (ApiProjetVersion3) in 5690.0571ms
2025-01-30 12:13:25.770 -05:00 [INF] Executed endpoint 'ApiProjetVersion3.Controllers.EmployesController.GetEmploye (ApiProjetVersion3)'
2025-01-30 12:13:25.787 -05:00 [INF] Request finished HTTP/2 GET https://localhost:7195/api/Employes/4 - 200 null application/json; charset=utf-8 5783.1767ms
2025-01-30 19:28:29.211 -05:00 [INF] User profile is available. Using 'C:\Users\HP\AppData\Local\ASP.NET\DataProtection-Keys' as key repository and Windows DPAPI to encrypt keys at rest.
2025-01-30 19:28:29.627 -05:00 [INF] Now listening on: https://localhost:7195
2025-01-30 19:28:29.630 -05:00 [INF] Now listening on: http://localhost:5121
2025-01-30 19:28:29.638 -05:00 [INF] Application started. Press Ctrl+C to shut down.
2025-01-30 19:28:29.641 -05:00 [INF] Hosting environment: Development
2025-01-30 19:28:29.643 -05:00 [INF] Content root path: C:\Users\HP\Desktop\projet\asp.net.mvc6\CourrsWebApi3\Northwind3
2025-01-30 19:28:31.194 -05:00 [INF] Request starting HTTP/2 GET https://localhost:7195/swagger - null null
2025-01-30 19:28:31.564 -05:00 [INF] Request finished HTTP/2 GET https://localhost:7195/swagger - 302 0 null 379.0468ms
2025-01-30 19:28:31.585 -05:00 [INF] Request starting HTTP/2 GET https://localhost:7195/swagger/index.html - null null
2025-01-30 19:28:31.942 -05:00 [INF] Request finished HTTP/2 GET https://localhost:7195/swagger/index.html - 200 null text/html; charset=utf-8 357.673ms
2025-01-30 19:28:31.982 -05:00 [INF] Request starting HTTP/2 GET https://localhost:7195/swagger/index.css - null null
2025-01-30 19:28:31.982 -05:00 [INF] Request starting HTTP/2 GET https://localhost:7195/swagger/swagger-ui.css - null null
2025-01-30 19:28:31.982 -05:00 [INF] Request starting HTTP/2 GET https://localhost:7195/swagger/swagger-ui-bundle.js - null null
2025-01-30 19:28:31.984 -05:00 [INF] Request starting HTTP/2 GET https://localhost:7195/swagger/swagger-ui-standalone-preset.js - null null
2025-01-30 19:28:31.987 -05:00 [INF] Request starting HTTP/2 GET https://localhost:7195/_framework/aspnetcore-browser-refresh.js - null null
2025-01-30 19:28:32.014 -05:00 [INF] Request starting HTTP/2 GET https://localhost:7195/_vs/browserLink - null null
2025-01-30 19:28:32.101 -05:00 [INF] Sending file. Request path: '/index.css'. Physical path: 'N/A'
2025-01-30 19:28:32.160 -05:00 [INF] Request finished HTTP/2 GET https://localhost:7195/_framework/aspnetcore-browser-refresh.js - 200 13770 application/javascript; charset=utf-8 173.3063ms
2025-01-30 19:28:32.176 -05:00 [INF] Sending file. Request path: '/swagger-ui.css'. Physical path: 'N/A'
2025-01-30 19:28:32.182 -05:00 [INF] Sending file. Request path: '/swagger-ui-standalone-preset.js'. Physical path: 'N/A'
2025-01-30 19:28:32.213 -05:00 [INF] Request finished HTTP/2 GET https://localhost:7195/swagger/index.css - 200 218 text/css 231.3012ms
2025-01-30 19:28:32.225 -05:00 [INF] Request finished HTTP/2 GET https://localhost:7195/swagger/swagger-ui-standalone-preset.js - 200 230294 text/javascript 241.4356ms
2025-01-30 19:28:32.225 -05:00 [INF] Request finished HTTP/2 GET https://localhost:7195/swagger/swagger-ui.css - 200 152073 text/css 243.4616ms
2025-01-30 19:28:32.255 -05:00 [INF] Sending file. Request path: '/swagger-ui-bundle.js'. Physical path: 'N/A'
2025-01-30 19:28:32.377 -05:00 [INF] Request finished HTTP/2 GET https://localhost:7195/swagger/swagger-ui-bundle.js - 200 1452754 text/javascript 394.0697ms
2025-01-30 19:28:32.461 -05:00 [INF] Request finished HTTP/2 GET https://localhost:7195/_vs/browserLink - 200 null text/javascript; charset=UTF-8 446.9801ms
2025-01-30 19:28:33.082 -05:00 [INF] Request starting HTTP/2 GET https://localhost:7195/swagger/SmartEmployeBy Tresor_Ngola_v1/swagger.json - null null
2025-01-30 19:28:33.194 -05:00 [INF] Request starting HTTP/2 GET https://localhost:7195/swagger/favicon-32x32.png - null null
2025-01-30 19:28:33.496 -05:00 [INF] Sending file. Request path: '/favicon-32x32.png'. Physical path: 'N/A'
2025-01-30 19:28:33.513 -05:00 [INF] Request finished HTTP/2 GET https://localhost:7195/swagger/favicon-32x32.png - 200 628 image/png 318.935ms
2025-01-30 19:28:34.877 -05:00 [INF] Request finished HTTP/2 GET https://localhost:7195/swagger/SmartEmployeBy Tresor_Ngola_v1/swagger.json - 200 null application/json; charset=utf-8 1795.3506ms
