2025-02-03 14:13:37.097 -05:00 [INF] User profile is available. Using 'C:\Users\HP\AppData\Local\ASP.NET\DataProtection-Keys' as key repository and Windows DPAPI to encrypt keys at rest.
2025-02-03 14:13:37.398 -05:00 [INF] Now listening on: https://localhost:7195
2025-02-03 14:13:37.403 -05:00 [INF] Now listening on: http://localhost:5121
2025-02-03 14:13:37.413 -05:00 [INF] Application started. Press Ctrl+C to shut down.
2025-02-03 14:13:37.418 -05:00 [INF] Hosting environment: Development
2025-02-03 14:13:37.420 -05:00 [INF] Content root path: C:\Users\HP\Desktop\projet\asp.net.mvc6\gestion_employeV1\ApiProjetVersion3
2025-02-03 14:13:38.576 -05:00 [INF] Request starting HTTP/2 GET https://localhost:7195/swagger - null null
2025-02-03 14:13:38.823 -05:00 [INF] Request finished HTTP/2 GET https://localhost:7195/swagger - 302 0 null 250.2864ms
2025-02-03 14:13:38.832 -05:00 [INF] Request starting HTTP/2 GET https://localhost:7195/swagger/index.html - null null
2025-02-03 14:13:39.055 -05:00 [INF] Request finished HTTP/2 GET https://localhost:7195/swagger/index.html - 200 null text/html; charset=utf-8 221.8169ms
2025-02-03 14:13:39.095 -05:00 [INF] Request starting HTTP/2 GET https://localhost:7195/_framework/aspnetcore-browser-refresh.js - null null
2025-02-03 14:13:39.103 -05:00 [INF] Request starting HTTP/2 GET https://localhost:7195/_vs/browserLink - null null
2025-02-03 14:13:39.129 -05:00 [INF] Request finished HTTP/2 GET https://localhost:7195/_framework/aspnetcore-browser-refresh.js - 200 13770 application/javascript; charset=utf-8 34.1916ms
2025-02-03 14:13:39.333 -05:00 [INF] Request finished HTTP/2 GET https://localhost:7195/_vs/browserLink - 200 null text/javascript; charset=UTF-8 230.3808ms
2025-02-03 14:13:48.197 -05:00 [INF] Request starting HTTP/2 GET https://localhost:7195/swagger/SmartEmployeBy Tresor_Ngola_v1/swagger.json - null null
2025-02-03 14:13:48.976 -05:00 [INF] Request finished HTTP/2 GET https://localhost:7195/swagger/SmartEmployeBy Tresor_Ngola_v1/swagger.json - 200 null application/json; charset=utf-8 778.2403ms
2025-02-03 14:14:02.325 -05:00 [INF] Request starting HTTP/2 GET https://localhost:7195/api/Employes - null null
2025-02-03 14:14:02.348 -05:00 [INF] Executing endpoint 'ApiProjetVersion3.Controllers.EmployesController.GetEmployes (ApiProjetVersion3)'
2025-02-03 14:14:02.388 -05:00 [INF] Route matched with {action = "GetEmployes", controller = "Employes"}. Executing controller action with signature System.Threading.Tasks.Task`1[Microsoft.AspNetCore.Mvc.ActionResult`1[System.Collections.Generic.IEnumerable`1[ApiProjetVersion3.Entities.Employe]]] GetEmployes(System.String, System.Nullable`1[System.DateTime]) on controller ApiProjetVersion3.Controllers.EmployesController (ApiProjetVersion3).
2025-02-03 14:14:03.519 -05:00 [WRN] Sensitive data logging is enabled. Log entries and exception messages may include sensitive application data; this mode should only be enabled during development.
2025-02-03 14:14:07.212 -05:00 [INF] Executed DbCommand (86ms) [Parameters=[], CommandType='"Text"', CommandTimeout='30']
SELECT [e].[Id], [e].[Civilite], [e].[Nom], [e].[Prenom], [e].[Fonction], [e].[DateEmbauche], [a].[Id], [a].[CodePostal], [a].[Pays], [a].[Region], [a].[Rue], [a].[Tel], [a].[Ville], [s].[Id], [s].[IdRegion], [s].[Nom], [s].[IdEmploye], [s].[IdTerritoire]
FROM [Employes] AS [e]
INNER JOIN [Adresses] AS [a] ON [e].[IdAdresse] = [a].[Id]
LEFT JOIN (
    SELECT [t].[Id], [t].[IdRegion], [t].[Nom], [a0].[IdEmploye], [a0].[IdTerritoire]
    FROM [Affectations] AS [a0]
    INNER JOIN [Territoires] AS [t] ON [a0].[IdTerritoire] = [t].[Id]
) AS [s] ON [e].[Id] = [s].[IdEmploye]
ORDER BY [e].[Nom], [e].[Prenom], [e].[Id], [a].[Id], [s].[IdEmploye], [s].[IdTerritoire]
2025-02-03 14:14:07.308 -05:00 [INF] Executing OkObjectResult, writing value of type 'System.Collections.Generic.List`1[[ApiProjetVersion3.Entities.Employe, ApiProjetVersion3, Version=1.0.0.0, Culture=neutral, PublicKeyToken=null]]'.
2025-02-03 14:14:07.460 -05:00 [INF] Executed action ApiProjetVersion3.Controllers.EmployesController.GetEmployes (ApiProjetVersion3) in 5062.4306ms
2025-02-03 14:14:07.463 -05:00 [INF] Executed endpoint 'ApiProjetVersion3.Controllers.EmployesController.GetEmployes (ApiProjetVersion3)'
2025-02-03 14:14:07.479 -05:00 [INF] Request finished HTTP/2 GET https://localhost:7195/api/Employes - 200 null application/json; charset=utf-8 5153.8993ms
2025-02-03 14:15:20.397 -05:00 [INF] User profile is available. Using 'C:\Users\HP\AppData\Local\ASP.NET\DataProtection-Keys' as key repository and Windows DPAPI to encrypt keys at rest.
2025-02-03 14:15:20.632 -05:00 [INF] Now listening on: https://localhost:7195
2025-02-03 14:15:20.635 -05:00 [INF] Now listening on: http://localhost:5121
2025-02-03 14:15:20.640 -05:00 [INF] Application started. Press Ctrl+C to shut down.
2025-02-03 14:15:20.642 -05:00 [INF] Hosting environment: Development
2025-02-03 14:15:20.643 -05:00 [INF] Content root path: C:\Users\HP\Desktop\projet\asp.net.mvc6\gestion_employeV1\ApiProjetVersion3
2025-02-03 14:17:44.405 -05:00 [INF] User profile is available. Using 'C:\Users\HP\AppData\Local\ASP.NET\DataProtection-Keys' as key repository and Windows DPAPI to encrypt keys at rest.
2025-02-03 14:17:44.720 -05:00 [INF] Now listening on: https://localhost:7195
2025-02-03 14:17:44.724 -05:00 [INF] Now listening on: http://localhost:5121
2025-02-03 14:17:44.734 -05:00 [INF] Application started. Press Ctrl+C to shut down.
2025-02-03 14:17:44.737 -05:00 [INF] Hosting environment: Development
2025-02-03 14:17:44.739 -05:00 [INF] Content root path: C:\Users\HP\Desktop\projet\asp.net.mvc6\gestion_employeV2\ApiProjetVersion3
2025-02-03 14:17:47.824 -05:00 [INF] Request starting HTTP/2 GET https://localhost:7195/swagger - null null
2025-02-03 14:17:48.233 -05:00 [INF] Request finished HTTP/2 GET https://localhost:7195/swagger - 302 0 null 417.8389ms
2025-02-03 14:17:48.258 -05:00 [INF] Request starting HTTP/2 GET https://localhost:7195/swagger/index.html - null null
2025-02-03 14:17:48.606 -05:00 [INF] Request finished HTTP/2 GET https://localhost:7195/swagger/index.html - 200 null text/html; charset=utf-8 349.1092ms
2025-02-03 14:17:48.638 -05:00 [INF] Request starting HTTP/2 GET https://localhost:7195/_framework/aspnetcore-browser-refresh.js - null null
2025-02-03 14:17:48.647 -05:00 [INF] Request starting HTTP/2 GET https://localhost:7195/_vs/browserLink - null null
2025-02-03 14:17:48.688 -05:00 [INF] Request finished HTTP/2 GET https://localhost:7195/_framework/aspnetcore-browser-refresh.js - 200 13770 application/javascript; charset=utf-8 50.7567ms
2025-02-03 14:17:48.770 -05:00 [INF] Request finished HTTP/2 GET https://localhost:7195/_vs/browserLink - 200 null text/javascript; charset=UTF-8 122.7688ms
2025-02-03 14:17:49.005 -05:00 [INF] Request starting HTTP/2 GET https://localhost:7195/swagger/SmartEmployeBy Tresor_Ngola_v1/swagger.json - null null
2025-02-03 14:17:50.648 -05:00 [INF] Request finished HTTP/2 GET https://localhost:7195/swagger/SmartEmployeBy Tresor_Ngola_v1/swagger.json - 200 null application/json; charset=utf-8 1643.1795ms
2025-02-03 14:18:13.177 -05:00 [INF] Request starting HTTP/2 GET https://localhost:7195/api/Employes/4 - null null
2025-02-03 14:18:13.201 -05:00 [INF] Executing endpoint 'ApiProjetVersion3.Controllers.EmployesController.GetEmploye (ApiProjetVersion3)'
2025-02-03 14:18:13.255 -05:00 [INF] Route matched with {action = "GetEmploye", controller = "Employes"}. Executing controller action with signature System.Threading.Tasks.Task`1[Microsoft.AspNetCore.Mvc.ActionResult`1[ApiProjetVersion3.Entities.Employe]] GetEmploye(Int32) on controller ApiProjetVersion3.Controllers.EmployesController (ApiProjetVersion3).
2025-02-03 14:18:14.314 -05:00 [WRN] Sensitive data logging is enabled. Log entries and exception messages may include sensitive application data; this mode should only be enabled during development.
2025-02-03 14:18:16.227 -05:00 [INF] Executed DbCommand (211ms) [Parameters=[@__id_0='4'], CommandType='"Text"', CommandTimeout='30']
SELECT [s].[Id], [s].[Civilite], [s].[DateEmbauche], [s].[DateNaissance], [s].[Fonction], [s].[IdAdresse], [s].[IdManager], [s].[Nom], [s].[Notes], [s].[Photo], [s].[Prenom], [s].[Id0], [s].[CodePostal], [s].[Pays], [s].[Region], [s].[Rue], [s].[Tel], [s].[Ville], [s0].[Id], [s0].[IdRegion], [s0].[Nom], [s0].[Id0], [s0].[Nom0], [s0].[IdEmploye], [s0].[IdTerritoire]
FROM (
    SELECT TOP(1) [e].[Id], [e].[Civilite], [e].[DateEmbauche], [e].[DateNaissance], [e].[Fonction], [e].[IdAdresse], [e].[IdManager], [e].[Nom], [e].[Notes], [e].[Photo], [e].[Prenom], [a].[Id] AS [Id0], [a].[CodePostal], [a].[Pays], [a].[Region], [a].[Rue], [a].[Tel], [a].[Ville]
    FROM [Employes] AS [e]
    INNER JOIN [Adresses] AS [a] ON [e].[IdAdresse] = [a].[Id]
    WHERE [e].[Id] = @__id_0
) AS [s]
LEFT JOIN (
    SELECT [t].[Id], [t].[IdRegion], [t].[Nom], [r].[Id] AS [Id0], [r].[Nom] AS [Nom0], [a0].[IdEmploye], [a0].[IdTerritoire]
    FROM [Affectations] AS [a0]
    INNER JOIN [Territoires] AS [t] ON [a0].[IdTerritoire] = [t].[Id]
    INNER JOIN [Regions] AS [r] ON [t].[IdRegion] = [r].[Id]
) AS [s0] ON [s].[Id] = [s0].[IdEmploye]
ORDER BY [s].[Id], [s].[Id0], [s0].[IdEmploye], [s0].[IdTerritoire], [s0].[Id]
2025-02-03 14:18:16.342 -05:00 [INF] Executing OkObjectResult, writing value of type 'ApiProjetVersion3.Entities.Employe'.
2025-02-03 14:18:16.454 -05:00 [INF] Executed action ApiProjetVersion3.Controllers.EmployesController.GetEmploye (ApiProjetVersion3) in 3187.999ms
2025-02-03 14:18:16.461 -05:00 [INF] Executed endpoint 'ApiProjetVersion3.Controllers.EmployesController.GetEmploye (ApiProjetVersion3)'
2025-02-03 14:18:16.479 -05:00 [INF] Request finished HTTP/2 GET https://localhost:7195/api/Employes/4 - 200 null application/json; charset=utf-8 3301.36ms
2025-02-03 14:19:54.908 -05:00 [INF] User profile is available. Using 'C:\Users\HP\AppData\Local\ASP.NET\DataProtection-Keys' as key repository and Windows DPAPI to encrypt keys at rest.
2025-02-03 14:19:55.263 -05:00 [INF] Now listening on: https://localhost:7195
2025-02-03 14:19:55.266 -05:00 [INF] Now listening on: http://localhost:5121
2025-02-03 14:19:55.271 -05:00 [INF] Application started. Press Ctrl+C to shut down.
2025-02-03 14:19:55.273 -05:00 [INF] Hosting environment: Development
2025-02-03 14:19:55.274 -05:00 [INF] Content root path: C:\Users\HP\Desktop\projet\asp.net.mvc6\gestion_employeV2\ApiProjetVersion3
2025-02-03 14:20:31.219 -05:00 [INF] User profile is available. Using 'C:\Users\HP\AppData\Local\ASP.NET\DataProtection-Keys' as key repository and Windows DPAPI to encrypt keys at rest.
2025-02-03 14:20:31.764 -05:00 [INF] Now listening on: https://localhost:7195
2025-02-03 14:20:31.767 -05:00 [INF] Now listening on: http://localhost:5121
2025-02-03 14:20:31.779 -05:00 [INF] Application started. Press Ctrl+C to shut down.
2025-02-03 14:20:31.781 -05:00 [INF] Hosting environment: Development
2025-02-03 14:20:31.783 -05:00 [INF] Content root path: C:\Users\HP\Desktop\projet\asp.net.mvc6\gestion_employeV2\ApiProjetVersion3
2025-02-03 14:20:38.214 -05:00 [INF] Request starting HTTP/2 GET https://localhost:7195/swagger - null null
2025-02-03 14:20:39.815 -05:00 [INF] Request finished HTTP/2 GET https://localhost:7195/swagger - 302 0 null 1604.3851ms
2025-02-03 14:20:39.858 -05:00 [INF] Request starting HTTP/2 GET https://localhost:7195/swagger/index.html - null null
2025-02-03 14:20:40.225 -05:00 [INF] Request finished HTTP/2 GET https://localhost:7195/swagger/index.html - 200 null text/html; charset=utf-8 366.4122ms
2025-02-03 14:20:40.315 -05:00 [INF] Request starting HTTP/2 GET https://localhost:7195/_framework/aspnetcore-browser-refresh.js - null null
2025-02-03 14:20:40.363 -05:00 [INF] Request finished HTTP/2 GET https://localhost:7195/_framework/aspnetcore-browser-refresh.js - 200 13770 application/javascript; charset=utf-8 48.3098ms
2025-02-03 14:20:40.485 -05:00 [INF] Request starting HTTP/2 GET https://localhost:7195/_vs/browserLink - null null
2025-02-03 14:20:40.585 -05:00 [INF] Request finished HTTP/2 GET https://localhost:7195/_vs/browserLink - 200 null text/javascript; charset=UTF-8 99.309ms
2025-02-03 14:20:42.033 -05:00 [INF] Request starting HTTP/2 GET https://localhost:7195/swagger/SmartEmployeBy Tresor_Ngola_v1/swagger.json - null null
2025-02-03 14:20:43.201 -05:00 [INF] Request finished HTTP/2 GET https://localhost:7195/swagger/SmartEmployeBy Tresor_Ngola_v1/swagger.json - 200 null application/json; charset=utf-8 1167.1244ms
2025-02-03 14:21:17.363 -05:00 [INF] User profile is available. Using 'C:\Users\HP\AppData\Local\ASP.NET\DataProtection-Keys' as key repository and Windows DPAPI to encrypt keys at rest.
2025-02-03 14:21:17.957 -05:00 [INF] Now listening on: https://localhost:7195
2025-02-03 14:21:17.968 -05:00 [INF] Now listening on: http://localhost:5121
2025-02-03 14:21:17.981 -05:00 [INF] Application started. Press Ctrl+C to shut down.
2025-02-03 14:21:17.990 -05:00 [INF] Hosting environment: Development
2025-02-03 14:21:17.992 -05:00 [INF] Content root path: C:\Users\HP\Desktop\projet\asp.net.mvc6\gestion_employeV2\ApiProjetVersion3
2025-02-03 14:21:18.765 -05:00 [INF] Request starting HTTP/2 GET https://localhost:7195/swagger - null null
2025-02-03 14:21:19.018 -05:00 [INF] Request finished HTTP/2 GET https://localhost:7195/swagger - 302 0 null 254.1194ms
2025-02-03 14:21:19.038 -05:00 [INF] Request starting HTTP/2 GET https://localhost:7195/swagger/index.html - null null
2025-02-03 14:21:19.326 -05:00 [INF] Request finished HTTP/2 GET https://localhost:7195/swagger/index.html - 200 null text/html; charset=utf-8 287.9159ms
2025-02-03 14:21:19.401 -05:00 [INF] Request starting HTTP/2 GET https://localhost:7195/_framework/aspnetcore-browser-refresh.js - null null
2025-02-03 14:21:19.461 -05:00 [INF] Request finished HTTP/2 GET https://localhost:7195/_framework/aspnetcore-browser-refresh.js - 200 13770 application/javascript; charset=utf-8 60.2479ms
2025-02-03 14:21:19.508 -05:00 [INF] Request starting HTTP/2 GET https://localhost:7195/_vs/browserLink - null null
2025-02-03 14:21:19.687 -05:00 [INF] Request finished HTTP/2 GET https://localhost:7195/_vs/browserLink - 200 null text/javascript; charset=UTF-8 179.8279ms
2025-02-03 14:21:20.225 -05:00 [INF] Request starting HTTP/2 GET https://localhost:7195/swagger/SmartEmployeBy Tresor_Ngola_v1/swagger.json - null null
2025-02-03 14:21:21.112 -05:00 [INF] Request finished HTTP/2 GET https://localhost:7195/swagger/SmartEmployeBy Tresor_Ngola_v1/swagger.json - 200 null application/json; charset=utf-8 887.3074ms
2025-02-03 14:21:32.849 -05:00 [INF] Request starting HTTP/2 GET https://localhost:7195/api/Employes - null null
2025-02-03 14:21:32.868 -05:00 [INF] Executing endpoint 'ApiProjetVersion3.Controllers.EmployesController.GetEmployes (ApiProjetVersion3)'
2025-02-03 14:21:32.906 -05:00 [INF] Route matched with {action = "GetEmployes", controller = "Employes"}. Executing controller action with signature System.Threading.Tasks.Task`1[Microsoft.AspNetCore.Mvc.ActionResult`1[System.Collections.Generic.IEnumerable`1[ApiProjetVersion3.Entities.Employe]]] GetEmployes(System.String, System.Nullable`1[System.DateTime]) on controller ApiProjetVersion3.Controllers.EmployesController (ApiProjetVersion3).
2025-02-03 14:21:33.858 -05:00 [WRN] Sensitive data logging is enabled. Log entries and exception messages may include sensitive application data; this mode should only be enabled during development.
2025-02-03 14:21:35.029 -05:00 [INF] Executed DbCommand (71ms) [Parameters=[], CommandType='"Text"', CommandTimeout='30']
SELECT [e].[Id], [e].[Civilite], [e].[Nom], [e].[Prenom], [e].[Fonction], [e].[DateEmbauche], [a].[Id], [a].[CodePostal], [a].[Pays], [a].[Region], [a].[Rue], [a].[Tel], [a].[Ville], [s].[Id], [s].[IdRegion], [s].[Nom], [s].[IdEmploye], [s].[IdTerritoire]
FROM [Employes] AS [e]
INNER JOIN [Adresses] AS [a] ON [e].[IdAdresse] = [a].[Id]
LEFT JOIN (
    SELECT [t].[Id], [t].[IdRegion], [t].[Nom], [a0].[IdEmploye], [a0].[IdTerritoire]
    FROM [Affectations] AS [a0]
    INNER JOIN [Territoires] AS [t] ON [a0].[IdTerritoire] = [t].[Id]
) AS [s] ON [e].[Id] = [s].[IdEmploye]
ORDER BY [e].[Nom], [e].[Prenom], [e].[Id], [a].[Id], [s].[IdEmploye], [s].[IdTerritoire]
2025-02-03 14:21:35.090 -05:00 [INF] Executing OkObjectResult, writing value of type 'System.Collections.Generic.List`1[[ApiProjetVersion3.Entities.Employe, ApiProjetVersion3, Version=1.0.0.0, Culture=neutral, PublicKeyToken=null]]'.
2025-02-03 14:21:35.184 -05:00 [INF] Executed action ApiProjetVersion3.Controllers.EmployesController.GetEmployes (ApiProjetVersion3) in 2270.9163ms
2025-02-03 14:21:35.188 -05:00 [INF] Executed endpoint 'ApiProjetVersion3.Controllers.EmployesController.GetEmployes (ApiProjetVersion3)'
2025-02-03 14:21:35.200 -05:00 [INF] Request finished HTTP/2 GET https://localhost:7195/api/Employes - 200 null application/json; charset=utf-8 2351.7144ms
