2025-02-03 17:09:50.735 -05:00 [WRN] Sensitive data logging is enabled. Log entries and exception messages may include sensitive application data; this mode should only be enabled during development.
2025-02-03 17:09:51.901 -05:00 [INF] Executed DbCommand (33ms) [Parameters=[], CommandType='"Text"', CommandTimeout='30']
SELECT 1
2025-02-03 17:09:51.980 -05:00 [INF] Executed DbCommand (42ms) [Parameters=[], CommandType='"Text"', CommandTimeout='30']
SELECT OBJECT_ID(N'[__EFMigrationsHistory]');
2025-02-03 17:09:52.022 -05:00 [INF] Executed DbCommand (12ms) [Parameters=[], CommandType='"Text"', CommandTimeout='30']
SELECT [MigrationId], [ProductVersion]
FROM [__EFMigrationsHistory]
ORDER BY [MigrationId];
2025-02-03 17:10:35.247 -05:00 [INF] User profile is available. Using 'C:\Users\HP\AppData\Local\ASP.NET\DataProtection-Keys' as key repository and Windows DPAPI to encrypt keys at rest.
2025-02-03 17:10:35.909 -05:00 [INF] Now listening on: https://localhost:7195
2025-02-03 17:10:35.923 -05:00 [INF] Now listening on: http://localhost:5121
2025-02-03 17:10:35.934 -05:00 [INF] Application started. Press Ctrl+C to shut down.
2025-02-03 17:10:35.940 -05:00 [INF] Hosting environment: Development
2025-02-03 17:10:35.942 -05:00 [INF] Content root path: C:\Users\HP\Desktop\projet\asp.net.mvc6\gestion_employeV2\ApiProjetVersion3
2025-02-03 17:10:36.207 -05:00 [INF] Request starting HTTP/2 GET https://localhost:7195/swagger/index.html - null null
2025-02-03 17:10:36.709 -05:00 [INF] Request finished HTTP/2 GET https://localhost:7195/swagger/index.html - 200 null text/html; charset=utf-8 505.902ms
2025-02-03 17:10:36.724 -05:00 [INF] Request starting HTTP/2 GET https://localhost:7195/_vs/browserLink - null null
2025-02-03 17:10:36.735 -05:00 [INF] Request starting HTTP/2 GET https://localhost:7195/_framework/aspnetcore-browser-refresh.js - null null
2025-02-03 17:10:36.759 -05:00 [INF] Request finished HTTP/2 GET https://localhost:7195/_framework/aspnetcore-browser-refresh.js - 200 13770 application/javascript; charset=utf-8 23.7162ms
2025-02-03 17:10:36.805 -05:00 [INF] Request finished HTTP/2 GET https://localhost:7195/_vs/browserLink - 200 null text/javascript; charset=UTF-8 80.7707ms
2025-02-03 17:10:36.922 -05:00 [INF] Request starting HTTP/2 GET https://localhost:7195/swagger/SmartEmployeBy Tresor_Ngola_v1/swagger.json - null null
2025-02-03 17:10:38.493 -05:00 [INF] Request finished HTTP/2 GET https://localhost:7195/swagger/SmartEmployeBy Tresor_Ngola_v1/swagger.json - 200 null application/json; charset=utf-8 1570.9039ms
