2025-01-18 15:08:41.658 -05:00 [WRN] As of ""2025-01-18T20:08:41.6373000+00:00"", the heartbeat has been running for ""00:00:02.1065528"" which is longer than ""00:00:01"". This could be caused by thread pool starvation.
2025-01-18 16:33:21.445 -05:00 [INF] Request starting HTTP/2 GET https://localhost:7195/swagger/index.html - null null
2025-01-18 16:33:21.531 -05:00 [INF] Request finished HTTP/2 GET https://localhost:7195/swagger/index.html - 200 null text/html;charset=utf-8 86.9528ms
2025-01-18 16:33:21.610 -05:00 [INF] Request starting HTTP/2 GET https://localhost:7195/_framework/aspnetcore-browser-refresh.js - null null
2025-01-18 16:33:21.612 -05:00 [INF] Request starting HTTP/2 GET https://localhost:7195/_vs/browserLink - null null
2025-01-18 16:33:21.617 -05:00 [INF] Request finished HTTP/2 GET https://localhost:7195/_framework/aspnetcore-browser-refresh.js - 200 13756 application/javascript; charset=utf-8 6.3728ms
2025-01-18 16:33:21.652 -05:00 [INF] Request finished HTTP/2 GET https://localhost:7195/_vs/browserLink - 200 null text/javascript; charset=UTF-8 39.9277ms
2025-01-18 16:33:29.037 -05:00 [INF] Request starting HTTP/2 GET https://localhost:7195/swagger/v1/swagger.json - null null
2025-01-18 16:33:29.114 -05:00 [INF] Request finished HTTP/2 GET https://localhost:7195/swagger/v1/swagger.json - 200 null application/json;charset=utf-8 77.1878ms
2025-01-18 16:50:40.921 -05:00 [INF] Request starting HTTP/2 GET https://localhost:7195/swagger/index.html - null null
2025-01-18 16:50:40.949 -05:00 [INF] Request finished HTTP/2 GET https://localhost:7195/swagger/index.html - 200 null text/html;charset=utf-8 27.8506ms
2025-01-18 16:50:40.983 -05:00 [INF] Request starting HTTP/2 GET https://localhost:7195/_vs/browserLink - null null
2025-01-18 16:50:40.983 -05:00 [INF] Request starting HTTP/2 GET https://localhost:7195/_framework/aspnetcore-browser-refresh.js - null null
2025-01-18 16:50:40.996 -05:00 [INF] Request finished HTTP/2 GET https://localhost:7195/_framework/aspnetcore-browser-refresh.js - 200 13756 application/javascript; charset=utf-8 13.374ms
2025-01-18 16:50:40.999 -05:00 [INF] Request finished HTTP/2 GET https://localhost:7195/_vs/browserLink - 200 null text/javascript; charset=UTF-8 16.0001ms
2025-01-18 16:50:41.137 -05:00 [INF] Request starting HTTP/2 GET https://localhost:7195/swagger/v1/swagger.json - null null
2025-01-18 16:50:41.178 -05:00 [INF] Request finished HTTP/2 GET https://localhost:7195/swagger/v1/swagger.json - 200 null application/json;charset=utf-8 41.5673ms
2025-01-18 16:52:09.326 -05:00 [INF] Now listening on: https://localhost:7195
2025-01-18 16:52:09.370 -05:00 [INF] Now listening on: http://localhost:5121
2025-01-18 16:52:09.374 -05:00 [INF] Application started. Press Ctrl+C to shut down.
2025-01-18 16:52:09.375 -05:00 [INF] Hosting environment: Development
2025-01-18 16:52:09.376 -05:00 [INF] Content root path: C:\Users\HP\Desktop\dyma\asp_dot_net_dyma\CourrsWebApi3\Northwind3
2025-01-18 16:52:09.811 -05:00 [INF] Request starting HTTP/2 GET https://localhost:7195/swagger/index.html - null null
2025-01-18 16:52:10.015 -05:00 [INF] Request finished HTTP/2 GET https://localhost:7195/swagger/index.html - 200 null text/html;charset=utf-8 205.3724ms
2025-01-18 16:52:10.095 -05:00 [INF] Request starting HTTP/2 GET https://localhost:7195/_vs/browserLink - null null
2025-01-18 16:52:10.095 -05:00 [INF] Request starting HTTP/2 GET https://localhost:7195/_framework/aspnetcore-browser-refresh.js - null null
2025-01-18 16:52:10.113 -05:00 [INF] Request finished HTTP/2 GET https://localhost:7195/_framework/aspnetcore-browser-refresh.js - 200 13756 application/javascript; charset=utf-8 16.6485ms
2025-01-18 16:52:10.157 -05:00 [INF] Request finished HTTP/2 GET https://localhost:7195/_vs/browserLink - 200 null text/javascript; charset=UTF-8 62.1317ms
2025-01-18 16:52:10.202 -05:00 [INF] Request starting HTTP/2 GET https://localhost:7195/swagger/v1/swagger.json - null null
2025-01-18 16:52:10.478 -05:00 [INF] Request finished HTTP/2 GET https://localhost:7195/swagger/v1/swagger.json - 200 null application/json;charset=utf-8 276.2321ms
2025-01-18 16:52:19.340 -05:00 [INF] Request starting HTTP/2 DELETE https://localhost:7195/api/Employes/7 - null null
2025-01-18 16:52:19.354 -05:00 [INF] Executing endpoint 'Northwind3.Controllers.EmployesController.SupprimeEmploye (Northwind3)'
2025-01-18 16:52:19.394 -05:00 [INF] Route matched with {action = "SupprimeEmploye", controller = "Employes"}. Executing controller action with signature System.Threading.Tasks.Task`1[Microsoft.AspNetCore.Mvc.IActionResult] SupprimeEmploye(Int32) on controller Northwind3.Controllers.EmployesController (Northwind3).
2025-01-18 16:52:20.454 -05:00 [WRN] Sensitive data logging is enabled. Log entries and exception messages may include sensitive application data; this mode should only be enabled during development.
2025-01-18 16:52:21.668 -05:00 [INF] Executed DbCommand (65ms) [Parameters=[@__p_0='7'], CommandType='"Text"', CommandTimeout='30']
SELECT TOP(1) [e].[Id], [e].[Civilite], [e].[DateEmbauche], [e].[DateNaissance], [e].[Fonction], [e].[IdAdresse], [e].[IdManager], [e].[Nom], [e].[Notes], [e].[Photo], [e].[Prenom]
FROM [Employes] AS [e]
WHERE [e].[Id] = @__p_0
2025-01-18 16:52:21.940 -05:00 [INF] Executed DbCommand (11ms) [Parameters=[@p0='7'], CommandType='"Text"', CommandTimeout='30']
SET IMPLICIT_TRANSACTIONS OFF;
SET NOCOUNT ON;
DELETE FROM [Employes]
OUTPUT 1
WHERE [Id] = @p0;
2025-01-18 16:52:21.969 -05:00 [INF] Executing StatusCodeResult, setting HTTP status code 204
2025-01-18 16:52:21.976 -05:00 [INF] Executed action Northwind3.Controllers.EmployesController.SupprimeEmploye (Northwind3) in 2573.0394ms
2025-01-18 16:52:21.979 -05:00 [INF] Executed endpoint 'Northwind3.Controllers.EmployesController.SupprimeEmploye (Northwind3)'
2025-01-18 16:52:21.989 -05:00 [INF] Request finished HTTP/2 DELETE https://localhost:7195/api/Employes/7 - 204 null null 2649.0535ms
2025-01-18 16:58:49.271 -05:00 [INF] Request starting HTTP/2 POST https://localhost:7195/api/Employes - application/json 409
2025-01-18 16:58:49.275 -05:00 [INF] Executing endpoint 'Northwind3.Controllers.EmployesController.PostEmploye (Northwind3)'
2025-01-18 16:58:49.290 -05:00 [INF] Route matched with {action = "PostEmploye", controller = "Employes"}. Executing controller action with signature System.Threading.Tasks.Task`1[Microsoft.AspNetCore.Mvc.ActionResult`1[Northwind3.Entities.Employe]] PostEmploye(Northwind3.Entities.Employe) on controller Northwind3.Controllers.EmployesController (Northwind3).
2025-01-18 16:58:49.510 -05:00 [INF] Executed DbCommand (25ms) [Parameters=[@p0='17886960-ce17-4338-b2d7-03110450e978', @p1='75008' (Nullable = false) (Size = 20) (DbType = AnsiString), @p2='FR' (Nullable = false) (Size = 40), @p3=NULL (Size = 40), @p4='3 avenue des champs Elysees' (Nullable = false) (Size = 100), @p5=NULL (Size = 20) (DbType = AnsiString), @p6='Paris' (Nullable = false) (Size = 40), @p7='Mr' (Size = 40), @p8=NULL (DbType = DateTime2), @p9=NULL (DbType = DateTime2), @p10='Ingenieur programmeur' (Size = 40), @p11='17886960-ce17-4338-b2d7-03110450e978', @p12=NULL (DbType = Int32), @p13='Ngola' (Nullable = false) (Size = 40), @p14=NULL (Size = 1000), @p15=NULL (Size = 8000) (DbType = Binary), @p16='Tresor Etobe' (Nullable = false) (Size = 40)], CommandType='"Text"', CommandTimeout='30']
SET NOCOUNT ON;
INSERT INTO [Adresses] ([Id], [CodePostal], [Pays], [Region], [Rue], [Tel], [Ville])
VALUES (@p0, @p1, @p2, @p3, @p4, @p5, @p6);
INSERT INTO [Employes] ([Civilite], [DateEmbauche], [DateNaissance], [Fonction], [IdAdresse], [IdManager], [Nom], [Notes], [Photo], [Prenom])
OUTPUT INSERTED.[Id]
VALUES (@p7, @p8, @p9, @p10, @p11, @p12, @p13, @p14, @p15, @p16);
2025-01-18 16:58:49.567 -05:00 [INF] Executing CreatedAtActionResult, writing value of type 'Northwind3.Entities.Employe'.
2025-01-18 16:58:49.624 -05:00 [INF] Executed action Northwind3.Controllers.EmployesController.PostEmploye (Northwind3) in 330.0519ms
2025-01-18 16:58:49.628 -05:00 [INF] Executed endpoint 'Northwind3.Controllers.EmployesController.PostEmploye (Northwind3)'
2025-01-18 16:58:49.632 -05:00 [INF] Request finished HTTP/2 POST https://localhost:7195/api/Employes - 201 null application/json; charset=utf-8 361.5237ms
2025-01-18 17:02:14.126 -05:00 [INF] Request starting HTTP/2 DELETE https://localhost:7195/api/Employes/1005 - null null
2025-01-18 17:02:14.129 -05:00 [INF] Executing endpoint 'Northwind3.Controllers.EmployesController.SupprimeEmploye (Northwind3)'
2025-01-18 17:02:14.131 -05:00 [INF] Route matched with {action = "SupprimeEmploye", controller = "Employes"}. Executing controller action with signature System.Threading.Tasks.Task`1[Microsoft.AspNetCore.Mvc.IActionResult] SupprimeEmploye(Int32) on controller Northwind3.Controllers.EmployesController (Northwind3).
2025-01-18 17:02:14.235 -05:00 [INF] Executed DbCommand (2ms) [Parameters=[@__p_0='1005'], CommandType='"Text"', CommandTimeout='30']
SELECT TOP(1) [e].[Id], [e].[Civilite], [e].[DateEmbauche], [e].[DateNaissance], [e].[Fonction], [e].[IdAdresse], [e].[IdManager], [e].[Nom], [e].[Notes], [e].[Photo], [e].[Prenom]
FROM [Employes] AS [e]
WHERE [e].[Id] = @__p_0
2025-01-18 17:02:14.249 -05:00 [INF] Executed DbCommand (5ms) [Parameters=[@p0='1005'], CommandType='"Text"', CommandTimeout='30']
SET IMPLICIT_TRANSACTIONS OFF;
SET NOCOUNT ON;
DELETE FROM [Employes]
OUTPUT 1
WHERE [Id] = @p0;
2025-01-18 17:02:14.253 -05:00 [INF] Executing StatusCodeResult, setting HTTP status code 204
2025-01-18 17:02:14.255 -05:00 [INF] Executed action Northwind3.Controllers.EmployesController.SupprimeEmploye (Northwind3) in 120.9102ms
2025-01-18 17:02:14.257 -05:00 [INF] Executed endpoint 'Northwind3.Controllers.EmployesController.SupprimeEmploye (Northwind3)'
2025-01-18 17:02:14.258 -05:00 [INF] Request finished HTTP/2 DELETE https://localhost:7195/api/Employes/1005 - 204 null null 132.8818ms
2025-01-18 17:06:04.250 -05:00 [INF] Request starting HTTP/2 GET https://localhost:7195/swagger/index.html - null null
2025-01-18 17:06:04.270 -05:00 [INF] Request finished HTTP/2 GET https://localhost:7195/swagger/index.html - 200 null text/html;charset=utf-8 20.0201ms
2025-01-18 17:06:04.289 -05:00 [INF] Request starting HTTP/2 GET https://localhost:7195/_framework/aspnetcore-browser-refresh.js - null null
2025-01-18 17:06:04.289 -05:00 [INF] Request starting HTTP/2 GET https://localhost:7195/_vs/browserLink - null null
2025-01-18 17:06:04.297 -05:00 [INF] Request finished HTTP/2 GET https://localhost:7195/_framework/aspnetcore-browser-refresh.js - 200 13756 application/javascript; charset=utf-8 7.3553ms
2025-01-18 17:06:04.311 -05:00 [INF] Request finished HTTP/2 GET https://localhost:7195/_vs/browserLink - 200 null text/javascript; charset=UTF-8 21.9965ms
2025-01-18 17:06:04.504 -05:00 [INF] Request starting HTTP/2 GET https://localhost:7195/swagger/v1/swagger.json - null null
2025-01-18 17:06:04.550 -05:00 [INF] Request finished HTTP/2 GET https://localhost:7195/swagger/v1/swagger.json - 200 null application/json;charset=utf-8 45.4261ms
2025-01-18 17:23:54.451 -05:00 [INF] Now listening on: https://localhost:7195
2025-01-18 17:23:54.486 -05:00 [INF] Now listening on: http://localhost:5121
2025-01-18 17:23:54.490 -05:00 [INF] Application started. Press Ctrl+C to shut down.
2025-01-18 17:23:54.492 -05:00 [INF] Hosting environment: Development
2025-01-18 17:23:54.492 -05:00 [INF] Content root path: C:\Users\HP\Desktop\dyma\asp_dot_net_dyma\CourrsWebApi3\Northwind3
2025-01-18 17:23:54.854 -05:00 [INF] Request starting HTTP/2 GET https://localhost:7195/swagger/index.html - null null
2025-01-18 17:23:55.148 -05:00 [INF] Request finished HTTP/2 GET https://localhost:7195/swagger/index.html - 200 null text/html;charset=utf-8 297.8453ms
2025-01-18 17:23:55.150 -05:00 [INF] Request starting HTTP/2 GET https://localhost:7195/_framework/aspnetcore-browser-refresh.js - null null
2025-01-18 17:23:55.170 -05:00 [INF] Request finished HTTP/2 GET https://localhost:7195/_framework/aspnetcore-browser-refresh.js - 200 13756 application/javascript; charset=utf-8 20.2794ms
2025-01-18 17:24:00.578 -05:00 [INF] Request starting HTTP/2 GET https://localhost:7195/_vs/browserLink - null null
2025-01-18 17:24:00.615 -05:00 [INF] Request finished HTTP/2 GET https://localhost:7195/_vs/browserLink - 200 null text/javascript; charset=UTF-8 36.9513ms
2025-01-18 17:24:02.950 -05:00 [INF] Request starting HTTP/2 GET https://localhost:7195/swagger/v1/swagger.json - null null
2025-01-18 17:24:03.178 -05:00 [INF] Request finished HTTP/2 GET https://localhost:7195/swagger/v1/swagger.json - 200 null application/json;charset=utf-8 227.2908ms
2025-01-18 17:25:04.775 -05:00 [INF] Request starting HTTP/2 POST https://localhost:7195/api/Employes - application/json 409
2025-01-18 17:25:04.793 -05:00 [INF] Executing endpoint 'Northwind3.Controllers.EmployesController.PostEmploye (Northwind3)'
2025-01-18 17:25:04.829 -05:00 [INF] Route matched with {action = "PostEmploye", controller = "Employes"}. Executing controller action with signature System.Threading.Tasks.Task`1[Microsoft.AspNetCore.Mvc.ActionResult`1[Northwind3.Entities.Employe]] PostEmploye(Northwind3.Entities.Employe) on controller Northwind3.Controllers.EmployesController (Northwind3).
2025-01-18 17:25:05.696 -05:00 [WRN] Sensitive data logging is enabled. Log entries and exception messages may include sensitive application data; this mode should only be enabled during development.
2025-01-18 17:25:06.579 -05:00 [INF] Executed DbCommand (46ms) [Parameters=[@p0='17886960-ce18-4338-b2d7-03110450e978', @p1='75008' (Nullable = false) (Size = 20) (DbType = AnsiString), @p2='FR' (Nullable = false) (Size = 40), @p3=NULL (Size = 40), @p4='3 avenue des champs Elysees' (Nullable = false) (Size = 100), @p5=NULL (Size = 20) (DbType = AnsiString), @p6='Paris' (Nullable = false) (Size = 40), @p7='Mr' (Size = 40), @p8=NULL (DbType = DateTime2), @p9=NULL (DbType = DateTime2), @p10='Ingenieur programmeur' (Size = 40), @p11='17886960-ce18-4338-b2d7-03110450e978', @p12=NULL (DbType = Int32), @p13='Ngola' (Nullable = false) (Size = 40), @p14=NULL (Size = 1000), @p15=NULL (Size = 8000) (DbType = Binary), @p16='Tresor Etobe' (Nullable = false) (Size = 40)], CommandType='"Text"', CommandTimeout='30']
SET NOCOUNT ON;
INSERT INTO [Adresses] ([Id], [CodePostal], [Pays], [Region], [Rue], [Tel], [Ville])
VALUES (@p0, @p1, @p2, @p3, @p4, @p5, @p6);
INSERT INTO [Employes] ([Civilite], [DateEmbauche], [DateNaissance], [Fonction], [IdAdresse], [IdManager], [Nom], [Notes], [Photo], [Prenom])
OUTPUT INSERTED.[Id]
VALUES (@p7, @p8, @p9, @p10, @p11, @p12, @p13, @p14, @p15, @p16);
2025-01-18 17:25:06.678 -05:00 [INF] Executing CreatedAtActionResult, writing value of type 'Northwind3.Entities.Employe'.
2025-01-18 17:25:06.721 -05:00 [INF] Executed action Northwind3.Controllers.EmployesController.PostEmploye (Northwind3) in 1885.4564ms
2025-01-18 17:25:06.725 -05:00 [INF] Executed endpoint 'Northwind3.Controllers.EmployesController.PostEmploye (Northwind3)'
2025-01-18 17:25:06.734 -05:00 [INF] Request finished HTTP/2 POST https://localhost:7195/api/Employes - 201 null application/json; charset=utf-8 1958.9479ms
2025-01-18 17:26:24.236 -05:00 [INF] Request starting HTTP/2 GET https://localhost:7195/api/Employes/1006 - null null
2025-01-18 17:26:24.244 -05:00 [INF] Executing endpoint 'Northwind3.Controllers.EmployesController.GetEmploye (Northwind3)'
2025-01-18 17:26:24.258 -05:00 [INF] Route matched with {action = "GetEmploye", controller = "Employes"}. Executing controller action with signature System.Threading.Tasks.Task`1[Microsoft.AspNetCore.Mvc.ActionResult`1[Northwind3.Entities.Employe]] GetEmploye(Int32) on controller Northwind3.Controllers.EmployesController (Northwind3).
2025-01-18 17:26:24.848 -05:00 [INF] Executed DbCommand (28ms) [Parameters=[@__id_0='1006'], CommandType='"Text"', CommandTimeout='30']
SELECT [s].[Id], [s].[Civilite], [s].[DateEmbauche], [s].[DateNaissance], [s].[Fonction], [s].[IdAdresse], [s].[IdManager], [s].[Nom], [s].[Notes], [s].[Photo], [s].[Prenom], [s].[Id0], [s].[CodePostal], [s].[Pays], [s].[Region], [s].[Rue], [s].[Tel], [s].[Ville], [s0].[Id], [s0].[IdRegion], [s0].[Nom], [s0].[Id0], [s0].[Nom0], [s0].[IdEmploye], [s0].[IdTerritoire]
FROM (
    SELECT TOP(1) [e].[Id], [e].[Civilite], [e].[DateEmbauche], [e].[DateNaissance], [e].[Fonction], [e].[IdAdresse], [e].[IdManager], [e].[Nom], [e].[Notes], [e].[Photo], [e].[Prenom], [a].[Id] AS [Id0], [a].[CodePostal], [a].[Pays], [a].[Region], [a].[Rue], [a].[Tel], [a].[Ville]
    FROM [Employes] AS [e]
    INNER JOIN [Adresses] AS [a] ON [e].[IdAdresse] = [a].[Id]
    WHERE [e].[Id] = @__id_0
) AS [s]
LEFT JOIN (
    SELECT [t].[Id], [t].[IdRegion], [t].[Nom], [r].[Id] AS [Id0], [r].[Nom] AS [Nom0], [a0].[IdEmploye], [a0].[IdTerritoire]
    FROM [Affectations] AS [a0]
    INNER JOIN [Territoires] AS [t] ON [a0].[IdTerritoire] = [t].[Id]
    INNER JOIN [Regions] AS [r] ON [t].[IdRegion] = [r].[Id]
) AS [s0] ON [s].[Id] = [s0].[IdEmploye]
ORDER BY [s].[Id], [s].[Id0], [s0].[IdEmploye], [s0].[IdTerritoire], [s0].[Id]
2025-01-18 17:26:24.870 -05:00 [INF] Executing OkObjectResult, writing value of type 'Northwind3.Entities.Employe'.
2025-01-18 17:26:24.872 -05:00 [INF] Executed action Northwind3.Controllers.EmployesController.GetEmploye (Northwind3) in 611.0479ms
2025-01-18 17:26:24.874 -05:00 [INF] Executed endpoint 'Northwind3.Controllers.EmployesController.GetEmploye (Northwind3)'
2025-01-18 17:26:24.876 -05:00 [INF] Request finished HTTP/2 GET https://localhost:7195/api/Employes/1006 - 200 null application/json; charset=utf-8 639.1549ms
2025-01-18 17:28:02.965 -05:00 [INF] Request starting HTTP/2 DELETE https://localhost:7195/api/Employes/1006 - null null
2025-01-18 17:28:02.975 -05:00 [INF] Executing endpoint 'Northwind3.Controllers.EmployesController.SupprimeEmploye (Northwind3)'
2025-01-18 17:28:02.980 -05:00 [INF] Route matched with {action = "SupprimeEmploye", controller = "Employes"}. Executing controller action with signature System.Threading.Tasks.Task`1[Microsoft.AspNetCore.Mvc.IActionResult] SupprimeEmploye(Int32) on controller Northwind3.Controllers.EmployesController (Northwind3).
2025-01-18 17:28:03.039 -05:00 [INF] Executed DbCommand (9ms) [Parameters=[@p0='1006'], CommandType='"Text"', CommandTimeout='30']
SET IMPLICIT_TRANSACTIONS OFF;
SET NOCOUNT ON;
DELETE FROM [Employes]
OUTPUT 1
WHERE [Id] = @p0;
2025-01-18 17:28:03.057 -05:00 [INF] Executing StatusCodeResult, setting HTTP status code 204
2025-01-18 17:28:03.058 -05:00 [INF] Executed action Northwind3.Controllers.EmployesController.SupprimeEmploye (Northwind3) in 75.863ms
2025-01-18 17:28:03.060 -05:00 [INF] Executed endpoint 'Northwind3.Controllers.EmployesController.SupprimeEmploye (Northwind3)'
2025-01-18 17:28:03.062 -05:00 [INF] Request finished HTTP/2 DELETE https://localhost:7195/api/Employes/1006 - 204 null null 96.5557ms
