2025-01-23 10:19:45.894 -05:00 [INF] Now listening on: https://localhost:7195
2025-01-23 10:19:45.938 -05:00 [INF] Now listening on: http://localhost:5121
2025-01-23 10:19:45.945 -05:00 [INF] Application started. Press Ctrl+C to shut down.
2025-01-23 10:19:45.947 -05:00 [INF] Hosting environment: Development
2025-01-23 10:19:45.948 -05:00 [INF] Content root path: C:\Users\HP\Desktop\projet\asp.net.mvc6\CourrsWebApi3\Northwind3
2025-01-23 10:19:46.870 -05:00 [INF] Request starting HTTP/2 GET https://localhost:7195/swagger/index.html - null null
2025-01-23 10:19:47.246 -05:00 [INF] Request finished HTTP/2 GET https://localhost:7195/swagger/index.html - 200 null text/html;charset=utf-8 379.0588ms
2025-01-23 10:19:47.266 -05:00 [INF] Request starting HTTP/2 GET https://localhost:7195/_framework/aspnetcore-browser-refresh.js - null null
2025-01-23 10:19:47.278 -05:00 [INF] Request finished HTTP/2 GET https://localhost:7195/_framework/aspnetcore-browser-refresh.js - 200 13756 application/javascript; charset=utf-8 11.4368ms
2025-01-23 10:19:54.721 -05:00 [INF] Request starting HTTP/2 GET https://localhost:7195/_vs/browserLink - null null
2025-01-23 10:19:54.781 -05:00 [INF] Request finished HTTP/2 GET https://localhost:7195/_vs/browserLink - 200 null text/javascript; charset=UTF-8 60.1264ms
2025-01-23 10:19:54.900 -05:00 [INF] Request starting HTTP/2 GET https://localhost:7195/swagger/v1/swagger.json - null null
2025-01-23 10:19:55.183 -05:00 [INF] Request finished HTTP/2 GET https://localhost:7195/swagger/v1/swagger.json - 200 null application/json;charset=utf-8 283.4725ms
2025-01-23 10:20:24.380 -05:00 [INF] Request starting HTTP/2 GET https://localhost:7195/api/Commandes/1677 - null null
2025-01-23 10:20:24.410 -05:00 [INF] Executing endpoint 'ApiProjetVersion3.Controllers.EmployesController.GetCommande (ApiProjetVersion3)'
2025-01-23 10:20:24.456 -05:00 [INF] Route matched with {action = "GetCommande", controller = "Employes"}. Executing controller action with signature System.Threading.Tasks.Task`1[Microsoft.AspNetCore.Mvc.ActionResult`1[ApiProjetVersion3.Entities.Commande]] GetCommande(Int32) on controller ApiProjetVersion3.Controllers.EmployesController (ApiProjetVersion3).
2025-01-23 10:20:25.742 -05:00 [WRN] Sensitive data logging is enabled. Log entries and exception messages may include sensitive application data; this mode should only be enabled during development.
2025-01-23 10:20:27.208 -05:00 [INF] Executed DbCommand (70ms) [Parameters=[@__id_0='1677'], CommandType='"Text"', CommandTimeout='30']
SELECT [c0].[Id], [c0].[DateCommande], [c0].[DateLivMaxi], [c0].[DateLivraison], [c0].[FraisLivraison], [c0].[IdAdresse], [c0].[IdClient], [c0].[IdEmploye], [c0].[IdLivreur], [l].[IdCommande], [l].[IdProduit], [l].[PU], [l].[Quantite], [l].[TauxReduc]
FROM (
    SELECT TOP(1) [c].[Id], [c].[DateCommande], [c].[DateLivMaxi], [c].[DateLivraison], [c].[FraisLivraison], [c].[IdAdresse], [c].[IdClient], [c].[IdEmploye], [c].[IdLivreur]
    FROM [Commandes] AS [c]
    WHERE [c].[Id] = @__id_0
) AS [c0]
LEFT JOIN [LignesCommandes] AS [l] ON [c0].[Id] = [l].[IdCommande]
ORDER BY [c0].[Id], [l].[IdCommande]
2025-01-23 10:20:27.276 -05:00 [INF] Executing OkObjectResult, writing value of type 'ApiProjetVersion3.Entities.Commande'.
2025-01-23 10:20:27.357 -05:00 [INF] Executed action ApiProjetVersion3.Controllers.EmployesController.GetCommande (ApiProjetVersion3) in 2893.6402ms
2025-01-23 10:20:27.360 -05:00 [INF] Executed endpoint 'ApiProjetVersion3.Controllers.EmployesController.GetCommande (ApiProjetVersion3)'
2025-01-23 10:20:27.373 -05:00 [INF] Request finished HTTP/2 GET https://localhost:7195/api/Commandes/1677 - 200 null application/json; charset=utf-8 2992.8889ms
2025-01-23 10:44:49.120 -05:00 [INF] Request starting HTTP/2 GET https://localhost:7195/swagger/index.html - null null
2025-01-23 10:44:49.186 -05:00 [INF] Request finished HTTP/2 GET https://localhost:7195/swagger/index.html - 200 null text/html;charset=utf-8 65.9937ms
2025-01-23 10:44:49.324 -05:00 [INF] Request starting HTTP/2 GET https://localhost:7195/_framework/aspnetcore-browser-refresh.js - null null
2025-01-23 10:44:49.324 -05:00 [INF] Request starting HTTP/2 GET https://localhost:7195/_vs/browserLink - null null
2025-01-23 10:44:49.329 -05:00 [INF] Request finished HTTP/2 GET https://localhost:7195/_framework/aspnetcore-browser-refresh.js - 200 13756 application/javascript; charset=utf-8 5.0189ms
2025-01-23 10:44:49.345 -05:00 [INF] Request finished HTTP/2 GET https://localhost:7195/_vs/browserLink - 200 null text/javascript; charset=UTF-8 20.9679ms
2025-01-23 10:44:49.664 -05:00 [INF] Request starting HTTP/2 GET https://localhost:7195/swagger/v1/swagger.json - null null
2025-01-23 10:44:49.707 -05:00 [INF] Request finished HTTP/2 GET https://localhost:7195/swagger/v1/swagger.json - 200 null application/json;charset=utf-8 42.2743ms
2025-01-23 11:09:19.099 -05:00 [INF] Request starting HTTP/2 GET https://localhost:7195/swagger/index.html - null null
2025-01-23 11:09:19.132 -05:00 [INF] Request finished HTTP/2 GET https://localhost:7195/swagger/index.html - 200 null text/html;charset=utf-8 32.4951ms
2025-01-23 11:09:19.173 -05:00 [INF] Request starting HTTP/2 GET https://localhost:7195/_framework/aspnetcore-browser-refresh.js - null null
2025-01-23 11:09:19.173 -05:00 [INF] Request starting HTTP/2 GET https://localhost:7195/_vs/browserLink - null null
2025-01-23 11:09:19.181 -05:00 [INF] Request finished HTTP/2 GET https://localhost:7195/_framework/aspnetcore-browser-refresh.js - 200 13756 application/javascript; charset=utf-8 8.042ms
2025-01-23 11:09:19.192 -05:00 [INF] Request finished HTTP/2 GET https://localhost:7195/_vs/browserLink - 200 null text/javascript; charset=UTF-8 19.3657ms
2025-01-23 11:09:19.558 -05:00 [INF] Request starting HTTP/2 GET https://localhost:7195/swagger/v1/swagger.json - null null
2025-01-23 11:09:19.593 -05:00 [INF] Request finished HTTP/2 GET https://localhost:7195/swagger/v1/swagger.json - 200 null application/json;charset=utf-8 34.8454ms
2025-01-23 11:10:09.730 -05:00 [INF] Request starting HTTP/2 GET https://localhost:7195/swagger/index.html - null null
2025-01-23 11:10:09.746 -05:00 [INF] Request finished HTTP/2 GET https://localhost:7195/swagger/index.html - 200 null text/html;charset=utf-8 15.4351ms
2025-01-23 11:10:09.765 -05:00 [INF] Request starting HTTP/2 GET https://localhost:7195/_framework/aspnetcore-browser-refresh.js - null null
2025-01-23 11:10:09.765 -05:00 [INF] Request starting HTTP/2 GET https://localhost:7195/_vs/browserLink - null null
2025-01-23 11:10:09.776 -05:00 [INF] Request finished HTTP/2 GET https://localhost:7195/_framework/aspnetcore-browser-refresh.js - 200 13756 application/javascript; charset=utf-8 10.0687ms
2025-01-23 11:10:09.778 -05:00 [INF] Request finished HTTP/2 GET https://localhost:7195/_vs/browserLink - 200 null text/javascript; charset=UTF-8 12.0744ms
2025-01-23 11:10:09.930 -05:00 [INF] Request starting HTTP/2 GET https://localhost:7195/swagger/v1/swagger.json - null null
2025-01-23 11:10:09.971 -05:00 [INF] Request finished HTTP/2 GET https://localhost:7195/swagger/v1/swagger.json - 200 null application/json;charset=utf-8 41.7992ms
2025-01-23 11:35:29.013 -05:00 [INF] Now listening on: https://localhost:7195
2025-01-23 11:35:29.049 -05:00 [INF] Now listening on: http://localhost:5121
2025-01-23 11:35:29.054 -05:00 [INF] Application started. Press Ctrl+C to shut down.
2025-01-23 11:35:29.056 -05:00 [INF] Hosting environment: Development
2025-01-23 11:35:29.056 -05:00 [INF] Content root path: C:\Users\HP\Desktop\projet\asp.net.mvc6\CourrsWebApi3\Northwind3
2025-01-23 11:35:29.620 -05:00 [INF] Request starting HTTP/2 GET https://localhost:7195/swagger/index.html - null null
2025-01-23 11:35:29.898 -05:00 [INF] Request finished HTTP/2 GET https://localhost:7195/swagger/index.html - 200 null text/html;charset=utf-8 282.1855ms
2025-01-23 11:35:29.912 -05:00 [INF] Request starting HTTP/2 GET https://localhost:7195/_vs/browserLink - null null
2025-01-23 11:35:29.912 -05:00 [INF] Request starting HTTP/2 GET https://localhost:7195/_framework/aspnetcore-browser-refresh.js - null null
2025-01-23 11:35:29.930 -05:00 [INF] Request finished HTTP/2 GET https://localhost:7195/_framework/aspnetcore-browser-refresh.js - 200 13756 application/javascript; charset=utf-8 17.1848ms
2025-01-23 11:35:29.955 -05:00 [INF] Request finished HTTP/2 GET https://localhost:7195/_vs/browserLink - 200 null text/javascript; charset=UTF-8 42.6964ms
2025-01-23 11:35:36.632 -05:00 [INF] Request starting HTTP/2 GET https://localhost:7195/swagger/v1/swagger.json - null null
2025-01-23 11:35:36.859 -05:00 [INF] Request finished HTTP/2 GET https://localhost:7195/swagger/v1/swagger.json - 200 null application/json;charset=utf-8 226.5505ms
2025-01-23 11:38:51.431 -05:00 [INF] Now listening on: https://localhost:7195
2025-01-23 11:38:51.467 -05:00 [INF] Now listening on: http://localhost:5121
2025-01-23 11:38:51.471 -05:00 [INF] Application started. Press Ctrl+C to shut down.
2025-01-23 11:38:51.473 -05:00 [INF] Hosting environment: Development
2025-01-23 11:38:51.474 -05:00 [INF] Content root path: C:\Users\HP\Desktop\projet\asp.net.mvc6\CourrsWebApi3\Northwind3
2025-01-23 11:38:52.133 -05:00 [INF] Request starting HTTP/2 GET https://localhost:7195/swagger/index.html - null null
2025-01-23 11:38:52.432 -05:00 [INF] Request finished HTTP/2 GET https://localhost:7195/swagger/index.html - 200 null text/html;charset=utf-8 305.1277ms
2025-01-23 11:38:52.438 -05:00 [INF] Request starting HTTP/2 GET https://localhost:7195/_vs/browserLink - null null
2025-01-23 11:38:52.438 -05:00 [INF] Request starting HTTP/2 GET https://localhost:7195/_framework/aspnetcore-browser-refresh.js - null null
2025-01-23 11:38:52.466 -05:00 [INF] Request finished HTTP/2 GET https://localhost:7195/_framework/aspnetcore-browser-refresh.js - 200 13756 application/javascript; charset=utf-8 28.3598ms
2025-01-23 11:38:52.502 -05:00 [INF] Request finished HTTP/2 GET https://localhost:7195/_vs/browserLink - 200 null text/javascript; charset=UTF-8 64.5588ms
2025-01-23 11:38:52.643 -05:00 [INF] Request starting HTTP/2 GET https://localhost:7195/swagger/v1/swagger.json - null null
2025-01-23 11:38:52.872 -05:00 [INF] Request finished HTTP/2 GET https://localhost:7195/swagger/v1/swagger.json - 200 null application/json;charset=utf-8 228.5608ms
2025-01-23 11:42:34.820 -05:00 [INF] Now listening on: https://localhost:7195
2025-01-23 11:42:34.868 -05:00 [INF] Now listening on: http://localhost:5121
2025-01-23 11:42:34.871 -05:00 [INF] Application started. Press Ctrl+C to shut down.
2025-01-23 11:42:34.874 -05:00 [INF] Hosting environment: Development
2025-01-23 11:42:34.876 -05:00 [INF] Content root path: C:\Users\HP\Desktop\projet\asp.net.mvc6\CourrsWebApi3\Northwind3
2025-01-23 11:42:35.500 -05:00 [INF] Request starting HTTP/2 GET https://localhost:7195/swagger/index.html - null null
2025-01-23 11:42:35.822 -05:00 [INF] Request finished HTTP/2 GET https://localhost:7195/swagger/index.html - 200 null text/html;charset=utf-8 323.1051ms
2025-01-23 11:42:35.829 -05:00 [INF] Request starting HTTP/2 GET https://localhost:7195/_vs/browserLink - null null
2025-01-23 11:42:35.829 -05:00 [INF] Request starting HTTP/2 GET https://localhost:7195/_framework/aspnetcore-browser-refresh.js - null null
2025-01-23 11:42:35.851 -05:00 [INF] Request finished HTTP/2 GET https://localhost:7195/_framework/aspnetcore-browser-refresh.js - 200 13756 application/javascript; charset=utf-8 21.2409ms
2025-01-23 11:42:35.889 -05:00 [INF] Request finished HTTP/2 GET https://localhost:7195/_vs/browserLink - 200 null text/javascript; charset=UTF-8 60.0144ms
2025-01-23 11:42:36.005 -05:00 [INF] Request starting HTTP/2 GET https://localhost:7195/swagger/v1/swagger.json - null null
2025-01-23 11:42:36.224 -05:00 [INF] Request finished HTTP/2 GET https://localhost:7195/swagger/v1/swagger.json - 200 null application/json;charset=utf-8 218.7983ms
2025-01-23 11:43:24.829 -05:00 [INF] Request starting HTTP/2 POST https://localhost:7195/api/Commandes - application/json 272
2025-01-23 11:43:24.849 -05:00 [INF] Executing endpoint 'ApiProjetVersion3.Controllers.EmployesController.PostCommande (ApiProjetVersion3)'
2025-01-23 11:43:24.911 -05:00 [INF] Route matched with {action = "PostCommande", controller = "Employes"}. Executing controller action with signature System.Threading.Tasks.Task`1[Microsoft.AspNetCore.Mvc.ActionResult`1[ApiProjetVersion3.Entities.Commande]] PostCommande(ApiProjetVersion3.Entities.Commande) on controller ApiProjetVersion3.Controllers.EmployesController (ApiProjetVersion3).
2025-01-23 11:43:25.300 -05:00 [INF] Executing BadRequestObjectResult, writing value of type 'Microsoft.AspNetCore.Mvc.ValidationProblemDetails'.
2025-01-23 11:43:25.348 -05:00 [INF] Executed action ApiProjetVersion3.Controllers.EmployesController.PostCommande (ApiProjetVersion3) in 427.7089ms
2025-01-23 11:43:25.351 -05:00 [INF] Executed endpoint 'ApiProjetVersion3.Controllers.EmployesController.PostCommande (ApiProjetVersion3)'
2025-01-23 11:43:25.354 -05:00 [INF] Request finished HTTP/2 POST https://localhost:7195/api/Commandes - 400 null application/problem+json; charset=utf-8 525.5959ms
2025-01-23 11:50:17.811 -05:00 [INF] Request starting HTTP/2 POST https://localhost:7195/api/Commandes - application/json 272
2025-01-23 11:50:17.816 -05:00 [INF] Executing endpoint 'ApiProjetVersion3.Controllers.EmployesController.PostCommande (ApiProjetVersion3)'
2025-01-23 11:50:17.819 -05:00 [INF] Route matched with {action = "PostCommande", controller = "Employes"}. Executing controller action with signature System.Threading.Tasks.Task`1[Microsoft.AspNetCore.Mvc.ActionResult`1[ApiProjetVersion3.Entities.Commande]] PostCommande(ApiProjetVersion3.Entities.Commande) on controller ApiProjetVersion3.Controllers.EmployesController (ApiProjetVersion3).
2025-01-23 11:50:17.842 -05:00 [INF] Executing BadRequestObjectResult, writing value of type 'Microsoft.AspNetCore.Mvc.ValidationProblemDetails'.
2025-01-23 11:50:17.845 -05:00 [INF] Executed action ApiProjetVersion3.Controllers.EmployesController.PostCommande (ApiProjetVersion3) in 22.0476ms
2025-01-23 11:50:17.847 -05:00 [INF] Executed endpoint 'ApiProjetVersion3.Controllers.EmployesController.PostCommande (ApiProjetVersion3)'
2025-01-23 11:50:17.848 -05:00 [INF] Request finished HTTP/2 POST https://localhost:7195/api/Commandes - 400 null application/problem+json; charset=utf-8 37.927ms
2025-01-23 11:50:33.270 -05:00 [INF] Request starting HTTP/2 GET https://localhost:7195/swagger/index.html - null null
2025-01-23 11:50:33.314 -05:00 [INF] Request finished HTTP/2 GET https://localhost:7195/swagger/index.html - 200 null text/html;charset=utf-8 44.2111ms
2025-01-23 11:50:33.340 -05:00 [INF] Request starting HTTP/2 GET https://localhost:7195/_framework/aspnetcore-browser-refresh.js - null null
2025-01-23 11:50:33.340 -05:00 [INF] Request starting HTTP/2 GET https://localhost:7195/_vs/browserLink - null null
2025-01-23 11:50:33.362 -05:00 [INF] Request finished HTTP/2 GET https://localhost:7195/_framework/aspnetcore-browser-refresh.js - 200 13756 application/javascript; charset=utf-8 22.6814ms
2025-01-23 11:50:33.397 -05:00 [INF] Request finished HTTP/2 GET https://localhost:7195/_vs/browserLink - 200 null text/javascript; charset=UTF-8 57.1831ms
2025-01-23 11:50:33.548 -05:00 [INF] Request starting HTTP/2 GET https://localhost:7195/swagger/v1/swagger.json - null null
2025-01-23 11:50:33.597 -05:00 [INF] Request finished HTTP/2 GET https://localhost:7195/swagger/v1/swagger.json - 200 null application/json;charset=utf-8 48.4962ms
2025-01-23 11:50:57.833 -05:00 [INF] Request starting HTTP/2 POST https://localhost:7195/api/Commandes - application/json 272
2025-01-23 11:50:57.840 -05:00 [INF] Executing endpoint 'ApiProjetVersion3.Controllers.EmployesController.PostCommande (ApiProjetVersion3)'
2025-01-23 11:50:57.841 -05:00 [INF] Route matched with {action = "PostCommande", controller = "Employes"}. Executing controller action with signature System.Threading.Tasks.Task`1[Microsoft.AspNetCore.Mvc.ActionResult`1[ApiProjetVersion3.Entities.Commande]] PostCommande(ApiProjetVersion3.Entities.Commande) on controller ApiProjetVersion3.Controllers.EmployesController (ApiProjetVersion3).
2025-01-23 11:50:57.865 -05:00 [INF] Executing BadRequestObjectResult, writing value of type 'Microsoft.AspNetCore.Mvc.ValidationProblemDetails'.
2025-01-23 11:50:57.869 -05:00 [INF] Executed action ApiProjetVersion3.Controllers.EmployesController.PostCommande (ApiProjetVersion3) in 17.9848ms
2025-01-23 11:50:57.872 -05:00 [INF] Executed endpoint 'ApiProjetVersion3.Controllers.EmployesController.PostCommande (ApiProjetVersion3)'
2025-01-23 11:50:57.873 -05:00 [INF] Request finished HTTP/2 POST https://localhost:7195/api/Commandes - 400 null application/problem+json; charset=utf-8 39.9885ms
2025-01-23 11:52:37.050 -05:00 [INF] Request starting HTTP/2 POST https://localhost:7195/api/Commandes - application/json 271
2025-01-23 11:52:37.055 -05:00 [INF] Executing endpoint 'ApiProjetVersion3.Controllers.EmployesController.PostCommande (ApiProjetVersion3)'
2025-01-23 11:52:37.058 -05:00 [INF] Route matched with {action = "PostCommande", controller = "Employes"}. Executing controller action with signature System.Threading.Tasks.Task`1[Microsoft.AspNetCore.Mvc.ActionResult`1[ApiProjetVersion3.Entities.Commande]] PostCommande(ApiProjetVersion3.Entities.Commande) on controller ApiProjetVersion3.Controllers.EmployesController (ApiProjetVersion3).
2025-01-23 11:52:37.073 -05:00 [INF] Executing BadRequestObjectResult, writing value of type 'Microsoft.AspNetCore.Mvc.ValidationProblemDetails'.
2025-01-23 11:52:37.078 -05:00 [INF] Executed action ApiProjetVersion3.Controllers.EmployesController.PostCommande (ApiProjetVersion3) in 6.4549ms
2025-01-23 11:52:37.083 -05:00 [INF] Executed endpoint 'ApiProjetVersion3.Controllers.EmployesController.PostCommande (ApiProjetVersion3)'
2025-01-23 11:52:37.087 -05:00 [INF] Request finished HTTP/2 POST https://localhost:7195/api/Commandes - 400 null application/problem+json; charset=utf-8 36.6629ms
2025-01-23 11:54:15.047 -05:00 [INF] Request starting HTTP/2 GET https://localhost:7195/swagger/index.html - null null
2025-01-23 11:54:15.070 -05:00 [INF] Request finished HTTP/2 GET https://localhost:7195/swagger/index.html - 200 null text/html;charset=utf-8 23.2996ms
2025-01-23 11:54:15.100 -05:00 [INF] Request starting HTTP/2 GET https://localhost:7195/_framework/aspnetcore-browser-refresh.js - null null
2025-01-23 11:54:15.101 -05:00 [INF] Request starting HTTP/2 GET https://localhost:7195/_vs/browserLink - null null
2025-01-23 11:54:15.115 -05:00 [INF] Request finished HTTP/2 GET https://localhost:7195/_framework/aspnetcore-browser-refresh.js - 200 13756 application/javascript; charset=utf-8 14.9478ms
2025-01-23 11:54:15.144 -05:00 [INF] Request finished HTTP/2 GET https://localhost:7195/_vs/browserLink - 200 null text/javascript; charset=UTF-8 42.7025ms
2025-01-23 11:54:15.333 -05:00 [INF] Request starting HTTP/2 GET https://localhost:7195/swagger/v1/swagger.json - null null
2025-01-23 11:54:15.371 -05:00 [INF] Request finished HTTP/2 GET https://localhost:7195/swagger/v1/swagger.json - 200 null application/json;charset=utf-8 38.3124ms
2025-01-23 11:54:29.434 -05:00 [INF] Request starting HTTP/2 POST https://localhost:7195/api/Commandes - application/json 272
2025-01-23 11:54:29.440 -05:00 [INF] Executing endpoint 'ApiProjetVersion3.Controllers.EmployesController.PostCommande (ApiProjetVersion3)'
2025-01-23 11:54:29.442 -05:00 [INF] Route matched with {action = "PostCommande", controller = "Employes"}. Executing controller action with signature System.Threading.Tasks.Task`1[Microsoft.AspNetCore.Mvc.ActionResult`1[ApiProjetVersion3.Entities.Commande]] PostCommande(ApiProjetVersion3.Entities.Commande) on controller ApiProjetVersion3.Controllers.EmployesController (ApiProjetVersion3).
2025-01-23 11:54:29.446 -05:00 [INF] Executing BadRequestObjectResult, writing value of type 'Microsoft.AspNetCore.Mvc.ValidationProblemDetails'.
2025-01-23 11:54:29.450 -05:00 [INF] Executed action ApiProjetVersion3.Controllers.EmployesController.PostCommande (ApiProjetVersion3) in 4.5996ms
2025-01-23 11:54:29.452 -05:00 [INF] Executed endpoint 'ApiProjetVersion3.Controllers.EmployesController.PostCommande (ApiProjetVersion3)'
2025-01-23 11:54:29.456 -05:00 [INF] Request finished HTTP/2 POST https://localhost:7195/api/Commandes - 400 null application/problem+json; charset=utf-8 21.4821ms
2025-01-23 12:06:41.228 -05:00 [INF] Request starting HTTP/2 GET https://localhost:7195/swagger/index.html - null null
2025-01-23 12:06:41.254 -05:00 [INF] Request finished HTTP/2 GET https://localhost:7195/swagger/index.html - 200 null text/html;charset=utf-8 26.6015ms
2025-01-23 12:06:41.303 -05:00 [INF] Request starting HTTP/2 GET https://localhost:7195/_framework/aspnetcore-browser-refresh.js - null null
2025-01-23 12:06:41.303 -05:00 [INF] Request starting HTTP/2 GET https://localhost:7195/_vs/browserLink - null null
2025-01-23 12:06:41.309 -05:00 [INF] Request finished HTTP/2 GET https://localhost:7195/_framework/aspnetcore-browser-refresh.js - 200 13756 application/javascript; charset=utf-8 5.766ms
2025-01-23 12:06:41.319 -05:00 [INF] Request finished HTTP/2 GET https://localhost:7195/_vs/browserLink - 200 null text/javascript; charset=UTF-8 15.5404ms
2025-01-23 12:06:41.469 -05:00 [INF] Request starting HTTP/2 GET https://localhost:7195/swagger/v1/swagger.json - null null
2025-01-23 12:06:41.496 -05:00 [INF] Request finished HTTP/2 GET https://localhost:7195/swagger/v1/swagger.json - 200 null application/json;charset=utf-8 26.5528ms
2025-01-23 12:07:06.041 -05:00 [INF] Request starting HTTP/2 POST https://localhost:7195/api/Commandes - application/json 271
2025-01-23 12:07:06.046 -05:00 [INF] Executing endpoint 'ApiProjetVersion3.Controllers.EmployesController.PostCommande (ApiProjetVersion3)'
2025-01-23 12:07:06.056 -05:00 [INF] Route matched with {action = "PostCommande", controller = "Employes"}. Executing controller action with signature System.Threading.Tasks.Task`1[Microsoft.AspNetCore.Mvc.ActionResult`1[ApiProjetVersion3.Entities.Commande]] PostCommande(ApiProjetVersion3.Entities.Commande) on controller ApiProjetVersion3.Controllers.EmployesController (ApiProjetVersion3).
2025-01-23 12:07:06.069 -05:00 [INF] Executing BadRequestObjectResult, writing value of type 'Microsoft.AspNetCore.Mvc.ValidationProblemDetails'.
2025-01-23 12:07:06.076 -05:00 [INF] Executed action ApiProjetVersion3.Controllers.EmployesController.PostCommande (ApiProjetVersion3) in 17.3411ms
2025-01-23 12:07:06.078 -05:00 [INF] Executed endpoint 'ApiProjetVersion3.Controllers.EmployesController.PostCommande (ApiProjetVersion3)'
2025-01-23 12:07:06.080 -05:00 [INF] Request finished HTTP/2 POST https://localhost:7195/api/Commandes - 400 null application/problem+json; charset=utf-8 38.4754ms
2025-01-23 12:07:35.601 -05:00 [INF] Now listening on: https://localhost:7195
2025-01-23 12:07:35.638 -05:00 [INF] Now listening on: http://localhost:5121
2025-01-23 12:07:35.643 -05:00 [INF] Application started. Press Ctrl+C to shut down.
2025-01-23 12:07:35.645 -05:00 [INF] Hosting environment: Development
2025-01-23 12:07:35.646 -05:00 [INF] Content root path: C:\Users\HP\Desktop\projet\asp.net.mvc6\CourrsWebApi3\Northwind3
2025-01-23 12:07:36.497 -05:00 [INF] Request starting HTTP/2 GET https://localhost:7195/swagger/index.html - null null
2025-01-23 12:07:36.814 -05:00 [INF] Request finished HTTP/2 GET https://localhost:7195/swagger/index.html - 200 null text/html;charset=utf-8 318.9123ms
2025-01-23 12:07:36.823 -05:00 [INF] Request starting HTTP/2 GET https://localhost:7195/_framework/aspnetcore-browser-refresh.js - null null
2025-01-23 12:07:36.829 -05:00 [INF] Request starting HTTP/2 GET https://localhost:7195/_vs/browserLink - null null
2025-01-23 12:07:36.841 -05:00 [INF] Request finished HTTP/2 GET https://localhost:7195/_framework/aspnetcore-browser-refresh.js - 200 13756 application/javascript; charset=utf-8 17.4781ms
2025-01-23 12:07:36.881 -05:00 [INF] Request finished HTTP/2 GET https://localhost:7195/_vs/browserLink - 200 null text/javascript; charset=UTF-8 52.1504ms
2025-01-23 12:07:36.993 -05:00 [INF] Request starting HTTP/2 GET https://localhost:7195/swagger/v1/swagger.json - null null
2025-01-23 12:07:37.243 -05:00 [INF] Request finished HTTP/2 GET https://localhost:7195/swagger/v1/swagger.json - 200 null application/json;charset=utf-8 249.7356ms
2025-01-23 12:07:51.869 -05:00 [INF] Request starting HTTP/2 POST https://localhost:7195/api/Commandes - application/json 271
2025-01-23 12:07:51.896 -05:00 [INF] Executing endpoint 'ApiProjetVersion3.Controllers.EmployesController.PostCommande (ApiProjetVersion3)'
2025-01-23 12:07:51.937 -05:00 [INF] Route matched with {action = "PostCommande", controller = "Employes"}. Executing controller action with signature System.Threading.Tasks.Task`1[Microsoft.AspNetCore.Mvc.ActionResult`1[ApiProjetVersion3.Entities.Commande]] PostCommande(ApiProjetVersion3.Entities.Commande) on controller ApiProjetVersion3.Controllers.EmployesController (ApiProjetVersion3).
2025-01-23 12:07:52.194 -05:00 [INF] Executing BadRequestObjectResult, writing value of type 'Microsoft.AspNetCore.Mvc.ValidationProblemDetails'.
2025-01-23 12:07:52.235 -05:00 [INF] Executed action ApiProjetVersion3.Controllers.EmployesController.PostCommande (ApiProjetVersion3) in 287.6385ms
2025-01-23 12:07:52.238 -05:00 [INF] Executed endpoint 'ApiProjetVersion3.Controllers.EmployesController.PostCommande (ApiProjetVersion3)'
2025-01-23 12:07:52.242 -05:00 [INF] Request finished HTTP/2 POST https://localhost:7195/api/Commandes - 400 null application/problem+json; charset=utf-8 373.2846ms
2025-01-23 12:08:22.636 -05:00 [INF] Request starting HTTP/2 GET https://localhost:7195/swagger/index.html - null null
2025-01-23 12:08:22.675 -05:00 [INF] Request finished HTTP/2 GET https://localhost:7195/swagger/index.html - 200 null text/html;charset=utf-8 38.5583ms
2025-01-23 12:08:22.707 -05:00 [INF] Request starting HTTP/2 GET https://localhost:7195/_vs/browserLink - null null
2025-01-23 12:08:22.717 -05:00 [INF] Request starting HTTP/2 GET https://localhost:7195/_framework/aspnetcore-browser-refresh.js - null null
2025-01-23 12:08:22.722 -05:00 [INF] Request finished HTTP/2 GET https://localhost:7195/_framework/aspnetcore-browser-refresh.js - 200 13756 application/javascript; charset=utf-8 5.1609ms
2025-01-23 12:08:22.731 -05:00 [INF] Request finished HTTP/2 GET https://localhost:7195/_vs/browserLink - 200 null text/javascript; charset=UTF-8 24.6584ms
2025-01-23 12:08:22.855 -05:00 [INF] Request starting HTTP/2 GET https://localhost:7195/swagger/v1/swagger.json - null null
2025-01-23 12:08:22.902 -05:00 [INF] Request finished HTTP/2 GET https://localhost:7195/swagger/v1/swagger.json - 200 null application/json;charset=utf-8 46.7206ms
2025-01-23 12:10:44.640 -05:00 [INF] Request starting HTTP/2 POST https://localhost:7195/api/Commandes - application/json 271
2025-01-23 12:10:44.647 -05:00 [INF] Executing endpoint 'ApiProjetVersion3.Controllers.EmployesController.PostCommande (ApiProjetVersion3)'
2025-01-23 12:10:44.655 -05:00 [INF] Route matched with {action = "PostCommande", controller = "Employes"}. Executing controller action with signature System.Threading.Tasks.Task`1[Microsoft.AspNetCore.Mvc.ActionResult`1[ApiProjetVersion3.Entities.Commande]] PostCommande(ApiProjetVersion3.Entities.Commande) on controller ApiProjetVersion3.Controllers.EmployesController (ApiProjetVersion3).
2025-01-23 12:10:45.469 -05:00 [WRN] Sensitive data logging is enabled. Log entries and exception messages may include sensitive application data; this mode should only be enabled during development.
2025-01-23 12:10:46.645 -05:00 [INF] Executed DbCommand (134ms) [Parameters=[@p0='2023-10-10T00:00:00.0000000', @p1='2023-11-07T00:00:00.0000000' (Nullable = true), @p2='2023-10-14T00:00:00.0000000' (Nullable = true), @p3='10' (Nullable = true) (Precision = 6) (Scale = 2), @p4='2c3053fc-6727-484d-a67c-2861a97366c5', @p5='Ngola' (Nullable = false) (Size = 20) (DbType = AnsiString), @p6='8', @p7='1'], CommandType='"Text"', CommandTimeout='30']
SET IMPLICIT_TRANSACTIONS OFF;
SET NOCOUNT ON;
INSERT INTO [Commandes] ([DateCommande], [DateLivMaxi], [DateLivraison], [FraisLivraison], [IdAdresse], [IdClient], [IdEmploye], [IdLivreur])
OUTPUT INSERTED.[Id]
VALUES (@p0, @p1, @p2, @p3, @p4, @p5, @p6, @p7);
2025-01-23 12:10:46.734 -05:00 [INF] Executing CreatedResult, writing value of type 'ApiProjetVersion3.Entities.Commande'.
2025-01-23 12:10:46.760 -05:00 [INF] Executed action ApiProjetVersion3.Controllers.EmployesController.PostCommande (ApiProjetVersion3) in 2100.4204ms
2025-01-23 12:10:46.763 -05:00 [INF] Executed endpoint 'ApiProjetVersion3.Controllers.EmployesController.PostCommande (ApiProjetVersion3)'
2025-01-23 12:10:46.771 -05:00 [INF] Request finished HTTP/2 POST https://localhost:7195/api/Commandes - 201 null application/json; charset=utf-8 2131.1587ms
2025-01-23 12:24:41.768 -05:00 [INF] Request starting HTTP/2 GET https://localhost:7195/swagger/index.html - null null
2025-01-23 12:24:41.794 -05:00 [INF] Request finished HTTP/2 GET https://localhost:7195/swagger/index.html - 200 null text/html;charset=utf-8 26.7673ms
2025-01-23 12:24:41.819 -05:00 [INF] Request starting HTTP/2 GET https://localhost:7195/_vs/browserLink - null null
2025-01-23 12:24:41.819 -05:00 [INF] Request starting HTTP/2 GET https://localhost:7195/_framework/aspnetcore-browser-refresh.js - null null
2025-01-23 12:24:41.827 -05:00 [INF] Request finished HTTP/2 GET https://localhost:7195/_framework/aspnetcore-browser-refresh.js - 200 13756 application/javascript; charset=utf-8 8.3244ms
2025-01-23 12:24:41.829 -05:00 [INF] Request finished HTTP/2 GET https://localhost:7195/_vs/browserLink - 200 null text/javascript; charset=UTF-8 9.6912ms
2025-01-23 12:24:42.119 -05:00 [INF] Request starting HTTP/2 GET https://localhost:7195/swagger/v1/swagger.json - null null
2025-01-23 12:24:42.147 -05:00 [INF] Request finished HTTP/2 GET https://localhost:7195/swagger/v1/swagger.json - 200 null application/json;charset=utf-8 28.4378ms
2025-01-23 12:28:15.036 -05:00 [INF] Request starting HTTP/2 POST https://localhost:7195/api/Commandes - application/json 458
2025-01-23 12:28:15.040 -05:00 [INF] Executing endpoint 'ApiProjetVersion3.Controllers.EmployesController.PostCommande (ApiProjetVersion3)'
2025-01-23 12:28:15.048 -05:00 [INF] Route matched with {action = "PostCommande", controller = "Employes"}. Executing controller action with signature System.Threading.Tasks.Task`1[Microsoft.AspNetCore.Mvc.ActionResult`1[ApiProjetVersion3.Entities.Commande]] PostCommande(ApiProjetVersion3.Entities.Commande) on controller ApiProjetVersion3.Controllers.EmployesController (ApiProjetVersion3).
2025-01-23 12:28:15.092 -05:00 [INF] Executed action ApiProjetVersion3.Controllers.EmployesController.PostCommande (ApiProjetVersion3) in 40.225ms
2025-01-23 12:28:15.096 -05:00 [INF] Executed endpoint 'ApiProjetVersion3.Controllers.EmployesController.PostCommande (ApiProjetVersion3)'
2025-01-23 12:28:15.099 -05:00 [ERR] An unhandled exception has occurred while executing the request.
System.NullReferenceException: Object reference not set to an instance of an object.
   at ApiProjetVersion3.Services.ServiceEmployes.AjouterCommandeAvecLigne(Commande cmd)
   at ApiProjetVersion3.Controllers.EmployesController.PostCommande(Commande cmd)
   at lambda_method170(Closure, Object)
   at Microsoft.AspNetCore.Mvc.Infrastructure.ActionMethodExecutor.AwaitableObjectResultExecutor.Execute(ActionContext actionContext, IActionResultTypeMapper mapper, ObjectMethodExecutor executor, Object controller, Object[] arguments)
   at Microsoft.AspNetCore.Mvc.Infrastructure.ControllerActionInvoker.<InvokeActionMethodAsync>g__Awaited|12_0(ControllerActionInvoker invoker, ValueTask`1 actionResultValueTask)
   at Microsoft.AspNetCore.Mvc.Infrastructure.ControllerActionInvoker.<InvokeNextActionFilterAsync>g__Awaited|10_0(ControllerActionInvoker invoker, Task lastTask, State next, Scope scope, Object state, Boolean isCompleted)
   at Microsoft.AspNetCore.Mvc.Infrastructure.ControllerActionInvoker.Rethrow(ActionExecutedContextSealed context)
   at Microsoft.AspNetCore.Mvc.Infrastructure.ControllerActionInvoker.Next(State& next, Scope& scope, Object& state, Boolean& isCompleted)
   at Microsoft.AspNetCore.Mvc.Infrastructure.ControllerActionInvoker.InvokeInnerFilterAsync()
--- End of stack trace from previous location ---
   at Microsoft.AspNetCore.Mvc.Infrastructure.ResourceInvoker.<InvokeFilterPipelineAsync>g__Awaited|20_0(ResourceInvoker invoker, Task lastTask, State next, Scope scope, Object state, Boolean isCompleted)
   at Microsoft.AspNetCore.Mvc.Infrastructure.ResourceInvoker.<InvokeAsync>g__Logged|17_1(ResourceInvoker invoker)
   at Microsoft.AspNetCore.Mvc.Infrastructure.ResourceInvoker.<InvokeAsync>g__Logged|17_1(ResourceInvoker invoker)
   at Microsoft.AspNetCore.Routing.EndpointMiddleware.<Invoke>g__AwaitRequestTask|7_0(Endpoint endpoint, Task requestTask, ILogger logger)
   at Microsoft.AspNetCore.Authorization.AuthorizationMiddleware.Invoke(HttpContext context)
   at Swashbuckle.AspNetCore.SwaggerUI.SwaggerUIMiddleware.Invoke(HttpContext httpContext)
   at Swashbuckle.AspNetCore.Swagger.SwaggerMiddleware.Invoke(HttpContext httpContext, ISwaggerProvider swaggerProvider)
   at Microsoft.AspNetCore.Authentication.AuthenticationMiddleware.Invoke(HttpContext context)
   at Microsoft.AspNetCore.Diagnostics.DeveloperExceptionPageMiddlewareImpl.Invoke(HttpContext context)
2025-01-23 12:28:15.129 -05:00 [INF] Request finished HTTP/2 POST https://localhost:7195/api/Commandes - 500 null text/plain; charset=utf-8 92.8451ms
2025-01-23 12:30:06.706 -05:00 [INF] Now listening on: https://localhost:7195
2025-01-23 12:30:06.747 -05:00 [INF] Now listening on: http://localhost:5121
2025-01-23 12:30:06.751 -05:00 [INF] Application started. Press Ctrl+C to shut down.
2025-01-23 12:30:06.752 -05:00 [INF] Hosting environment: Development
2025-01-23 12:30:06.753 -05:00 [INF] Content root path: C:\Users\HP\Desktop\projet\asp.net.mvc6\CourrsWebApi3\Northwind3
2025-01-23 12:30:07.300 -05:00 [INF] Request starting HTTP/2 GET https://localhost:7195/swagger/index.html - null null
2025-01-23 12:30:07.620 -05:00 [INF] Request finished HTTP/2 GET https://localhost:7195/swagger/index.html - 200 null text/html;charset=utf-8 323.7331ms
2025-01-23 12:30:07.631 -05:00 [INF] Request starting HTTP/2 GET https://localhost:7195/_framework/aspnetcore-browser-refresh.js - null null
2025-01-23 12:30:07.632 -05:00 [INF] Request starting HTTP/2 GET https://localhost:7195/_vs/browserLink - null null
2025-01-23 12:30:07.651 -05:00 [INF] Request finished HTTP/2 GET https://localhost:7195/_framework/aspnetcore-browser-refresh.js - 200 13756 application/javascript; charset=utf-8 18.7648ms
2025-01-23 12:30:07.695 -05:00 [INF] Request finished HTTP/2 GET https://localhost:7195/_vs/browserLink - 200 null text/javascript; charset=UTF-8 62.2257ms
2025-01-23 12:30:08.025 -05:00 [INF] Request starting HTTP/2 GET https://localhost:7195/swagger/v1/swagger.json - null null
2025-01-23 12:30:08.199 -05:00 [INF] Request finished HTTP/2 GET https://localhost:7195/swagger/v1/swagger.json - 200 null application/json;charset=utf-8 175.2387ms
2025-01-23 12:32:21.395 -05:00 [INF] Request starting HTTP/2 POST https://localhost:7195/api/Commandes - application/json 459
2025-01-23 12:32:21.420 -05:00 [INF] Executing endpoint 'ApiProjetVersion3.Controllers.EmployesController.PostCommande (ApiProjetVersion3)'
2025-01-23 12:32:21.456 -05:00 [INF] Route matched with {action = "PostCommande", controller = "Employes"}. Executing controller action with signature System.Threading.Tasks.Task`1[Microsoft.AspNetCore.Mvc.ActionResult`1[ApiProjetVersion3.Entities.Commande]] PostCommande(ApiProjetVersion3.Entities.Commande) on controller ApiProjetVersion3.Controllers.EmployesController (ApiProjetVersion3).
2025-01-23 12:32:21.724 -05:00 [INF] Executed action ApiProjetVersion3.Controllers.EmployesController.PostCommande (ApiProjetVersion3) in 258.9086ms
2025-01-23 12:32:21.728 -05:00 [INF] Executed endpoint 'ApiProjetVersion3.Controllers.EmployesController.PostCommande (ApiProjetVersion3)'
2025-01-23 12:32:21.734 -05:00 [ERR] An unhandled exception has occurred while executing the request.
System.NullReferenceException: Object reference not set to an instance of an object.
   at ApiProjetVersion3.Services.ServiceEmployes.AjouterCommandeAvecLigne(Commande cmd) in C:\Users\HP\Desktop\projet\asp.net.mvc6\CourrsWebApi3\Northwind3\Services\ServiceEmployes.cs:line 182
   at ApiProjetVersion3.Controllers.EmployesController.PostCommande(Commande cmd) in C:\Users\HP\Desktop\projet\asp.net.mvc6\CourrsWebApi3\Northwind3\Controllers\EmployesController.cs:line 197
   at lambda_method5(Closure, Object)
   at Microsoft.AspNetCore.Mvc.Infrastructure.ActionMethodExecutor.AwaitableObjectResultExecutor.Execute(ActionContext actionContext, IActionResultTypeMapper mapper, ObjectMethodExecutor executor, Object controller, Object[] arguments)
   at Microsoft.AspNetCore.Mvc.Infrastructure.ControllerActionInvoker.<InvokeActionMethodAsync>g__Awaited|12_0(ControllerActionInvoker invoker, ValueTask`1 actionResultValueTask)
   at Microsoft.AspNetCore.Mvc.Infrastructure.ControllerActionInvoker.<InvokeNextActionFilterAsync>g__Awaited|10_0(ControllerActionInvoker invoker, Task lastTask, State next, Scope scope, Object state, Boolean isCompleted)
   at Microsoft.AspNetCore.Mvc.Infrastructure.ControllerActionInvoker.Rethrow(ActionExecutedContextSealed context)
   at Microsoft.AspNetCore.Mvc.Infrastructure.ControllerActionInvoker.Next(State& next, Scope& scope, Object& state, Boolean& isCompleted)
   at Microsoft.AspNetCore.Mvc.Infrastructure.ControllerActionInvoker.InvokeInnerFilterAsync()
--- End of stack trace from previous location ---
   at Microsoft.AspNetCore.Mvc.Infrastructure.ResourceInvoker.<InvokeFilterPipelineAsync>g__Awaited|20_0(ResourceInvoker invoker, Task lastTask, State next, Scope scope, Object state, Boolean isCompleted)
   at Microsoft.AspNetCore.Mvc.Infrastructure.ResourceInvoker.<InvokeAsync>g__Logged|17_1(ResourceInvoker invoker)
   at Microsoft.AspNetCore.Mvc.Infrastructure.ResourceInvoker.<InvokeAsync>g__Logged|17_1(ResourceInvoker invoker)
   at Microsoft.AspNetCore.Routing.EndpointMiddleware.<Invoke>g__AwaitRequestTask|7_0(Endpoint endpoint, Task requestTask, ILogger logger)
   at Microsoft.AspNetCore.Authorization.AuthorizationMiddleware.Invoke(HttpContext context)
   at Swashbuckle.AspNetCore.SwaggerUI.SwaggerUIMiddleware.Invoke(HttpContext httpContext)
   at Swashbuckle.AspNetCore.Swagger.SwaggerMiddleware.Invoke(HttpContext httpContext, ISwaggerProvider swaggerProvider)
   at Microsoft.AspNetCore.Authentication.AuthenticationMiddleware.Invoke(HttpContext context)
   at Microsoft.AspNetCore.Diagnostics.DeveloperExceptionPageMiddlewareImpl.Invoke(HttpContext context)
2025-01-23 12:32:21.777 -05:00 [INF] Request finished HTTP/2 POST https://localhost:7195/api/Commandes - 500 null text/plain; charset=utf-8 382.0292ms
2025-01-23 12:33:01.321 -05:00 [INF] Request starting HTTP/2 GET https://localhost:7195/swagger/index.html - null null
2025-01-23 12:33:01.347 -05:00 [INF] Request finished HTTP/2 GET https://localhost:7195/swagger/index.html - 200 null text/html;charset=utf-8 26.2892ms
2025-01-23 12:33:01.378 -05:00 [INF] Request starting HTTP/2 GET https://localhost:7195/_vs/browserLink - null null
2025-01-23 12:33:01.387 -05:00 [INF] Request starting HTTP/2 GET https://localhost:7195/_framework/aspnetcore-browser-refresh.js - null null
2025-01-23 12:33:01.393 -05:00 [INF] Request finished HTTP/2 GET https://localhost:7195/_framework/aspnetcore-browser-refresh.js - 200 13756 application/javascript; charset=utf-8 5.7907ms
2025-01-23 12:33:01.409 -05:00 [INF] Request finished HTTP/2 GET https://localhost:7195/_vs/browserLink - 200 null text/javascript; charset=UTF-8 31.0518ms
2025-01-23 12:33:01.636 -05:00 [INF] Request starting HTTP/2 GET https://localhost:7195/swagger/v1/swagger.json - null null
2025-01-23 12:33:01.689 -05:00 [INF] Request finished HTTP/2 GET https://localhost:7195/swagger/v1/swagger.json - 200 null application/json;charset=utf-8 53.0175ms
2025-01-23 12:33:12.618 -05:00 [INF] Request starting HTTP/2 POST https://localhost:7195/api/Commandes - application/json 1954
2025-01-23 12:33:12.624 -05:00 [INF] Executing endpoint 'ApiProjetVersion3.Controllers.EmployesController.PostCommande (ApiProjetVersion3)'
2025-01-23 12:33:12.631 -05:00 [INF] Route matched with {action = "PostCommande", controller = "Employes"}. Executing controller action with signature System.Threading.Tasks.Task`1[Microsoft.AspNetCore.Mvc.ActionResult`1[ApiProjetVersion3.Entities.Commande]] PostCommande(ApiProjetVersion3.Entities.Commande) on controller ApiProjetVersion3.Controllers.EmployesController (ApiProjetVersion3).
2025-01-23 12:33:12.674 -05:00 [INF] Executing BadRequestObjectResult, writing value of type 'Microsoft.AspNetCore.Mvc.ValidationProblemDetails'.
2025-01-23 12:33:12.700 -05:00 [INF] Executed action ApiProjetVersion3.Controllers.EmployesController.PostCommande (ApiProjetVersion3) in 62.8103ms
2025-01-23 12:33:12.703 -05:00 [INF] Executed endpoint 'ApiProjetVersion3.Controllers.EmployesController.PostCommande (ApiProjetVersion3)'
2025-01-23 12:33:12.705 -05:00 [INF] Request finished HTTP/2 POST https://localhost:7195/api/Commandes - 400 null application/problem+json; charset=utf-8 86.8645ms
2025-01-23 12:33:45.567 -05:00 [INF] Request starting HTTP/2 POST https://localhost:7195/api/Commandes - application/json 459
2025-01-23 12:33:45.572 -05:00 [INF] Executing endpoint 'ApiProjetVersion3.Controllers.EmployesController.PostCommande (ApiProjetVersion3)'
2025-01-23 12:33:45.574 -05:00 [INF] Route matched with {action = "PostCommande", controller = "Employes"}. Executing controller action with signature System.Threading.Tasks.Task`1[Microsoft.AspNetCore.Mvc.ActionResult`1[ApiProjetVersion3.Entities.Commande]] PostCommande(ApiProjetVersion3.Entities.Commande) on controller ApiProjetVersion3.Controllers.EmployesController (ApiProjetVersion3).
2025-01-23 12:33:46.250 -05:00 [WRN] Sensitive data logging is enabled. Log entries and exception messages may include sensitive application data; this mode should only be enabled during development.
2025-01-23 12:33:47.180 -05:00 [INF] Executed DbCommand (68ms) [Parameters=[@p0='2023-10-10T00:00:00.0000000', @p1='2023-11-07T00:00:00.0000000' (Nullable = true), @p2='2023-10-14T00:00:00.0000000' (Nullable = true), @p3='10.00' (Nullable = true) (Precision = 6) (Scale = 2), @p4='600d41b8-d9d5-4695-a5f8-0059d103379d', @p5='Ngola10' (Nullable = false) (Size = 20) (DbType = AnsiString), @p6='5', @p7='1'], CommandType='"Text"', CommandTimeout='30']
SET IMPLICIT_TRANSACTIONS OFF;
SET NOCOUNT ON;
INSERT INTO [Commandes] ([DateCommande], [DateLivMaxi], [DateLivraison], [FraisLivraison], [IdAdresse], [IdClient], [IdEmploye], [IdLivreur])
OUTPUT INSERTED.[Id]
VALUES (@p0, @p1, @p2, @p3, @p4, @p5, @p6, @p7);
2025-01-23 12:33:47.274 -05:00 [INF] Executed DbCommand (29ms) [Parameters=[@p8='1708', @p9='5', @p10='15.40' (Precision = 8) (Scale = 2), @p11='2', @p12='0.12', @p13='1708', @p14='77', @p15='10.00' (Precision = 8) (Scale = 2), @p16='1', @p17='0.2'], CommandType='"Text"', CommandTimeout='30']
SET IMPLICIT_TRANSACTIONS OFF;
SET NOCOUNT ON;
INSERT INTO [LignesCommandes] ([IdCommande], [IdProduit], [PU], [Quantite], [TauxReduc])
VALUES (@p8, @p9, @p10, @p11, @p12),
(@p13, @p14, @p15, @p16, @p17);
2025-01-23 12:33:47.323 -05:00 [INF] Executing CreatedResult, writing value of type 'ApiProjetVersion3.Entities.Commande'.
2025-01-23 12:33:47.347 -05:00 [INF] Executed action ApiProjetVersion3.Controllers.EmployesController.PostCommande (ApiProjetVersion3) in 1769.9625ms
2025-01-23 12:33:47.350 -05:00 [INF] Executed endpoint 'ApiProjetVersion3.Controllers.EmployesController.PostCommande (ApiProjetVersion3)'
2025-01-23 12:33:47.358 -05:00 [INF] Request finished HTTP/2 POST https://localhost:7195/api/Commandes - 201 null application/json; charset=utf-8 1791.1865ms
2025-01-23 12:44:28.523 -05:00 [INF] Request starting HTTP/2 POST https://localhost:7195/api/Commandes - application/json 460
2025-01-23 12:44:28.529 -05:00 [INF] Executing endpoint 'ApiProjetVersion3.Controllers.EmployesController.PostCommande (ApiProjetVersion3)'
2025-01-23 12:44:28.532 -05:00 [INF] Route matched with {action = "PostCommande", controller = "Employes"}. Executing controller action with signature System.Threading.Tasks.Task`1[Microsoft.AspNetCore.Mvc.ActionResult`1[ApiProjetVersion3.Entities.Commande]] PostCommande(ApiProjetVersion3.Entities.Commande) on controller ApiProjetVersion3.Controllers.EmployesController (ApiProjetVersion3).
2025-01-23 12:44:28.619 -05:00 [INF] Executed DbCommand (11ms) [Parameters=[@p0='2023-10-10T00:00:00.0000000', @p1='2023-11-07T00:00:00.0000000' (Nullable = true), @p2='2023-10-14T00:00:00.0000000' (Nullable = true), @p3='10.00' (Nullable = true) (Precision = 6) (Scale = 2), @p4='600d41b8-d9d5-4695-a5f8-0059d103379d', @p5='Ngola10' (Nullable = false) (Size = 20) (DbType = AnsiString), @p6='7', @p7='2'], CommandType='"Text"', CommandTimeout='30']
SET IMPLICIT_TRANSACTIONS OFF;
SET NOCOUNT ON;
INSERT INTO [Commandes] ([DateCommande], [DateLivMaxi], [DateLivraison], [FraisLivraison], [IdAdresse], [IdClient], [IdEmploye], [IdLivreur])
OUTPUT INSERTED.[Id]
VALUES (@p0, @p1, @p2, @p3, @p4, @p5, @p6, @p7);
2025-01-23 12:44:28.630 -05:00 [INF] Executed DbCommand (6ms) [Parameters=[@p8='1709', @p9='10', @p10='15.40' (Precision = 8) (Scale = 2), @p11='2', @p12='0.12', @p13='1709', @p14='55', @p15='10.00' (Precision = 8) (Scale = 2), @p16='1', @p17='0.2'], CommandType='"Text"', CommandTimeout='30']
SET IMPLICIT_TRANSACTIONS OFF;
SET NOCOUNT ON;
INSERT INTO [LignesCommandes] ([IdCommande], [IdProduit], [PU], [Quantite], [TauxReduc])
VALUES (@p8, @p9, @p10, @p11, @p12),
(@p13, @p14, @p15, @p16, @p17);
2025-01-23 12:44:28.636 -05:00 [INF] Executing CreatedResult, writing value of type 'ApiProjetVersion3.Entities.Commande'.
2025-01-23 12:44:28.638 -05:00 [INF] Executed action ApiProjetVersion3.Controllers.EmployesController.PostCommande (ApiProjetVersion3) in 102.243ms
2025-01-23 12:44:28.640 -05:00 [INF] Executed endpoint 'ApiProjetVersion3.Controllers.EmployesController.PostCommande (ApiProjetVersion3)'
2025-01-23 12:44:28.642 -05:00 [INF] Request finished HTTP/2 POST https://localhost:7195/api/Commandes - 201 null application/json; charset=utf-8 118.501ms
2025-01-23 14:37:33.125 -05:00 [INF] Now listening on: https://localhost:7195
2025-01-23 14:37:33.426 -05:00 [INF] Now listening on: http://localhost:5121
2025-01-23 14:37:33.436 -05:00 [INF] Application started. Press Ctrl+C to shut down.
2025-01-23 14:37:33.440 -05:00 [INF] Hosting environment: Development
2025-01-23 14:37:33.442 -05:00 [INF] Content root path: C:\Users\HP\Desktop\projet\asp.net.mvc6\CourrsWebApi3\Northwind3
2025-01-23 14:37:33.756 -05:00 [INF] Request starting HTTP/2 GET https://localhost:7195/swagger/index.html - null null
2025-01-23 14:37:34.195 -05:00 [INF] Request finished HTTP/2 GET https://localhost:7195/swagger/index.html - 200 null text/html;charset=utf-8 445.0449ms
2025-01-23 14:37:34.260 -05:00 [INF] Request starting HTTP/2 GET https://localhost:7195/_framework/aspnetcore-browser-refresh.js - null null
2025-01-23 14:37:34.260 -05:00 [INF] Request starting HTTP/2 GET https://localhost:7195/_vs/browserLink - null null
2025-01-23 14:37:34.279 -05:00 [INF] Request finished HTTP/2 GET https://localhost:7195/_framework/aspnetcore-browser-refresh.js - 200 13756 application/javascript; charset=utf-8 18.3182ms
2025-01-23 14:37:34.327 -05:00 [INF] Request finished HTTP/2 GET https://localhost:7195/_vs/browserLink - 200 null text/javascript; charset=UTF-8 66.6367ms
2025-01-23 14:37:34.717 -05:00 [INF] Request starting HTTP/2 GET https://localhost:7195/swagger/v1/swagger.json - null null
2025-01-23 14:37:35.094 -05:00 [INF] Request finished HTTP/2 GET https://localhost:7195/swagger/v1/swagger.json - 200 null application/json;charset=utf-8 377.9829ms
2025-01-23 14:42:16.091 -05:00 [INF] Request starting HTTP/2 PUT https://localhost:7195/api/Employes/1676/Lignes - application/json 85
2025-01-23 14:42:16.111 -05:00 [INF] Executing endpoint 'ApiProjetVersion3.Controllers.EmployesController.PutLigneCommande (ApiProjetVersion3)'
2025-01-23 14:42:16.169 -05:00 [INF] Route matched with {action = "PutLigneCommande", controller = "Employes"}. Executing controller action with signature System.Threading.Tasks.Task`1[Microsoft.AspNetCore.Mvc.IActionResult] PutLigneCommande(Int32, ApiProjetVersion3.Entities.LigneCommande) on controller ApiProjetVersion3.Controllers.EmployesController (ApiProjetVersion3).
2025-01-23 14:42:17.309 -05:00 [WRN] Sensitive data logging is enabled. Log entries and exception messages may include sensitive application data; this mode should only be enabled during development.
2025-01-23 14:42:18.292 -05:00 [INF] Executed DbCommand (64ms) [Parameters=[@p2='1676', @p3='5', @p0='2', @p1='0.12'], CommandType='"Text"', CommandTimeout='30']
SET IMPLICIT_TRANSACTIONS OFF;
SET NOCOUNT ON;
UPDATE [LignesCommandes] SET [Quantite] = @p0, [TauxReduc] = @p1
OUTPUT 1
WHERE [IdCommande] = @p2 AND [IdProduit] = @p3;
2025-01-23 14:42:18.359 -05:00 [INF] Executing ObjectResult, writing value of type 'Microsoft.AspNetCore.Mvc.ProblemDetails'.
2025-01-23 14:42:18.397 -05:00 [INF] Executed action ApiProjetVersion3.Controllers.EmployesController.PutLigneCommande (ApiProjetVersion3) in 2220.7653ms
2025-01-23 14:42:18.402 -05:00 [INF] Executed endpoint 'ApiProjetVersion3.Controllers.EmployesController.PutLigneCommande (ApiProjetVersion3)'
2025-01-23 14:42:18.410 -05:00 [INF] Request finished HTTP/2 PUT https://localhost:7195/api/Employes/1676/Lignes - 404 null application/problem+json; charset=utf-8 2319.218ms
2025-01-23 14:43:21.204 -05:00 [INF] Request starting HTTP/2 PUT https://localhost:7195/api/Employes/1676/Lignes - application/json 70
2025-01-23 14:43:21.212 -05:00 [INF] Executing endpoint 'ApiProjetVersion3.Controllers.EmployesController.PutLigneCommande (ApiProjetVersion3)'
2025-01-23 14:43:21.214 -05:00 [INF] Route matched with {action = "PutLigneCommande", controller = "Employes"}. Executing controller action with signature System.Threading.Tasks.Task`1[Microsoft.AspNetCore.Mvc.IActionResult] PutLigneCommande(Int32, ApiProjetVersion3.Entities.LigneCommande) on controller ApiProjetVersion3.Controllers.EmployesController (ApiProjetVersion3).
2025-01-23 14:43:21.308 -05:00 [INF] Executed DbCommand (5ms) [Parameters=[@p2='1676', @p3='0', @p0='2', @p1='0.12'], CommandType='"Text"', CommandTimeout='30']
SET IMPLICIT_TRANSACTIONS OFF;
SET NOCOUNT ON;
UPDATE [LignesCommandes] SET [Quantite] = @p0, [TauxReduc] = @p1
OUTPUT 1
WHERE [IdCommande] = @p2 AND [IdProduit] = @p3;
2025-01-23 14:43:21.316 -05:00 [INF] Executing ObjectResult, writing value of type 'Microsoft.AspNetCore.Mvc.ProblemDetails'.
2025-01-23 14:43:21.318 -05:00 [INF] Executed action ApiProjetVersion3.Controllers.EmployesController.PutLigneCommande (ApiProjetVersion3) in 100.1724ms
2025-01-23 14:43:21.320 -05:00 [INF] Executed endpoint 'ApiProjetVersion3.Controllers.EmployesController.PutLigneCommande (ApiProjetVersion3)'
2025-01-23 14:43:21.321 -05:00 [INF] Request finished HTTP/2 PUT https://localhost:7195/api/Employes/1676/Lignes - 404 null application/problem+json; charset=utf-8 116.5444ms
2025-01-23 14:47:58.198 -05:00 [INF] Request starting HTTP/2 PUT https://localhost:7195/api/Employes/1676/Lignes - application/json 85
2025-01-23 14:47:58.204 -05:00 [INF] Executing endpoint 'ApiProjetVersion3.Controllers.EmployesController.PutLigneCommande (ApiProjetVersion3)'
2025-01-23 14:47:58.207 -05:00 [INF] Route matched with {action = "PutLigneCommande", controller = "Employes"}. Executing controller action with signature System.Threading.Tasks.Task`1[Microsoft.AspNetCore.Mvc.IActionResult] PutLigneCommande(Int32, ApiProjetVersion3.Entities.LigneCommande) on controller ApiProjetVersion3.Controllers.EmployesController (ApiProjetVersion3).
2025-01-23 14:47:58.247 -05:00 [INF] Executed DbCommand (3ms) [Parameters=[@p2='1676', @p3='5', @p0='2', @p1='0.12'], CommandType='"Text"', CommandTimeout='30']
SET IMPLICIT_TRANSACTIONS OFF;
SET NOCOUNT ON;
UPDATE [LignesCommandes] SET [Quantite] = @p0, [TauxReduc] = @p1
OUTPUT 1
WHERE [IdCommande] = @p2 AND [IdProduit] = @p3;
2025-01-23 14:47:58.251 -05:00 [INF] Executing ObjectResult, writing value of type 'Microsoft.AspNetCore.Mvc.ProblemDetails'.
2025-01-23 14:47:58.253 -05:00 [INF] Executed action ApiProjetVersion3.Controllers.EmployesController.PutLigneCommande (ApiProjetVersion3) in 41.7671ms
2025-01-23 14:47:58.256 -05:00 [INF] Executed endpoint 'ApiProjetVersion3.Controllers.EmployesController.PutLigneCommande (ApiProjetVersion3)'
2025-01-23 14:47:58.259 -05:00 [INF] Request finished HTTP/2 PUT https://localhost:7195/api/Employes/1676/Lignes - 404 null application/problem+json; charset=utf-8 61.2534ms
2025-01-23 14:49:52.116 -05:00 [INF] Request starting HTTP/2 PUT https://localhost:7195/api/Employes/1676/Lignes - application/json 85
2025-01-23 14:49:52.121 -05:00 [INF] Executing endpoint 'ApiProjetVersion3.Controllers.EmployesController.PutLigneCommande (ApiProjetVersion3)'
2025-01-23 14:49:52.124 -05:00 [INF] Route matched with {action = "PutLigneCommande", controller = "Employes"}. Executing controller action with signature System.Threading.Tasks.Task`1[Microsoft.AspNetCore.Mvc.IActionResult] PutLigneCommande(Int32, ApiProjetVersion3.Entities.LigneCommande) on controller ApiProjetVersion3.Controllers.EmployesController (ApiProjetVersion3).
2025-01-23 14:49:52.133 -05:00 [INF] Executed DbCommand (3ms) [Parameters=[@p2='1676', @p3='5', @p0='2', @p1='0.12'], CommandType='"Text"', CommandTimeout='30']
SET IMPLICIT_TRANSACTIONS OFF;
SET NOCOUNT ON;
UPDATE [LignesCommandes] SET [Quantite] = @p0, [TauxReduc] = @p1
OUTPUT 1
WHERE [IdCommande] = @p2 AND [IdProduit] = @p3;
2025-01-23 14:49:52.142 -05:00 [INF] Executing ObjectResult, writing value of type 'Microsoft.AspNetCore.Mvc.ProblemDetails'.
2025-01-23 14:49:52.146 -05:00 [INF] Executed action ApiProjetVersion3.Controllers.EmployesController.PutLigneCommande (ApiProjetVersion3) in 18.8073ms
2025-01-23 14:49:52.148 -05:00 [INF] Executed endpoint 'ApiProjetVersion3.Controllers.EmployesController.PutLigneCommande (ApiProjetVersion3)'
2025-01-23 14:49:52.149 -05:00 [INF] Request finished HTTP/2 PUT https://localhost:7195/api/Employes/1676/Lignes - 404 null application/problem+json; charset=utf-8 32.8806ms
2025-01-23 14:50:30.977 -05:00 [INF] Request starting HTTP/2 PUT https://localhost:7195/api/Employes/1676/Lignes - application/json 85
2025-01-23 14:50:30.981 -05:00 [INF] Executing endpoint 'ApiProjetVersion3.Controllers.EmployesController.PutLigneCommande (ApiProjetVersion3)'
2025-01-23 14:50:30.985 -05:00 [INF] Route matched with {action = "PutLigneCommande", controller = "Employes"}. Executing controller action with signature System.Threading.Tasks.Task`1[Microsoft.AspNetCore.Mvc.IActionResult] PutLigneCommande(Int32, ApiProjetVersion3.Entities.LigneCommande) on controller ApiProjetVersion3.Controllers.EmployesController (ApiProjetVersion3).
2025-01-23 14:50:30.996 -05:00 [INF] Executed DbCommand (3ms) [Parameters=[@p2='1676', @p3='5', @p0='2', @p1='0.12'], CommandType='"Text"', CommandTimeout='30']
SET IMPLICIT_TRANSACTIONS OFF;
SET NOCOUNT ON;
UPDATE [LignesCommandes] SET [Quantite] = @p0, [TauxReduc] = @p1
OUTPUT 1
WHERE [IdCommande] = @p2 AND [IdProduit] = @p3;
2025-01-23 14:50:30.999 -05:00 [INF] Executing ObjectResult, writing value of type 'Microsoft.AspNetCore.Mvc.ProblemDetails'.
2025-01-23 14:50:31.001 -05:00 [INF] Executed action ApiProjetVersion3.Controllers.EmployesController.PutLigneCommande (ApiProjetVersion3) in 12.7654ms
2025-01-23 14:50:31.005 -05:00 [INF] Executed endpoint 'ApiProjetVersion3.Controllers.EmployesController.PutLigneCommande (ApiProjetVersion3)'
2025-01-23 14:50:31.007 -05:00 [INF] Request finished HTTP/2 PUT https://localhost:7195/api/Employes/1676/Lignes - 404 null application/problem+json; charset=utf-8 30.0018ms
2025-01-23 14:50:45.324 -05:00 [INF] Request starting HTTP/2 PUT https://localhost:7195/api/Employes/1676/Lignes - application/json 85
2025-01-23 14:50:45.330 -05:00 [INF] Executing endpoint 'ApiProjetVersion3.Controllers.EmployesController.PutLigneCommande (ApiProjetVersion3)'
2025-01-23 14:50:45.333 -05:00 [INF] Route matched with {action = "PutLigneCommande", controller = "Employes"}. Executing controller action with signature System.Threading.Tasks.Task`1[Microsoft.AspNetCore.Mvc.IActionResult] PutLigneCommande(Int32, ApiProjetVersion3.Entities.LigneCommande) on controller ApiProjetVersion3.Controllers.EmployesController (ApiProjetVersion3).
2025-01-23 14:50:45.344 -05:00 [INF] Executed DbCommand (3ms) [Parameters=[@p2='1676', @p3='5', @p0='2', @p1='0.12'], CommandType='"Text"', CommandTimeout='30']
SET IMPLICIT_TRANSACTIONS OFF;
SET NOCOUNT ON;
UPDATE [LignesCommandes] SET [Quantite] = @p0, [TauxReduc] = @p1
OUTPUT 1
WHERE [IdCommande] = @p2 AND [IdProduit] = @p3;
2025-01-23 14:50:45.354 -05:00 [INF] Executing ObjectResult, writing value of type 'Microsoft.AspNetCore.Mvc.ProblemDetails'.
2025-01-23 14:50:45.357 -05:00 [INF] Executed action ApiProjetVersion3.Controllers.EmployesController.PutLigneCommande (ApiProjetVersion3) in 19.6973ms
2025-01-23 14:50:45.359 -05:00 [INF] Executed endpoint 'ApiProjetVersion3.Controllers.EmployesController.PutLigneCommande (ApiProjetVersion3)'
2025-01-23 14:50:45.361 -05:00 [INF] Request finished HTTP/2 PUT https://localhost:7195/api/Employes/1676/Lignes - 404 null application/problem+json; charset=utf-8 36.5257ms
2025-01-23 14:52:02.264 -05:00 [INF] Request starting HTTP/2 PUT https://localhost:7195/api/Employes/1676/Lignes - application/json 68
2025-01-23 14:52:02.268 -05:00 [INF] Executing endpoint 'ApiProjetVersion3.Controllers.EmployesController.PutLigneCommande (ApiProjetVersion3)'
2025-01-23 14:52:02.269 -05:00 [INF] Route matched with {action = "PutLigneCommande", controller = "Employes"}. Executing controller action with signature System.Threading.Tasks.Task`1[Microsoft.AspNetCore.Mvc.IActionResult] PutLigneCommande(Int32, ApiProjetVersion3.Entities.LigneCommande) on controller ApiProjetVersion3.Controllers.EmployesController (ApiProjetVersion3).
2025-01-23 14:52:02.281 -05:00 [INF] Executed DbCommand (4ms) [Parameters=[@p2='1676', @p3='5', @p0='2', @p1='0.12'], CommandType='"Text"', CommandTimeout='30']
SET IMPLICIT_TRANSACTIONS OFF;
SET NOCOUNT ON;
UPDATE [LignesCommandes] SET [Quantite] = @p0, [TauxReduc] = @p1
OUTPUT 1
WHERE [IdCommande] = @p2 AND [IdProduit] = @p3;
2025-01-23 14:52:02.286 -05:00 [INF] Executing ObjectResult, writing value of type 'Microsoft.AspNetCore.Mvc.ProblemDetails'.
2025-01-23 14:52:02.288 -05:00 [INF] Executed action ApiProjetVersion3.Controllers.EmployesController.PutLigneCommande (ApiProjetVersion3) in 15.1809ms
2025-01-23 14:52:02.291 -05:00 [INF] Executed endpoint 'ApiProjetVersion3.Controllers.EmployesController.PutLigneCommande (ApiProjetVersion3)'
2025-01-23 14:52:02.294 -05:00 [INF] Request finished HTTP/2 PUT https://localhost:7195/api/Employes/1676/Lignes - 404 null application/problem+json; charset=utf-8 29.6821ms
2025-01-23 14:52:24.075 -05:00 [INF] Request starting HTTP/2 PUT https://localhost:7195/api/Employes/1677/Lignes - application/json 85
2025-01-23 14:52:24.081 -05:00 [INF] Executing endpoint 'ApiProjetVersion3.Controllers.EmployesController.PutLigneCommande (ApiProjetVersion3)'
2025-01-23 14:52:24.083 -05:00 [INF] Route matched with {action = "PutLigneCommande", controller = "Employes"}. Executing controller action with signature System.Threading.Tasks.Task`1[Microsoft.AspNetCore.Mvc.IActionResult] PutLigneCommande(Int32, ApiProjetVersion3.Entities.LigneCommande) on controller ApiProjetVersion3.Controllers.EmployesController (ApiProjetVersion3).
2025-01-23 14:52:24.095 -05:00 [INF] Executed DbCommand (4ms) [Parameters=[@p2='1677', @p3='5', @p0='2', @p1='0.12'], CommandType='"Text"', CommandTimeout='30']
SET IMPLICIT_TRANSACTIONS OFF;
SET NOCOUNT ON;
UPDATE [LignesCommandes] SET [Quantite] = @p0, [TauxReduc] = @p1
OUTPUT 1
WHERE [IdCommande] = @p2 AND [IdProduit] = @p3;
2025-01-23 14:52:24.100 -05:00 [INF] Executing ObjectResult, writing value of type 'Microsoft.AspNetCore.Mvc.ProblemDetails'.
2025-01-23 14:52:24.103 -05:00 [INF] Executed action ApiProjetVersion3.Controllers.EmployesController.PutLigneCommande (ApiProjetVersion3) in 16.8889ms
2025-01-23 14:52:24.106 -05:00 [INF] Executed endpoint 'ApiProjetVersion3.Controllers.EmployesController.PutLigneCommande (ApiProjetVersion3)'
2025-01-23 14:52:24.109 -05:00 [INF] Request finished HTTP/2 PUT https://localhost:7195/api/Employes/1677/Lignes - 404 null application/problem+json; charset=utf-8 33.6486ms
2025-01-23 14:54:15.576 -05:00 [INF] Request starting HTTP/2 PUT https://localhost:7195/api/Employes/1676/Lignes - application/json 460
2025-01-23 14:54:15.582 -05:00 [INF] Executing endpoint 'ApiProjetVersion3.Controllers.EmployesController.PutLigneCommande (ApiProjetVersion3)'
2025-01-23 14:54:15.584 -05:00 [INF] Route matched with {action = "PutLigneCommande", controller = "Employes"}. Executing controller action with signature System.Threading.Tasks.Task`1[Microsoft.AspNetCore.Mvc.IActionResult] PutLigneCommande(Int32, ApiProjetVersion3.Entities.LigneCommande) on controller ApiProjetVersion3.Controllers.EmployesController (ApiProjetVersion3).
2025-01-23 14:54:15.599 -05:00 [INF] Executed DbCommand (6ms) [Parameters=[@p2='1676', @p3='0', @p0='0', @p1='0'], CommandType='"Text"', CommandTimeout='30']
SET IMPLICIT_TRANSACTIONS OFF;
SET NOCOUNT ON;
UPDATE [LignesCommandes] SET [Quantite] = @p0, [TauxReduc] = @p1
OUTPUT 1
WHERE [IdCommande] = @p2 AND [IdProduit] = @p3;
2025-01-23 14:54:15.606 -05:00 [INF] Executing ObjectResult, writing value of type 'Microsoft.AspNetCore.Mvc.ProblemDetails'.
2025-01-23 14:54:15.610 -05:00 [INF] Executed action ApiProjetVersion3.Controllers.EmployesController.PutLigneCommande (ApiProjetVersion3) in 23.7322ms
2025-01-23 14:54:15.613 -05:00 [INF] Executed endpoint 'ApiProjetVersion3.Controllers.EmployesController.PutLigneCommande (ApiProjetVersion3)'
2025-01-23 14:54:15.615 -05:00 [INF] Request finished HTTP/2 PUT https://localhost:7195/api/Employes/1676/Lignes - 404 null application/problem+json; charset=utf-8 38.8891ms
2025-01-23 15:00:02.172 -05:00 [INF] Request starting HTTP/2 PUT https://localhost:7195/api/Employes/1676/Lignes - application/json 92
2025-01-23 15:00:02.182 -05:00 [INF] Executing endpoint 'ApiProjetVersion3.Controllers.EmployesController.PutLigneCommande (ApiProjetVersion3)'
2025-01-23 15:00:02.185 -05:00 [INF] Route matched with {action = "PutLigneCommande", controller = "Employes"}. Executing controller action with signature System.Threading.Tasks.Task`1[Microsoft.AspNetCore.Mvc.IActionResult] PutLigneCommande(Int32, ApiProjetVersion3.Entities.LigneCommande) on controller ApiProjetVersion3.Controllers.EmployesController (ApiProjetVersion3).
2025-01-23 15:00:02.201 -05:00 [INF] Executed DbCommand (4ms) [Parameters=[@p2='1676', @p3='5', @p0='10', @p1='1'], CommandType='"Text"', CommandTimeout='30']
SET IMPLICIT_TRANSACTIONS OFF;
SET NOCOUNT ON;
UPDATE [LignesCommandes] SET [Quantite] = @p0, [TauxReduc] = @p1
OUTPUT 1
WHERE [IdCommande] = @p2 AND [IdProduit] = @p3;
2025-01-23 15:00:02.204 -05:00 [INF] Executing ObjectResult, writing value of type 'Microsoft.AspNetCore.Mvc.ProblemDetails'.
2025-01-23 15:00:02.205 -05:00 [INF] Executed action ApiProjetVersion3.Controllers.EmployesController.PutLigneCommande (ApiProjetVersion3) in 18.1677ms
2025-01-23 15:00:02.207 -05:00 [INF] Executed endpoint 'ApiProjetVersion3.Controllers.EmployesController.PutLigneCommande (ApiProjetVersion3)'
2025-01-23 15:00:02.209 -05:00 [INF] Request finished HTTP/2 PUT https://localhost:7195/api/Employes/1676/Lignes - 404 null application/problem+json; charset=utf-8 36.6092ms
2025-01-23 15:01:21.168 -05:00 [INF] Request starting HTTP/2 PUT https://localhost:7195/api/Employes/1676/Lignes - application/json 70
2025-01-23 15:01:21.172 -05:00 [INF] Executing endpoint 'ApiProjetVersion3.Controllers.EmployesController.PutLigneCommande (ApiProjetVersion3)'
2025-01-23 15:01:21.174 -05:00 [INF] Route matched with {action = "PutLigneCommande", controller = "Employes"}. Executing controller action with signature System.Threading.Tasks.Task`1[Microsoft.AspNetCore.Mvc.IActionResult] PutLigneCommande(Int32, ApiProjetVersion3.Entities.LigneCommande) on controller ApiProjetVersion3.Controllers.EmployesController (ApiProjetVersion3).
2025-01-23 15:01:21.189 -05:00 [INF] Executed DbCommand (8ms) [Parameters=[@p2='1676', @p3='5', @p0='10', @p1='1'], CommandType='"Text"', CommandTimeout='30']
SET IMPLICIT_TRANSACTIONS OFF;
SET NOCOUNT ON;
UPDATE [LignesCommandes] SET [Quantite] = @p0, [TauxReduc] = @p1
OUTPUT 1
WHERE [IdCommande] = @p2 AND [IdProduit] = @p3;
2025-01-23 15:01:21.194 -05:00 [INF] Executing ObjectResult, writing value of type 'Microsoft.AspNetCore.Mvc.ProblemDetails'.
2025-01-23 15:01:21.196 -05:00 [INF] Executed action ApiProjetVersion3.Controllers.EmployesController.PutLigneCommande (ApiProjetVersion3) in 17.089ms
2025-01-23 15:01:21.197 -05:00 [INF] Executed endpoint 'ApiProjetVersion3.Controllers.EmployesController.PutLigneCommande (ApiProjetVersion3)'
2025-01-23 15:01:21.198 -05:00 [INF] Request finished HTTP/2 PUT https://localhost:7195/api/Employes/1676/Lignes - 404 null application/problem+json; charset=utf-8 30.7112ms
2025-01-23 15:05:46.765 -05:00 [INF] Request starting HTTP/2 GET https://localhost:7195/swagger/index.html - null null
2025-01-23 15:05:46.795 -05:00 [INF] Request finished HTTP/2 GET https://localhost:7195/swagger/index.html - 200 null text/html;charset=utf-8 29.5106ms
2025-01-23 15:05:46.826 -05:00 [INF] Request starting HTTP/2 GET https://localhost:7195/_vs/browserLink - null null
2025-01-23 15:05:46.826 -05:00 [INF] Request starting HTTP/2 GET https://localhost:7195/_framework/aspnetcore-browser-refresh.js - null null
2025-01-23 15:05:46.834 -05:00 [INF] Request finished HTTP/2 GET https://localhost:7195/_framework/aspnetcore-browser-refresh.js - 200 13756 application/javascript; charset=utf-8 7.387ms
2025-01-23 15:05:46.846 -05:00 [INF] Request finished HTTP/2 GET https://localhost:7195/_vs/browserLink - 200 null text/javascript; charset=UTF-8 20.218ms
2025-01-23 15:05:47.149 -05:00 [INF] Request starting HTTP/2 GET https://localhost:7195/swagger/v1/swagger.json - null null
2025-01-23 15:05:47.249 -05:00 [INF] Request finished HTTP/2 GET https://localhost:7195/swagger/v1/swagger.json - 200 null application/json;charset=utf-8 100.7129ms
2025-01-23 15:07:06.056 -05:00 [INF] Request starting HTTP/2 PUT https://localhost:7195/api/Employes/1704/Lignes - application/json 84
2025-01-23 15:07:06.062 -05:00 [INF] Executing endpoint 'ApiProjetVersion3.Controllers.EmployesController.PutLigneCommande (ApiProjetVersion3)'
2025-01-23 15:07:06.078 -05:00 [INF] Route matched with {action = "PutLigneCommande", controller = "Employes"}. Executing controller action with signature System.Threading.Tasks.Task`1[Microsoft.AspNetCore.Mvc.IActionResult] PutLigneCommande(Int32, ApiProjetVersion3.Entities.LigneCommande) on controller ApiProjetVersion3.Controllers.EmployesController (ApiProjetVersion3).
2025-01-23 15:07:06.100 -05:00 [INF] Executing BadRequestObjectResult, writing value of type 'Microsoft.AspNetCore.Mvc.ValidationProblemDetails'.
2025-01-23 15:07:06.114 -05:00 [INF] Executed action ApiProjetVersion3.Controllers.EmployesController.PutLigneCommande (ApiProjetVersion3) in 30.6573ms
2025-01-23 15:07:06.116 -05:00 [INF] Executed endpoint 'ApiProjetVersion3.Controllers.EmployesController.PutLigneCommande (ApiProjetVersion3)'
2025-01-23 15:07:06.118 -05:00 [INF] Request finished HTTP/2 PUT https://localhost:7195/api/Employes/1704/Lignes - 400 null application/problem+json; charset=utf-8 62.5498ms
2025-01-23 15:08:03.244 -05:00 [INF] Request starting HTTP/2 PUT https://localhost:7195/api/Employes/1704/Lignes - application/json 85
2025-01-23 15:08:03.251 -05:00 [INF] Executing endpoint 'ApiProjetVersion3.Controllers.EmployesController.PutLigneCommande (ApiProjetVersion3)'
2025-01-23 15:08:03.252 -05:00 [INF] Route matched with {action = "PutLigneCommande", controller = "Employes"}. Executing controller action with signature System.Threading.Tasks.Task`1[Microsoft.AspNetCore.Mvc.IActionResult] PutLigneCommande(Int32, ApiProjetVersion3.Entities.LigneCommande) on controller ApiProjetVersion3.Controllers.EmployesController (ApiProjetVersion3).
2025-01-23 15:08:03.256 -05:00 [INF] Executing BadRequestObjectResult, writing value of type 'Microsoft.AspNetCore.Mvc.ValidationProblemDetails'.
2025-01-23 15:08:03.258 -05:00 [INF] Executed action ApiProjetVersion3.Controllers.EmployesController.PutLigneCommande (ApiProjetVersion3) in 2.7936ms
2025-01-23 15:08:03.260 -05:00 [INF] Executed endpoint 'ApiProjetVersion3.Controllers.EmployesController.PutLigneCommande (ApiProjetVersion3)'
2025-01-23 15:08:03.262 -05:00 [INF] Request finished HTTP/2 PUT https://localhost:7195/api/Employes/1704/Lignes - 400 null application/problem+json; charset=utf-8 17.5391ms
2025-01-23 15:08:27.835 -05:00 [INF] Request starting HTTP/2 PUT https://localhost:7195/api/Employes/1704/Lignes - application/json 84
2025-01-23 15:08:27.840 -05:00 [INF] Executing endpoint 'ApiProjetVersion3.Controllers.EmployesController.PutLigneCommande (ApiProjetVersion3)'
2025-01-23 15:08:27.842 -05:00 [INF] Route matched with {action = "PutLigneCommande", controller = "Employes"}. Executing controller action with signature System.Threading.Tasks.Task`1[Microsoft.AspNetCore.Mvc.IActionResult] PutLigneCommande(Int32, ApiProjetVersion3.Entities.LigneCommande) on controller ApiProjetVersion3.Controllers.EmployesController (ApiProjetVersion3).
2025-01-23 15:08:27.876 -05:00 [INF] Executed DbCommand (15ms) [Parameters=[@p3='1704', @p4='29', @p0='15.40' (Precision = 8) (Scale = 2), @p1='2', @p2='0.12'], CommandType='"Text"', CommandTimeout='30']
SET IMPLICIT_TRANSACTIONS OFF;
SET NOCOUNT ON;
UPDATE [LignesCommandes] SET [PU] = @p0, [Quantite] = @p1, [TauxReduc] = @p2
OUTPUT 1
WHERE [IdCommande] = @p3 AND [IdProduit] = @p4;
2025-01-23 15:08:27.898 -05:00 [INF] Executing StatusCodeResult, setting HTTP status code 204
2025-01-23 15:08:27.900 -05:00 [INF] Executed action ApiProjetVersion3.Controllers.EmployesController.PutLigneCommande (ApiProjetVersion3) in 55.2731ms
2025-01-23 15:08:27.901 -05:00 [INF] Executed endpoint 'ApiProjetVersion3.Controllers.EmployesController.PutLigneCommande (ApiProjetVersion3)'
2025-01-23 15:08:27.903 -05:00 [INF] Request finished HTTP/2 PUT https://localhost:7195/api/Employes/1704/Lignes - 204 null null 67.2592ms
2025-01-23 15:10:23.409 -05:00 [INF] Request starting HTTP/2 PUT https://localhost:7195/api/Employes/1676/Lignes - application/json 85
2025-01-23 15:10:23.414 -05:00 [INF] Executing endpoint 'ApiProjetVersion3.Controllers.EmployesController.PutLigneCommande (ApiProjetVersion3)'
2025-01-23 15:10:23.416 -05:00 [INF] Route matched with {action = "PutLigneCommande", controller = "Employes"}. Executing controller action with signature System.Threading.Tasks.Task`1[Microsoft.AspNetCore.Mvc.IActionResult] PutLigneCommande(Int32, ApiProjetVersion3.Entities.LigneCommande) on controller ApiProjetVersion3.Controllers.EmployesController (ApiProjetVersion3).
2025-01-23 15:10:23.430 -05:00 [INF] Executed DbCommand (8ms) [Parameters=[@p3='1676', @p4='16', @p0='15.00' (Precision = 8) (Scale = 2), @p1='10', @p2='0.1'], CommandType='"Text"', CommandTimeout='30']
SET IMPLICIT_TRANSACTIONS OFF;
SET NOCOUNT ON;
UPDATE [LignesCommandes] SET [PU] = @p0, [Quantite] = @p1, [TauxReduc] = @p2
OUTPUT 1
WHERE [IdCommande] = @p3 AND [IdProduit] = @p4;
2025-01-23 15:10:23.436 -05:00 [INF] Executing StatusCodeResult, setting HTTP status code 204
2025-01-23 15:10:23.437 -05:00 [INF] Executed action ApiProjetVersion3.Controllers.EmployesController.PutLigneCommande (ApiProjetVersion3) in 18.9127ms
2025-01-23 15:10:23.439 -05:00 [INF] Executed endpoint 'ApiProjetVersion3.Controllers.EmployesController.PutLigneCommande (ApiProjetVersion3)'
2025-01-23 15:10:23.440 -05:00 [INF] Request finished HTTP/2 PUT https://localhost:7195/api/Employes/1676/Lignes - 204 null null 30.6056ms
2025-01-23 19:12:31.386 -05:00 [INF] Now listening on: https://localhost:7195
2025-01-23 19:12:31.431 -05:00 [INF] Now listening on: http://localhost:5121
2025-01-23 19:12:31.436 -05:00 [INF] Application started. Press Ctrl+C to shut down.
2025-01-23 19:12:31.438 -05:00 [INF] Hosting environment: Development
2025-01-23 19:12:31.439 -05:00 [INF] Content root path: C:\Users\HP\Desktop\projet\asp.net.mvc6\CourrsWebApi3\Northwind3
2025-01-23 19:12:32.310 -05:00 [INF] Request starting HTTP/2 GET https://localhost:7195/swagger/index.html - null null
2025-01-23 19:12:32.662 -05:00 [INF] Request finished HTTP/2 GET https://localhost:7195/swagger/index.html - 200 null text/html;charset=utf-8 358.5493ms
2025-01-23 19:12:32.725 -05:00 [INF] Request starting HTTP/2 GET https://localhost:7195/_vs/browserLink - null null
2025-01-23 19:12:32.725 -05:00 [INF] Request starting HTTP/2 GET https://localhost:7195/_framework/aspnetcore-browser-refresh.js - null null
2025-01-23 19:12:32.745 -05:00 [INF] Request finished HTTP/2 GET https://localhost:7195/_framework/aspnetcore-browser-refresh.js - 200 13756 application/javascript; charset=utf-8 19.7163ms
2025-01-23 19:12:33.789 -05:00 [INF] Request finished HTTP/2 GET https://localhost:7195/_vs/browserLink - 200 null text/javascript; charset=UTF-8 1063.8995ms
2025-01-23 19:12:33.890 -05:00 [INF] Request starting HTTP/2 GET https://localhost:7195/swagger/v1/swagger.json - null null
2025-01-23 19:12:34.130 -05:00 [INF] Request finished HTTP/2 GET https://localhost:7195/swagger/v1/swagger.json - 200 null application/json;charset=utf-8 239.7312ms
2025-01-23 19:13:03.058 -05:00 [INF] Request starting HTTP/2 GET https://localhost:7195/swagger/index.html - null null
2025-01-23 19:13:03.090 -05:00 [INF] Request finished HTTP/2 GET https://localhost:7195/swagger/index.html - 200 null text/html;charset=utf-8 31.6577ms
2025-01-23 19:13:03.145 -05:00 [INF] Request starting HTTP/2 GET https://localhost:7195/_framework/aspnetcore-browser-refresh.js - null null
2025-01-23 19:13:03.146 -05:00 [INF] Request starting HTTP/2 GET https://localhost:7195/_vs/browserLink - null null
2025-01-23 19:13:03.152 -05:00 [INF] Request finished HTTP/2 GET https://localhost:7195/_framework/aspnetcore-browser-refresh.js - 200 13756 application/javascript; charset=utf-8 7.0639ms
2025-01-23 19:13:03.169 -05:00 [INF] Request finished HTTP/2 GET https://localhost:7195/_vs/browserLink - 200 null text/javascript; charset=UTF-8 22.9841ms
2025-01-23 19:13:03.227 -05:00 [INF] Request starting HTTP/2 GET https://localhost:7195/swagger/v1/swagger.json - null null
2025-01-23 19:13:03.326 -05:00 [INF] Request finished HTTP/2 GET https://localhost:7195/swagger/v1/swagger.json - 200 null application/json;charset=utf-8 98.6103ms
2025-01-23 19:19:11.136 -05:00 [INF] Request starting HTTP/2 PUT https://localhost:7195/api/Commandes - application/json 459
2025-01-23 19:19:11.153 -05:00 [INF] Executing endpoint 'ApiProjetVersion3.Controllers.EmployesController.PutLigneCommande (ApiProjetVersion3)'
2025-01-23 19:19:11.203 -05:00 [INF] Route matched with {action = "PutLigneCommande", controller = "Employes"}. Executing controller action with signature System.Threading.Tasks.Task`1[Microsoft.AspNetCore.Mvc.IActionResult] PutLigneCommande(ApiProjetVersion3.Entities.Commande) on controller ApiProjetVersion3.Controllers.EmployesController (ApiProjetVersion3).
2025-01-23 19:19:12.021 -05:00 [WRN] Sensitive data logging is enabled. Log entries and exception messages may include sensitive application data; this mode should only be enabled during development.
2025-01-23 19:19:12.985 -05:00 [INF] Executed DbCommand (66ms) [Parameters=[@p8='0', @p0='2023-10-10T00:00:00.0000000', @p1='2023-11-07T00:00:00.0000000' (Nullable = true), @p2='2023-10-14T00:00:00.0000000' (Nullable = true), @p3='10.00' (Nullable = true) (Precision = 6) (Scale = 2), @p4='30c0a9ca-c893-43a0-acd8-462ad99d9777', @p5='Ngola8' (Nullable = false) (Size = 20) (DbType = AnsiString), @p6='8', @p7='1', @p12='0', @p13='16', @p9='15.40' (Precision = 8) (Scale = 2), @p10='2', @p11='0.25', @p17='0', @p18='77', @p14='10.00' (Precision = 8) (Scale = 2), @p15='1', @p16='0.2'], CommandType='"Text"', CommandTimeout='30']
SET NOCOUNT ON;
UPDATE [Commandes] SET [DateCommande] = @p0, [DateLivMaxi] = @p1, [DateLivraison] = @p2, [FraisLivraison] = @p3, [IdAdresse] = @p4, [IdClient] = @p5, [IdEmploye] = @p6, [IdLivreur] = @p7
OUTPUT 1
WHERE [Id] = @p8;
UPDATE [LignesCommandes] SET [PU] = @p9, [Quantite] = @p10, [TauxReduc] = @p11
OUTPUT 1
WHERE [IdCommande] = @p12 AND [IdProduit] = @p13;
UPDATE [LignesCommandes] SET [PU] = @p14, [Quantite] = @p15, [TauxReduc] = @p16
OUTPUT 1
WHERE [IdCommande] = @p17 AND [IdProduit] = @p18;
2025-01-23 19:19:13.034 -05:00 [INF] Executing ObjectResult, writing value of type 'Microsoft.AspNetCore.Mvc.ProblemDetails'.
2025-01-23 19:19:13.062 -05:00 [INF] Executed action ApiProjetVersion3.Controllers.EmployesController.PutLigneCommande (ApiProjetVersion3) in 1852.2392ms
2025-01-23 19:19:13.064 -05:00 [INF] Executed endpoint 'ApiProjetVersion3.Controllers.EmployesController.PutLigneCommande (ApiProjetVersion3)'
2025-01-23 19:19:13.073 -05:00 [INF] Request finished HTTP/2 PUT https://localhost:7195/api/Commandes - 404 null application/problem+json; charset=utf-8 1936.7406ms
2025-01-23 19:20:29.978 -05:00 [INF] Request starting HTTP/2 PUT https://localhost:7195/api/Commandes - application/json 459
2025-01-23 19:20:29.984 -05:00 [INF] Executing endpoint 'ApiProjetVersion3.Controllers.EmployesController.PutLigneCommande (ApiProjetVersion3)'
2025-01-23 19:20:29.986 -05:00 [INF] Route matched with {action = "PutLigneCommande", controller = "Employes"}. Executing controller action with signature System.Threading.Tasks.Task`1[Microsoft.AspNetCore.Mvc.IActionResult] PutLigneCommande(ApiProjetVersion3.Entities.Commande) on controller ApiProjetVersion3.Controllers.EmployesController (ApiProjetVersion3).
2025-01-23 19:20:30.083 -05:00 [INF] Executed DbCommand (12ms) [Parameters=[@p8='0', @p0='2023-10-10T00:00:00.0000000', @p1='2023-11-07T00:00:00.0000000' (Nullable = true), @p2='2023-10-14T00:00:00.0000000' (Nullable = true), @p3='10.00' (Nullable = true) (Precision = 6) (Scale = 2), @p4='30c0a9ca-c893-43a0-acd8-462ad99d9777', @p5='Ngola8' (Nullable = false) (Size = 20) (DbType = AnsiString), @p6='8', @p7='9', @p12='0', @p13='16', @p9='15.40' (Precision = 8) (Scale = 2), @p10='2', @p11='0.25', @p17='0', @p18='77', @p14='10.00' (Precision = 8) (Scale = 2), @p15='1', @p16='0.2'], CommandType='"Text"', CommandTimeout='30']
SET NOCOUNT ON;
UPDATE [Commandes] SET [DateCommande] = @p0, [DateLivMaxi] = @p1, [DateLivraison] = @p2, [FraisLivraison] = @p3, [IdAdresse] = @p4, [IdClient] = @p5, [IdEmploye] = @p6, [IdLivreur] = @p7
OUTPUT 1
WHERE [Id] = @p8;
UPDATE [LignesCommandes] SET [PU] = @p9, [Quantite] = @p10, [TauxReduc] = @p11
OUTPUT 1
WHERE [IdCommande] = @p12 AND [IdProduit] = @p13;
UPDATE [LignesCommandes] SET [PU] = @p14, [Quantite] = @p15, [TauxReduc] = @p16
OUTPUT 1
WHERE [IdCommande] = @p17 AND [IdProduit] = @p18;
2025-01-23 19:20:30.090 -05:00 [INF] Executing ObjectResult, writing value of type 'Microsoft.AspNetCore.Mvc.ProblemDetails'.
2025-01-23 19:20:30.092 -05:00 [INF] Executed action ApiProjetVersion3.Controllers.EmployesController.PutLigneCommande (ApiProjetVersion3) in 101.6407ms
2025-01-23 19:20:30.093 -05:00 [INF] Executed endpoint 'ApiProjetVersion3.Controllers.EmployesController.PutLigneCommande (ApiProjetVersion3)'
2025-01-23 19:20:30.095 -05:00 [INF] Request finished HTTP/2 PUT https://localhost:7195/api/Commandes - 404 null application/problem+json; charset=utf-8 116.8176ms
2025-01-23 19:23:19.667 -05:00 [INF] Request starting HTTP/2 PUT https://localhost:7195/api/Commandes - application/json 473
2025-01-23 19:23:19.672 -05:00 [INF] Executing endpoint 'ApiProjetVersion3.Controllers.EmployesController.PutLigneCommande (ApiProjetVersion3)'
2025-01-23 19:23:19.673 -05:00 [INF] Route matched with {action = "PutLigneCommande", controller = "Employes"}. Executing controller action with signature System.Threading.Tasks.Task`1[Microsoft.AspNetCore.Mvc.IActionResult] PutLigneCommande(ApiProjetVersion3.Entities.Commande) on controller ApiProjetVersion3.Controllers.EmployesController (ApiProjetVersion3).
2025-01-23 19:23:19.703 -05:00 [INF] Executed action ApiProjetVersion3.Controllers.EmployesController.PutLigneCommande (ApiProjetVersion3) in 27.3186ms
2025-01-23 19:23:19.706 -05:00 [INF] Executed endpoint 'ApiProjetVersion3.Controllers.EmployesController.PutLigneCommande (ApiProjetVersion3)'
2025-01-23 19:23:19.710 -05:00 [ERR] An unhandled exception has occurred while executing the request.
System.InvalidOperationException: The property 'LigneCommande.IdCommande' is part of a key and so cannot be modified or marked as modified. To change the principal of an existing entity with an identifying foreign key, first delete the dependent and invoke 'SaveChanges', and then associate the dependent with the new principal.
   at ApiProjetVersion3.Controllers.ControllerBasecs.CustomResponseForError(ControllerBase controller, Exception ex)
   at ApiProjetVersion3.Controllers.EmployesController.PutLigneCommande(Commande cmd)
   at Microsoft.AspNetCore.Mvc.Infrastructure.ActionMethodExecutor.TaskOfIActionResultExecutor.Execute(ActionContext actionContext, IActionResultTypeMapper mapper, ObjectMethodExecutor executor, Object controller, Object[] arguments)
   at Microsoft.AspNetCore.Mvc.Infrastructure.ControllerActionInvoker.<InvokeActionMethodAsync>g__Awaited|12_0(ControllerActionInvoker invoker, ValueTask`1 actionResultValueTask)
   at Microsoft.AspNetCore.Mvc.Infrastructure.ControllerActionInvoker.<InvokeNextActionFilterAsync>g__Awaited|10_0(ControllerActionInvoker invoker, Task lastTask, State next, Scope scope, Object state, Boolean isCompleted)
   at Microsoft.AspNetCore.Mvc.Infrastructure.ControllerActionInvoker.Rethrow(ActionExecutedContextSealed context)
   at Microsoft.AspNetCore.Mvc.Infrastructure.ControllerActionInvoker.Next(State& next, Scope& scope, Object& state, Boolean& isCompleted)
   at Microsoft.AspNetCore.Mvc.Infrastructure.ControllerActionInvoker.InvokeInnerFilterAsync()
--- End of stack trace from previous location ---
   at Microsoft.AspNetCore.Mvc.Infrastructure.ResourceInvoker.<InvokeFilterPipelineAsync>g__Awaited|20_0(ResourceInvoker invoker, Task lastTask, State next, Scope scope, Object state, Boolean isCompleted)
   at Microsoft.AspNetCore.Mvc.Infrastructure.ResourceInvoker.<InvokeAsync>g__Logged|17_1(ResourceInvoker invoker)
   at Microsoft.AspNetCore.Mvc.Infrastructure.ResourceInvoker.<InvokeAsync>g__Logged|17_1(ResourceInvoker invoker)
   at Microsoft.AspNetCore.Routing.EndpointMiddleware.<Invoke>g__AwaitRequestTask|7_0(Endpoint endpoint, Task requestTask, ILogger logger)
   at Microsoft.AspNetCore.Authorization.AuthorizationMiddleware.Invoke(HttpContext context)
   at Swashbuckle.AspNetCore.SwaggerUI.SwaggerUIMiddleware.Invoke(HttpContext httpContext)
   at Swashbuckle.AspNetCore.Swagger.SwaggerMiddleware.Invoke(HttpContext httpContext, ISwaggerProvider swaggerProvider)
   at Microsoft.AspNetCore.Authentication.AuthenticationMiddleware.Invoke(HttpContext context)
   at Microsoft.AspNetCore.Diagnostics.DeveloperExceptionPageMiddlewareImpl.Invoke(HttpContext context)
2025-01-23 19:23:19.742 -05:00 [INF] Request finished HTTP/2 PUT https://localhost:7195/api/Commandes - 500 null text/plain; charset=utf-8 75.127ms
2025-01-23 19:23:50.645 -05:00 [INF] Request starting HTTP/2 PUT https://localhost:7195/api/Commandes - application/json 460
2025-01-23 19:23:50.650 -05:00 [INF] Executing endpoint 'ApiProjetVersion3.Controllers.EmployesController.PutLigneCommande (ApiProjetVersion3)'
2025-01-23 19:23:50.659 -05:00 [INF] Route matched with {action = "PutLigneCommande", controller = "Employes"}. Executing controller action with signature System.Threading.Tasks.Task`1[Microsoft.AspNetCore.Mvc.IActionResult] PutLigneCommande(ApiProjetVersion3.Entities.Commande) on controller ApiProjetVersion3.Controllers.EmployesController (ApiProjetVersion3).
2025-01-23 19:23:50.685 -05:00 [INF] Executed DbCommand (15ms) [Parameters=[@p8='0', @p0='2023-10-10T00:00:00.0000000', @p1='2023-11-07T00:00:00.0000000' (Nullable = true), @p2='2023-10-14T00:00:00.0000000' (Nullable = true), @p3='10.00' (Nullable = true) (Precision = 6) (Scale = 2), @p4='30c0a9ca-c893-43a0-acd8-462ad99d9777', @p5='Ngola8' (Nullable = false) (Size = 20) (DbType = AnsiString), @p6='8', @p7='9', @p12='0', @p13='16', @p9='15.40' (Precision = 8) (Scale = 2), @p10='2', @p11='0.25', @p17='0', @p18='77', @p14='10.00' (Precision = 8) (Scale = 2), @p15='1', @p16='0.35'], CommandType='"Text"', CommandTimeout='30']
SET NOCOUNT ON;
UPDATE [Commandes] SET [DateCommande] = @p0, [DateLivMaxi] = @p1, [DateLivraison] = @p2, [FraisLivraison] = @p3, [IdAdresse] = @p4, [IdClient] = @p5, [IdEmploye] = @p6, [IdLivreur] = @p7
OUTPUT 1
WHERE [Id] = @p8;
UPDATE [LignesCommandes] SET [PU] = @p9, [Quantite] = @p10, [TauxReduc] = @p11
OUTPUT 1
WHERE [IdCommande] = @p12 AND [IdProduit] = @p13;
UPDATE [LignesCommandes] SET [PU] = @p14, [Quantite] = @p15, [TauxReduc] = @p16
OUTPUT 1
WHERE [IdCommande] = @p17 AND [IdProduit] = @p18;
2025-01-23 19:23:50.692 -05:00 [INF] Executing ObjectResult, writing value of type 'Microsoft.AspNetCore.Mvc.ProblemDetails'.
2025-01-23 19:23:50.694 -05:00 [INF] Executed action ApiProjetVersion3.Controllers.EmployesController.PutLigneCommande (ApiProjetVersion3) in 30.6688ms
2025-01-23 19:23:50.697 -05:00 [INF] Executed endpoint 'ApiProjetVersion3.Controllers.EmployesController.PutLigneCommande (ApiProjetVersion3)'
2025-01-23 19:23:50.700 -05:00 [INF] Request finished HTTP/2 PUT https://localhost:7195/api/Commandes - 404 null application/problem+json; charset=utf-8 55.0214ms
2025-01-23 19:24:27.016 -05:00 [INF] Request starting HTTP/2 PUT https://localhost:7195/api/Commandes - application/json 598
2025-01-23 19:24:27.021 -05:00 [INF] Executing endpoint 'ApiProjetVersion3.Controllers.EmployesController.PutLigneCommande (ApiProjetVersion3)'
2025-01-23 19:24:27.024 -05:00 [INF] Route matched with {action = "PutLigneCommande", controller = "Employes"}. Executing controller action with signature System.Threading.Tasks.Task`1[Microsoft.AspNetCore.Mvc.IActionResult] PutLigneCommande(ApiProjetVersion3.Entities.Commande) on controller ApiProjetVersion3.Controllers.EmployesController (ApiProjetVersion3).
2025-01-23 19:24:27.047 -05:00 [INF] Executed DbCommand (14ms) [Parameters=[@p8='0', @p0='2023-11-15T00:00:00.0000000', @p1='2023-11-25T00:00:00.0000000' (Nullable = true), @p2='2023-11-20T00:00:00.0000000' (Nullable = true), @p3='10.00' (Nullable = true) (Precision = 6) (Scale = 2), @p4='0cac718e-bd21-4403-b155-4f994cea9ccc', @p5='BOLID' (Nullable = false) (Size = 20) (DbType = AnsiString), @p6='5', @p7='1', @p12='0', @p13='74', @p9='10' (Precision = 8) (Scale = 2), @p10='1', @p11='0', @p17='0', @p18='75', @p14='7.75' (Precision = 8) (Scale = 2), @p15='2', @p16='0.3', @p22='0', @p23='76', @p19='18.00' (Precision = 8) (Scale = 2), @p20='1', @p21='0'], CommandType='"Text"', CommandTimeout='30']
SET NOCOUNT ON;
UPDATE [Commandes] SET [DateCommande] = @p0, [DateLivMaxi] = @p1, [DateLivraison] = @p2, [FraisLivraison] = @p3, [IdAdresse] = @p4, [IdClient] = @p5, [IdEmploye] = @p6, [IdLivreur] = @p7
OUTPUT 1
WHERE [Id] = @p8;
UPDATE [LignesCommandes] SET [PU] = @p9, [Quantite] = @p10, [TauxReduc] = @p11
OUTPUT 1
WHERE [IdCommande] = @p12 AND [IdProduit] = @p13;
UPDATE [LignesCommandes] SET [PU] = @p14, [Quantite] = @p15, [TauxReduc] = @p16
OUTPUT 1
WHERE [IdCommande] = @p17 AND [IdProduit] = @p18;
UPDATE [LignesCommandes] SET [PU] = @p19, [Quantite] = @p20, [TauxReduc] = @p21
OUTPUT 1
WHERE [IdCommande] = @p22 AND [IdProduit] = @p23;
2025-01-23 19:24:27.051 -05:00 [INF] Executing ObjectResult, writing value of type 'Microsoft.AspNetCore.Mvc.ProblemDetails'.
2025-01-23 19:24:27.053 -05:00 [INF] Executed action ApiProjetVersion3.Controllers.EmployesController.PutLigneCommande (ApiProjetVersion3) in 24.9629ms
2025-01-23 19:24:27.055 -05:00 [INF] Executed endpoint 'ApiProjetVersion3.Controllers.EmployesController.PutLigneCommande (ApiProjetVersion3)'
2025-01-23 19:24:27.058 -05:00 [INF] Request finished HTTP/2 PUT https://localhost:7195/api/Commandes - 404 null application/problem+json; charset=utf-8 41.874ms
2025-01-23 19:26:38.051 -05:00 [INF] Request starting HTTP/2 PUT https://localhost:7195/api/Commandes - application/json 461
2025-01-23 19:26:38.057 -05:00 [INF] Executing endpoint 'ApiProjetVersion3.Controllers.EmployesController.PutLigneCommande (ApiProjetVersion3)'
2025-01-23 19:26:38.059 -05:00 [INF] Route matched with {action = "PutLigneCommande", controller = "Employes"}. Executing controller action with signature System.Threading.Tasks.Task`1[Microsoft.AspNetCore.Mvc.IActionResult] PutLigneCommande(ApiProjetVersion3.Entities.Commande) on controller ApiProjetVersion3.Controllers.EmployesController (ApiProjetVersion3).
2025-01-23 19:26:38.079 -05:00 [INF] Executed DbCommand (14ms) [Parameters=[@p8='0', @p0='2023-10-10T00:00:00.0000000', @p1='2023-11-07T00:00:00.0000000' (Nullable = true), @p2='2023-10-14T00:00:00.0000000' (Nullable = true), @p3='10.00' (Nullable = true) (Precision = 6) (Scale = 2), @p4='30c0a9ca-c893-43a0-acd8-462ad99d9777', @p5='Ngola8' (Nullable = false) (Size = 20) (DbType = AnsiString), @p6='8', @p7='9', @p12='0', @p13='16', @p9='15.40' (Precision = 8) (Scale = 2), @p10='2', @p11='0.25', @p17='0', @p18='77', @p14='30.00' (Precision = 8) (Scale = 2), @p15='3', @p16='0.45'], CommandType='"Text"', CommandTimeout='30']
SET NOCOUNT ON;
UPDATE [Commandes] SET [DateCommande] = @p0, [DateLivMaxi] = @p1, [DateLivraison] = @p2, [FraisLivraison] = @p3, [IdAdresse] = @p4, [IdClient] = @p5, [IdEmploye] = @p6, [IdLivreur] = @p7
OUTPUT 1
WHERE [Id] = @p8;
UPDATE [LignesCommandes] SET [PU] = @p9, [Quantite] = @p10, [TauxReduc] = @p11
OUTPUT 1
WHERE [IdCommande] = @p12 AND [IdProduit] = @p13;
UPDATE [LignesCommandes] SET [PU] = @p14, [Quantite] = @p15, [TauxReduc] = @p16
OUTPUT 1
WHERE [IdCommande] = @p17 AND [IdProduit] = @p18;
2025-01-23 19:26:38.084 -05:00 [INF] Executing ObjectResult, writing value of type 'Microsoft.AspNetCore.Mvc.ProblemDetails'.
2025-01-23 19:26:38.086 -05:00 [INF] Executed action ApiProjetVersion3.Controllers.EmployesController.PutLigneCommande (ApiProjetVersion3) in 24.3006ms
2025-01-23 19:26:38.087 -05:00 [INF] Executed endpoint 'ApiProjetVersion3.Controllers.EmployesController.PutLigneCommande (ApiProjetVersion3)'
2025-01-23 19:26:38.091 -05:00 [INF] Request finished HTTP/2 PUT https://localhost:7195/api/Commandes - 404 null application/problem+json; charset=utf-8 39.4588ms
2025-01-23 19:33:33.186 -05:00 [INF] Request starting HTTP/2 PUT https://localhost:7195/api/Commandes - application/json 461
2025-01-23 19:33:33.190 -05:00 [INF] Executing endpoint 'ApiProjetVersion3.Controllers.EmployesController.PutLigneCommande (ApiProjetVersion3)'
2025-01-23 19:33:33.192 -05:00 [INF] Route matched with {action = "PutLigneCommande", controller = "Employes"}. Executing controller action with signature System.Threading.Tasks.Task`1[Microsoft.AspNetCore.Mvc.IActionResult] PutLigneCommande(ApiProjetVersion3.Entities.Commande) on controller ApiProjetVersion3.Controllers.EmployesController (ApiProjetVersion3).
2025-01-23 19:33:33.225 -05:00 [INF] Executed DbCommand (16ms) [Parameters=[@p8='0', @p0='2023-10-10T00:00:00.0000000', @p1='2023-11-07T00:00:00.0000000' (Nullable = true), @p2='2023-10-14T00:00:00.0000000' (Nullable = true), @p3='10.00' (Nullable = true) (Precision = 6) (Scale = 2), @p4='30c0a9ca-c893-43a0-acd8-462ad99d9777', @p5='Ngola8' (Nullable = false) (Size = 20) (DbType = AnsiString), @p6='8', @p7='9', @p12='0', @p13='16', @p9='15.40' (Precision = 8) (Scale = 2), @p10='2', @p11='0.25', @p17='0', @p18='77', @p14='30.00' (Precision = 8) (Scale = 2), @p15='3', @p16='0.45'], CommandType='"Text"', CommandTimeout='30']
SET NOCOUNT ON;
UPDATE [Commandes] SET [DateCommande] = @p0, [DateLivMaxi] = @p1, [DateLivraison] = @p2, [FraisLivraison] = @p3, [IdAdresse] = @p4, [IdClient] = @p5, [IdEmploye] = @p6, [IdLivreur] = @p7
OUTPUT 1
WHERE [Id] = @p8;
UPDATE [LignesCommandes] SET [PU] = @p9, [Quantite] = @p10, [TauxReduc] = @p11
OUTPUT 1
WHERE [IdCommande] = @p12 AND [IdProduit] = @p13;
UPDATE [LignesCommandes] SET [PU] = @p14, [Quantite] = @p15, [TauxReduc] = @p16
OUTPUT 1
WHERE [IdCommande] = @p17 AND [IdProduit] = @p18;
2025-01-23 19:33:33.232 -05:00 [INF] Executing ObjectResult, writing value of type 'Microsoft.AspNetCore.Mvc.ProblemDetails'.
2025-01-23 19:33:33.236 -05:00 [INF] Executed action ApiProjetVersion3.Controllers.EmployesController.PutLigneCommande (ApiProjetVersion3) in 40.4893ms
2025-01-23 19:33:33.237 -05:00 [INF] Executed endpoint 'ApiProjetVersion3.Controllers.EmployesController.PutLigneCommande (ApiProjetVersion3)'
2025-01-23 19:33:33.238 -05:00 [INF] Request finished HTTP/2 PUT https://localhost:7195/api/Commandes - 404 null application/problem+json; charset=utf-8 51.9733ms
2025-01-23 19:35:18.334 -05:00 [INF] Request starting HTTP/2 PUT https://localhost:7195/api/Commandes - application/json 461
2025-01-23 19:35:18.339 -05:00 [INF] Executing endpoint 'ApiProjetVersion3.Controllers.EmployesController.PutLigneCommande (ApiProjetVersion3)'
2025-01-23 19:35:18.340 -05:00 [INF] Route matched with {action = "PutLigneCommande", controller = "Employes"}. Executing controller action with signature System.Threading.Tasks.Task`1[Microsoft.AspNetCore.Mvc.IActionResult] PutLigneCommande(ApiProjetVersion3.Entities.Commande) on controller ApiProjetVersion3.Controllers.EmployesController (ApiProjetVersion3).
2025-01-23 19:35:18.368 -05:00 [INF] Executed DbCommand (21ms) [Parameters=[@p8='0', @p0='2023-10-10T00:00:00.0000000', @p1='2023-11-07T00:00:00.0000000' (Nullable = true), @p2='2023-10-14T00:00:00.0000000' (Nullable = true), @p3='10.00' (Nullable = true) (Precision = 6) (Scale = 2), @p4='0cac718e-bd21-4403-b155-4f994cea9ccc', @p5='Ngola8' (Nullable = false) (Size = 20) (DbType = AnsiString), @p6='8', @p7='9', @p12='0', @p13='16', @p9='15.40' (Precision = 8) (Scale = 2), @p10='2', @p11='0.25', @p17='0', @p18='77', @p14='30.00' (Precision = 8) (Scale = 2), @p15='3', @p16='0.45'], CommandType='"Text"', CommandTimeout='30']
SET NOCOUNT ON;
UPDATE [Commandes] SET [DateCommande] = @p0, [DateLivMaxi] = @p1, [DateLivraison] = @p2, [FraisLivraison] = @p3, [IdAdresse] = @p4, [IdClient] = @p5, [IdEmploye] = @p6, [IdLivreur] = @p7
OUTPUT 1
WHERE [Id] = @p8;
UPDATE [LignesCommandes] SET [PU] = @p9, [Quantite] = @p10, [TauxReduc] = @p11
OUTPUT 1
WHERE [IdCommande] = @p12 AND [IdProduit] = @p13;
UPDATE [LignesCommandes] SET [PU] = @p14, [Quantite] = @p15, [TauxReduc] = @p16
OUTPUT 1
WHERE [IdCommande] = @p17 AND [IdProduit] = @p18;
2025-01-23 19:35:18.373 -05:00 [INF] Executing ObjectResult, writing value of type 'Microsoft.AspNetCore.Mvc.ProblemDetails'.
2025-01-23 19:35:18.376 -05:00 [INF] Executed action ApiProjetVersion3.Controllers.EmployesController.PutLigneCommande (ApiProjetVersion3) in 33.6143ms
2025-01-23 19:35:18.378 -05:00 [INF] Executed endpoint 'ApiProjetVersion3.Controllers.EmployesController.PutLigneCommande (ApiProjetVersion3)'
2025-01-23 19:35:18.379 -05:00 [INF] Request finished HTTP/2 PUT https://localhost:7195/api/Commandes - 404 null application/problem+json; charset=utf-8 44.8813ms
2025-01-23 19:40:58.001 -05:00 [INF] Request starting HTTP/2 GET https://localhost:7195/swagger/index.html - null null
2025-01-23 19:40:58.040 -05:00 [INF] Request finished HTTP/2 GET https://localhost:7195/swagger/index.html - 200 null text/html;charset=utf-8 38.8523ms
2025-01-23 19:40:58.098 -05:00 [INF] Request starting HTTP/2 GET https://localhost:7195/_vs/browserLink - null null
2025-01-23 19:40:58.098 -05:00 [INF] Request starting HTTP/2 GET https://localhost:7195/_framework/aspnetcore-browser-refresh.js - null null
2025-01-23 19:40:58.115 -05:00 [INF] Request finished HTTP/2 GET https://localhost:7195/_framework/aspnetcore-browser-refresh.js - 200 13756 application/javascript; charset=utf-8 15.3088ms
2025-01-23 19:40:58.126 -05:00 [INF] Request finished HTTP/2 GET https://localhost:7195/_vs/browserLink - 200 null text/javascript; charset=UTF-8 27.3649ms
2025-01-23 19:40:58.513 -05:00 [INF] Request starting HTTP/2 GET https://localhost:7195/swagger/v1/swagger.json - null null
2025-01-23 19:40:58.577 -05:00 [INF] Request finished HTTP/2 GET https://localhost:7195/swagger/v1/swagger.json - 200 null application/json;charset=utf-8 64.161ms
2025-01-23 19:41:35.092 -05:00 [INF] Request starting HTTP/2 GET https://localhost:7195/swagger/index.html - null null
2025-01-23 19:41:35.110 -05:00 [INF] Request finished HTTP/2 GET https://localhost:7195/swagger/index.html - 200 null text/html;charset=utf-8 17.8468ms
2025-01-23 19:41:35.143 -05:00 [INF] Request starting HTTP/2 GET https://localhost:7195/_framework/aspnetcore-browser-refresh.js - null null
2025-01-23 19:41:35.143 -05:00 [INF] Request starting HTTP/2 GET https://localhost:7195/_vs/browserLink - null null
2025-01-23 19:41:35.146 -05:00 [INF] Request finished HTTP/2 GET https://localhost:7195/_framework/aspnetcore-browser-refresh.js - 200 13756 application/javascript; charset=utf-8 3.4269ms
2025-01-23 19:41:35.161 -05:00 [INF] Request finished HTTP/2 GET https://localhost:7195/_vs/browserLink - 200 null text/javascript; charset=UTF-8 17.5579ms
2025-01-23 19:41:35.338 -05:00 [INF] Request starting HTTP/2 GET https://localhost:7195/swagger/v1/swagger.json - null null
2025-01-23 19:41:35.378 -05:00 [INF] Request finished HTTP/2 GET https://localhost:7195/swagger/v1/swagger.json - 200 null application/json;charset=utf-8 40.0871ms
